<?xml version="1.0" encoding="UTF-8"?>
<coverage generated="1690395118387" clover="3.2.0">
  <project timestamp="1690395118387" name="All files">
    <metrics statements="1119" coveredstatements="325" conditionals="7" coveredconditionals="3" methods="279" coveredmethods="15" elements="1405" coveredelements="343" complexity="0" loc="1119" ncloc="1119" packages="1" files="2" classes="2"/>
    <file name="getters.ts" path="/Users/kc/Desktop/Code/node-osquery/src/getters.ts">
      <metrics statements="1101" coveredstatements="312" conditionals="0" coveredconditionals="0" methods="275" coveredmethods="12"/>
      <line num="1" count="12" type="stmt"/>
      <line num="286" count="12" type="stmt"/>
      <line num="287" count="2" type="stmt"/>
      <line num="292" count="1" type="stmt"/>
      <line num="293" count="1" type="stmt"/>
      <line num="301" count="12" type="stmt"/>
      <line num="302" count="2" type="stmt"/>
      <line num="307" count="1" type="stmt"/>
      <line num="308" count="1" type="stmt"/>
      <line num="316" count="12" type="stmt"/>
      <line num="319" count="2" type="stmt"/>
      <line num="324" count="1" type="stmt"/>
      <line num="325" count="1" type="stmt"/>
      <line num="333" count="12" type="stmt"/>
      <line num="334" count="2" type="stmt"/>
      <line num="339" count="1" type="stmt"/>
      <line num="340" count="1" type="stmt"/>
      <line num="348" count="12" type="stmt"/>
      <line num="349" count="2" type="stmt"/>
      <line num="354" count="1" type="stmt"/>
      <line num="355" count="1" type="stmt"/>
      <line num="363" count="12" type="stmt"/>
      <line num="364" count="2" type="stmt"/>
      <line num="369" count="1" type="stmt"/>
      <line num="370" count="1" type="stmt"/>
      <line num="378" count="12" type="stmt"/>
      <line num="379" count="2" type="stmt"/>
      <line num="384" count="1" type="stmt"/>
      <line num="385" count="1" type="stmt"/>
      <line num="393" count="12" type="stmt"/>
      <line num="396" count="2" type="stmt"/>
      <line num="401" count="1" type="stmt"/>
      <line num="402" count="1" type="stmt"/>
      <line num="410" count="12" type="stmt"/>
      <line num="411" count="2" type="stmt"/>
      <line num="416" count="1" type="stmt"/>
      <line num="417" count="1" type="stmt"/>
      <line num="425" count="12" type="stmt"/>
      <line num="426" count="2" type="stmt"/>
      <line num="431" count="1" type="stmt"/>
      <line num="432" count="1" type="stmt"/>
      <line num="440" count="12" type="stmt"/>
      <line num="441" count="2" type="stmt"/>
      <line num="446" count="1" type="stmt"/>
      <line num="447" count="1" type="stmt"/>
      <line num="455" count="12" type="stmt"/>
      <line num="456" count="2" type="stmt"/>
      <line num="461" count="1" type="stmt"/>
      <line num="462" count="1" type="stmt"/>
      <line num="470" count="12" type="stmt"/>
      <line num="471" count="0" type="stmt"/>
      <line num="476" count="0" type="stmt"/>
      <line num="477" count="0" type="stmt"/>
      <line num="485" count="12" type="stmt"/>
      <line num="486" count="0" type="stmt"/>
      <line num="491" count="0" type="stmt"/>
      <line num="492" count="0" type="stmt"/>
      <line num="500" count="12" type="stmt"/>
      <line num="501" count="0" type="stmt"/>
      <line num="506" count="0" type="stmt"/>
      <line num="507" count="0" type="stmt"/>
      <line num="515" count="12" type="stmt"/>
      <line num="516" count="0" type="stmt"/>
      <line num="521" count="0" type="stmt"/>
      <line num="522" count="0" type="stmt"/>
      <line num="530" count="12" type="stmt"/>
      <line num="531" count="0" type="stmt"/>
      <line num="536" count="0" type="stmt"/>
      <line num="537" count="0" type="stmt"/>
      <line num="545" count="12" type="stmt"/>
      <line num="546" count="0" type="stmt"/>
      <line num="551" count="0" type="stmt"/>
      <line num="552" count="0" type="stmt"/>
      <line num="560" count="12" type="stmt"/>
      <line num="561" count="0" type="stmt"/>
      <line num="566" count="0" type="stmt"/>
      <line num="567" count="0" type="stmt"/>
      <line num="575" count="12" type="stmt"/>
      <line num="576" count="0" type="stmt"/>
      <line num="581" count="0" type="stmt"/>
      <line num="582" count="0" type="stmt"/>
      <line num="590" count="12" type="stmt"/>
      <line num="591" count="0" type="stmt"/>
      <line num="596" count="0" type="stmt"/>
      <line num="597" count="0" type="stmt"/>
      <line num="605" count="12" type="stmt"/>
      <line num="606" count="0" type="stmt"/>
      <line num="611" count="0" type="stmt"/>
      <line num="612" count="0" type="stmt"/>
      <line num="620" count="12" type="stmt"/>
      <line num="621" count="0" type="stmt"/>
      <line num="626" count="0" type="stmt"/>
      <line num="627" count="0" type="stmt"/>
      <line num="635" count="12" type="stmt"/>
      <line num="636" count="0" type="stmt"/>
      <line num="641" count="0" type="stmt"/>
      <line num="642" count="0" type="stmt"/>
      <line num="650" count="12" type="stmt"/>
      <line num="651" count="0" type="stmt"/>
      <line num="656" count="0" type="stmt"/>
      <line num="657" count="0" type="stmt"/>
      <line num="665" count="12" type="stmt"/>
      <line num="666" count="0" type="stmt"/>
      <line num="671" count="0" type="stmt"/>
      <line num="672" count="0" type="stmt"/>
      <line num="680" count="12" type="stmt"/>
      <line num="681" count="0" type="stmt"/>
      <line num="686" count="0" type="stmt"/>
      <line num="687" count="0" type="stmt"/>
      <line num="695" count="12" type="stmt"/>
      <line num="696" count="0" type="stmt"/>
      <line num="701" count="0" type="stmt"/>
      <line num="702" count="0" type="stmt"/>
      <line num="710" count="12" type="stmt"/>
      <line num="711" count="0" type="stmt"/>
      <line num="716" count="0" type="stmt"/>
      <line num="717" count="0" type="stmt"/>
      <line num="725" count="12" type="stmt"/>
      <line num="726" count="0" type="stmt"/>
      <line num="731" count="0" type="stmt"/>
      <line num="732" count="0" type="stmt"/>
      <line num="740" count="12" type="stmt"/>
      <line num="741" count="0" type="stmt"/>
      <line num="746" count="0" type="stmt"/>
      <line num="747" count="0" type="stmt"/>
      <line num="755" count="12" type="stmt"/>
      <line num="756" count="0" type="stmt"/>
      <line num="761" count="0" type="stmt"/>
      <line num="762" count="0" type="stmt"/>
      <line num="770" count="12" type="stmt"/>
      <line num="771" count="0" type="stmt"/>
      <line num="776" count="0" type="stmt"/>
      <line num="777" count="0" type="stmt"/>
      <line num="785" count="12" type="stmt"/>
      <line num="786" count="0" type="stmt"/>
      <line num="791" count="0" type="stmt"/>
      <line num="792" count="0" type="stmt"/>
      <line num="800" count="12" type="stmt"/>
      <line num="801" count="0" type="stmt"/>
      <line num="806" count="0" type="stmt"/>
      <line num="807" count="0" type="stmt"/>
      <line num="815" count="12" type="stmt"/>
      <line num="816" count="0" type="stmt"/>
      <line num="821" count="0" type="stmt"/>
      <line num="822" count="0" type="stmt"/>
      <line num="830" count="12" type="stmt"/>
      <line num="831" count="0" type="stmt"/>
      <line num="836" count="0" type="stmt"/>
      <line num="837" count="0" type="stmt"/>
      <line num="845" count="12" type="stmt"/>
      <line num="846" count="0" type="stmt"/>
      <line num="851" count="0" type="stmt"/>
      <line num="852" count="0" type="stmt"/>
      <line num="860" count="12" type="stmt"/>
      <line num="861" count="0" type="stmt"/>
      <line num="866" count="0" type="stmt"/>
      <line num="867" count="0" type="stmt"/>
      <line num="875" count="12" type="stmt"/>
      <line num="876" count="0" type="stmt"/>
      <line num="881" count="0" type="stmt"/>
      <line num="882" count="0" type="stmt"/>
      <line num="890" count="12" type="stmt"/>
      <line num="891" count="0" type="stmt"/>
      <line num="896" count="0" type="stmt"/>
      <line num="897" count="0" type="stmt"/>
      <line num="905" count="12" type="stmt"/>
      <line num="906" count="0" type="stmt"/>
      <line num="911" count="0" type="stmt"/>
      <line num="912" count="0" type="stmt"/>
      <line num="920" count="12" type="stmt"/>
      <line num="921" count="0" type="stmt"/>
      <line num="926" count="0" type="stmt"/>
      <line num="927" count="0" type="stmt"/>
      <line num="935" count="12" type="stmt"/>
      <line num="936" count="0" type="stmt"/>
      <line num="941" count="0" type="stmt"/>
      <line num="942" count="0" type="stmt"/>
      <line num="950" count="12" type="stmt"/>
      <line num="951" count="0" type="stmt"/>
      <line num="956" count="0" type="stmt"/>
      <line num="957" count="0" type="stmt"/>
      <line num="965" count="12" type="stmt"/>
      <line num="966" count="0" type="stmt"/>
      <line num="971" count="0" type="stmt"/>
      <line num="972" count="0" type="stmt"/>
      <line num="980" count="12" type="stmt"/>
      <line num="981" count="0" type="stmt"/>
      <line num="986" count="0" type="stmt"/>
      <line num="987" count="0" type="stmt"/>
      <line num="995" count="12" type="stmt"/>
      <line num="996" count="0" type="stmt"/>
      <line num="1001" count="0" type="stmt"/>
      <line num="1002" count="0" type="stmt"/>
      <line num="1010" count="12" type="stmt"/>
      <line num="1011" count="0" type="stmt"/>
      <line num="1016" count="0" type="stmt"/>
      <line num="1017" count="0" type="stmt"/>
      <line num="1025" count="12" type="stmt"/>
      <line num="1026" count="0" type="stmt"/>
      <line num="1031" count="0" type="stmt"/>
      <line num="1032" count="0" type="stmt"/>
      <line num="1040" count="12" type="stmt"/>
      <line num="1041" count="0" type="stmt"/>
      <line num="1046" count="0" type="stmt"/>
      <line num="1047" count="0" type="stmt"/>
      <line num="1055" count="12" type="stmt"/>
      <line num="1056" count="0" type="stmt"/>
      <line num="1061" count="0" type="stmt"/>
      <line num="1062" count="0" type="stmt"/>
      <line num="1071" count="12" type="stmt"/>
      <line num="1072" count="0" type="stmt"/>
      <line num="1077" count="0" type="stmt"/>
      <line num="1078" count="0" type="stmt"/>
      <line num="1086" count="12" type="stmt"/>
      <line num="1087" count="0" type="stmt"/>
      <line num="1092" count="0" type="stmt"/>
      <line num="1093" count="0" type="stmt"/>
      <line num="1101" count="12" type="stmt"/>
      <line num="1104" count="0" type="stmt"/>
      <line num="1109" count="0" type="stmt"/>
      <line num="1110" count="0" type="stmt"/>
      <line num="1120" count="12" type="stmt"/>
      <line num="1121" count="0" type="stmt"/>
      <line num="1124" count="0" type="stmt"/>
      <line num="1125" count="0" type="stmt"/>
      <line num="1134" count="12" type="stmt"/>
      <line num="1135" count="0" type="stmt"/>
      <line num="1139" count="0" type="stmt"/>
      <line num="1140" count="0" type="stmt"/>
      <line num="1148" count="12" type="stmt"/>
      <line num="1149" count="0" type="stmt"/>
      <line num="1152" count="0" type="stmt"/>
      <line num="1153" count="0" type="stmt"/>
      <line num="1161" count="12" type="stmt"/>
      <line num="1164" count="0" type="stmt"/>
      <line num="1169" count="0" type="stmt"/>
      <line num="1170" count="0" type="stmt"/>
      <line num="1178" count="12" type="stmt"/>
      <line num="1179" count="0" type="stmt"/>
      <line num="1182" count="0" type="stmt"/>
      <line num="1183" count="0" type="stmt"/>
      <line num="1191" count="12" type="stmt"/>
      <line num="1192" count="0" type="stmt"/>
      <line num="1195" count="0" type="stmt"/>
      <line num="1196" count="0" type="stmt"/>
      <line num="1204" count="12" type="stmt"/>
      <line num="1205" count="0" type="stmt"/>
      <line num="1208" count="0" type="stmt"/>
      <line num="1209" count="0" type="stmt"/>
      <line num="1217" count="12" type="stmt"/>
      <line num="1218" count="0" type="stmt"/>
      <line num="1221" count="0" type="stmt"/>
      <line num="1222" count="0" type="stmt"/>
      <line num="1230" count="12" type="stmt"/>
      <line num="1231" count="0" type="stmt"/>
      <line num="1234" count="0" type="stmt"/>
      <line num="1235" count="0" type="stmt"/>
      <line num="1243" count="12" type="stmt"/>
      <line num="1244" count="0" type="stmt"/>
      <line num="1247" count="0" type="stmt"/>
      <line num="1248" count="0" type="stmt"/>
      <line num="1256" count="12" type="stmt"/>
      <line num="1257" count="0" type="stmt"/>
      <line num="1260" count="0" type="stmt"/>
      <line num="1261" count="0" type="stmt"/>
      <line num="1269" count="12" type="stmt"/>
      <line num="1270" count="0" type="stmt"/>
      <line num="1271" count="0" type="stmt"/>
      <line num="1272" count="0" type="stmt"/>
      <line num="1280" count="12" type="stmt"/>
      <line num="1281" count="0" type="stmt"/>
      <line num="1284" count="0" type="stmt"/>
      <line num="1285" count="0" type="stmt"/>
      <line num="1293" count="12" type="stmt"/>
      <line num="1294" count="0" type="stmt"/>
      <line num="1297" count="0" type="stmt"/>
      <line num="1298" count="0" type="stmt"/>
      <line num="1306" count="12" type="stmt"/>
      <line num="1307" count="0" type="stmt"/>
      <line num="1310" count="0" type="stmt"/>
      <line num="1311" count="0" type="stmt"/>
      <line num="1319" count="12" type="stmt"/>
      <line num="1320" count="0" type="stmt"/>
      <line num="1323" count="0" type="stmt"/>
      <line num="1324" count="0" type="stmt"/>
      <line num="1332" count="12" type="stmt"/>
      <line num="1333" count="0" type="stmt"/>
      <line num="1336" count="0" type="stmt"/>
      <line num="1337" count="0" type="stmt"/>
      <line num="1345" count="12" type="stmt"/>
      <line num="1346" count="0" type="stmt"/>
      <line num="1349" count="0" type="stmt"/>
      <line num="1350" count="0" type="stmt"/>
      <line num="1358" count="12" type="stmt"/>
      <line num="1359" count="0" type="stmt"/>
      <line num="1362" count="0" type="stmt"/>
      <line num="1363" count="0" type="stmt"/>
      <line num="1371" count="12" type="stmt"/>
      <line num="1372" count="0" type="stmt"/>
      <line num="1375" count="0" type="stmt"/>
      <line num="1376" count="0" type="stmt"/>
      <line num="1384" count="12" type="stmt"/>
      <line num="1385" count="0" type="stmt"/>
      <line num="1388" count="0" type="stmt"/>
      <line num="1389" count="0" type="stmt"/>
      <line num="1397" count="12" type="stmt"/>
      <line num="1398" count="0" type="stmt"/>
      <line num="1399" count="0" type="stmt"/>
      <line num="1400" count="0" type="stmt"/>
      <line num="1408" count="12" type="stmt"/>
      <line num="1411" count="0" type="stmt"/>
      <line num="1414" count="0" type="stmt"/>
      <line num="1415" count="0" type="stmt"/>
      <line num="1423" count="12" type="stmt"/>
      <line num="1424" count="0" type="stmt"/>
      <line num="1425" count="0" type="stmt"/>
      <line num="1426" count="0" type="stmt"/>
      <line num="1435" count="12" type="stmt"/>
      <line num="1436" count="0" type="stmt"/>
      <line num="1439" count="0" type="stmt"/>
      <line num="1440" count="0" type="stmt"/>
      <line num="1448" count="12" type="stmt"/>
      <line num="1449" count="0" type="stmt"/>
      <line num="1452" count="0" type="stmt"/>
      <line num="1453" count="0" type="stmt"/>
      <line num="1461" count="12" type="stmt"/>
      <line num="1462" count="0" type="stmt"/>
      <line num="1465" count="0" type="stmt"/>
      <line num="1466" count="0" type="stmt"/>
      <line num="1474" count="12" type="stmt"/>
      <line num="1475" count="0" type="stmt"/>
      <line num="1478" count="0" type="stmt"/>
      <line num="1479" count="0" type="stmt"/>
      <line num="1487" count="12" type="stmt"/>
      <line num="1488" count="0" type="stmt"/>
      <line num="1491" count="0" type="stmt"/>
      <line num="1492" count="0" type="stmt"/>
      <line num="1500" count="12" type="stmt"/>
      <line num="1501" count="0" type="stmt"/>
      <line num="1504" count="0" type="stmt"/>
      <line num="1505" count="0" type="stmt"/>
      <line num="1513" count="12" type="stmt"/>
      <line num="1514" count="0" type="stmt"/>
      <line num="1517" count="0" type="stmt"/>
      <line num="1518" count="0" type="stmt"/>
      <line num="1526" count="12" type="stmt"/>
      <line num="1527" count="0" type="stmt"/>
      <line num="1530" count="0" type="stmt"/>
      <line num="1531" count="0" type="stmt"/>
      <line num="1539" count="12" type="stmt"/>
      <line num="1540" count="0" type="stmt"/>
      <line num="1543" count="0" type="stmt"/>
      <line num="1544" count="0" type="stmt"/>
      <line num="1552" count="12" type="stmt"/>
      <line num="1553" count="0" type="stmt"/>
      <line num="1556" count="0" type="stmt"/>
      <line num="1557" count="0" type="stmt"/>
      <line num="1565" count="12" type="stmt"/>
      <line num="1566" count="0" type="stmt"/>
      <line num="1569" count="0" type="stmt"/>
      <line num="1570" count="0" type="stmt"/>
      <line num="1578" count="12" type="stmt"/>
      <line num="1579" count="0" type="stmt"/>
      <line num="1582" count="0" type="stmt"/>
      <line num="1583" count="0" type="stmt"/>
      <line num="1591" count="12" type="stmt"/>
      <line num="1592" count="0" type="stmt"/>
      <line num="1595" count="0" type="stmt"/>
      <line num="1596" count="0" type="stmt"/>
      <line num="1604" count="12" type="stmt"/>
      <line num="1605" count="0" type="stmt"/>
      <line num="1608" count="0" type="stmt"/>
      <line num="1609" count="0" type="stmt"/>
      <line num="1617" count="12" type="stmt"/>
      <line num="1618" count="0" type="stmt"/>
      <line num="1621" count="0" type="stmt"/>
      <line num="1622" count="0" type="stmt"/>
      <line num="1630" count="12" type="stmt"/>
      <line num="1631" count="0" type="stmt"/>
      <line num="1634" count="0" type="stmt"/>
      <line num="1635" count="0" type="stmt"/>
      <line num="1643" count="12" type="stmt"/>
      <line num="1644" count="0" type="stmt"/>
      <line num="1647" count="0" type="stmt"/>
      <line num="1648" count="0" type="stmt"/>
      <line num="1656" count="12" type="stmt"/>
      <line num="1657" count="0" type="stmt"/>
      <line num="1660" count="0" type="stmt"/>
      <line num="1661" count="0" type="stmt"/>
      <line num="1669" count="12" type="stmt"/>
      <line num="1672" count="0" type="stmt"/>
      <line num="1675" count="0" type="stmt"/>
      <line num="1676" count="0" type="stmt"/>
      <line num="1684" count="12" type="stmt"/>
      <line num="1687" count="0" type="stmt"/>
      <line num="1690" count="0" type="stmt"/>
      <line num="1691" count="0" type="stmt"/>
      <line num="1699" count="12" type="stmt"/>
      <line num="1702" count="0" type="stmt"/>
      <line num="1705" count="0" type="stmt"/>
      <line num="1706" count="0" type="stmt"/>
      <line num="1714" count="12" type="stmt"/>
      <line num="1717" count="0" type="stmt"/>
      <line num="1720" count="0" type="stmt"/>
      <line num="1721" count="0" type="stmt"/>
      <line num="1729" count="12" type="stmt"/>
      <line num="1732" count="0" type="stmt"/>
      <line num="1735" count="0" type="stmt"/>
      <line num="1736" count="0" type="stmt"/>
      <line num="1744" count="12" type="stmt"/>
      <line num="1745" count="0" type="stmt"/>
      <line num="1748" count="0" type="stmt"/>
      <line num="1749" count="0" type="stmt"/>
      <line num="1757" count="12" type="stmt"/>
      <line num="1760" count="0" type="stmt"/>
      <line num="1763" count="0" type="stmt"/>
      <line num="1764" count="0" type="stmt"/>
      <line num="1772" count="12" type="stmt"/>
      <line num="1773" count="0" type="stmt"/>
      <line num="1776" count="0" type="stmt"/>
      <line num="1777" count="0" type="stmt"/>
      <line num="1785" count="12" type="stmt"/>
      <line num="1788" count="0" type="stmt"/>
      <line num="1792" count="0" type="stmt"/>
      <line num="1793" count="0" type="stmt"/>
      <line num="1801" count="12" type="stmt"/>
      <line num="1804" count="0" type="stmt"/>
      <line num="1807" count="0" type="stmt"/>
      <line num="1808" count="0" type="stmt"/>
      <line num="1818" count="12" type="stmt"/>
      <line num="1819" count="0" type="stmt"/>
      <line num="1823" count="0" type="stmt"/>
      <line num="1824" count="0" type="stmt"/>
      <line num="1834" count="12" type="stmt"/>
      <line num="1835" count="0" type="stmt"/>
      <line num="1839" count="0" type="stmt"/>
      <line num="1840" count="0" type="stmt"/>
      <line num="1848" count="12" type="stmt"/>
      <line num="1849" count="0" type="stmt"/>
      <line num="1853" count="0" type="stmt"/>
      <line num="1854" count="0" type="stmt"/>
      <line num="1862" count="12" type="stmt"/>
      <line num="1863" count="0" type="stmt"/>
      <line num="1867" count="0" type="stmt"/>
      <line num="1868" count="0" type="stmt"/>
      <line num="1876" count="12" type="stmt"/>
      <line num="1877" count="0" type="stmt"/>
      <line num="1881" count="0" type="stmt"/>
      <line num="1882" count="0" type="stmt"/>
      <line num="1890" count="12" type="stmt"/>
      <line num="1891" count="0" type="stmt"/>
      <line num="1895" count="0" type="stmt"/>
      <line num="1896" count="0" type="stmt"/>
      <line num="1904" count="12" type="stmt"/>
      <line num="1905" count="0" type="stmt"/>
      <line num="1909" count="0" type="stmt"/>
      <line num="1910" count="0" type="stmt"/>
      <line num="1918" count="12" type="stmt"/>
      <line num="1919" count="0" type="stmt"/>
      <line num="1923" count="0" type="stmt"/>
      <line num="1924" count="0" type="stmt"/>
      <line num="1932" count="12" type="stmt"/>
      <line num="1933" count="0" type="stmt"/>
      <line num="1937" count="0" type="stmt"/>
      <line num="1938" count="0" type="stmt"/>
      <line num="1946" count="12" type="stmt"/>
      <line num="1947" count="0" type="stmt"/>
      <line num="1951" count="0" type="stmt"/>
      <line num="1952" count="0" type="stmt"/>
      <line num="1960" count="12" type="stmt"/>
      <line num="1961" count="0" type="stmt"/>
      <line num="1965" count="0" type="stmt"/>
      <line num="1966" count="0" type="stmt"/>
      <line num="1974" count="12" type="stmt"/>
      <line num="1975" count="0" type="stmt"/>
      <line num="1979" count="0" type="stmt"/>
      <line num="1980" count="0" type="stmt"/>
      <line num="1988" count="12" type="stmt"/>
      <line num="1989" count="0" type="stmt"/>
      <line num="1993" count="0" type="stmt"/>
      <line num="1994" count="0" type="stmt"/>
      <line num="2002" count="12" type="stmt"/>
      <line num="2005" count="0" type="stmt"/>
      <line num="2010" count="0" type="stmt"/>
      <line num="2011" count="0" type="stmt"/>
      <line num="2019" count="12" type="stmt"/>
      <line num="2022" count="0" type="stmt"/>
      <line num="2026" count="0" type="stmt"/>
      <line num="2027" count="0" type="stmt"/>
      <line num="2035" count="12" type="stmt"/>
      <line num="2038" count="0" type="stmt"/>
      <line num="2042" count="0" type="stmt"/>
      <line num="2043" count="0" type="stmt"/>
      <line num="2051" count="12" type="stmt"/>
      <line num="2054" count="0" type="stmt"/>
      <line num="2058" count="0" type="stmt"/>
      <line num="2059" count="0" type="stmt"/>
      <line num="2067" count="12" type="stmt"/>
      <line num="2070" count="0" type="stmt"/>
      <line num="2074" count="0" type="stmt"/>
      <line num="2075" count="0" type="stmt"/>
      <line num="2083" count="12" type="stmt"/>
      <line num="2086" count="0" type="stmt"/>
      <line num="2091" count="0" type="stmt"/>
      <line num="2092" count="0" type="stmt"/>
      <line num="2100" count="12" type="stmt"/>
      <line num="2103" count="0" type="stmt"/>
      <line num="2107" count="0" type="stmt"/>
      <line num="2108" count="0" type="stmt"/>
      <line num="2116" count="12" type="stmt"/>
      <line num="2117" count="0" type="stmt"/>
      <line num="2121" count="0" type="stmt"/>
      <line num="2122" count="0" type="stmt"/>
      <line num="2130" count="12" type="stmt"/>
      <line num="2131" count="0" type="stmt"/>
      <line num="2135" count="0" type="stmt"/>
      <line num="2136" count="0" type="stmt"/>
      <line num="2144" count="12" type="stmt"/>
      <line num="2145" count="0" type="stmt"/>
      <line num="2149" count="0" type="stmt"/>
      <line num="2150" count="0" type="stmt"/>
      <line num="2158" count="12" type="stmt"/>
      <line num="2159" count="0" type="stmt"/>
      <line num="2163" count="0" type="stmt"/>
      <line num="2164" count="0" type="stmt"/>
      <line num="2172" count="12" type="stmt"/>
      <line num="2173" count="0" type="stmt"/>
      <line num="2177" count="0" type="stmt"/>
      <line num="2178" count="0" type="stmt"/>
      <line num="2186" count="12" type="stmt"/>
      <line num="2187" count="0" type="stmt"/>
      <line num="2191" count="0" type="stmt"/>
      <line num="2192" count="0" type="stmt"/>
      <line num="2200" count="12" type="stmt"/>
      <line num="2201" count="0" type="stmt"/>
      <line num="2205" count="0" type="stmt"/>
      <line num="2206" count="0" type="stmt"/>
      <line num="2214" count="12" type="stmt"/>
      <line num="2215" count="0" type="stmt"/>
      <line num="2219" count="0" type="stmt"/>
      <line num="2220" count="0" type="stmt"/>
      <line num="2228" count="12" type="stmt"/>
      <line num="2229" count="0" type="stmt"/>
      <line num="2233" count="0" type="stmt"/>
      <line num="2234" count="0" type="stmt"/>
      <line num="2242" count="12" type="stmt"/>
      <line num="2243" count="0" type="stmt"/>
      <line num="2247" count="0" type="stmt"/>
      <line num="2248" count="0" type="stmt"/>
      <line num="2256" count="12" type="stmt"/>
      <line num="2257" count="0" type="stmt"/>
      <line num="2261" count="0" type="stmt"/>
      <line num="2262" count="0" type="stmt"/>
      <line num="2270" count="12" type="stmt"/>
      <line num="2271" count="0" type="stmt"/>
      <line num="2275" count="0" type="stmt"/>
      <line num="2276" count="0" type="stmt"/>
      <line num="2284" count="12" type="stmt"/>
      <line num="2285" count="0" type="stmt"/>
      <line num="2289" count="0" type="stmt"/>
      <line num="2290" count="0" type="stmt"/>
      <line num="2298" count="12" type="stmt"/>
      <line num="2299" count="0" type="stmt"/>
      <line num="2303" count="0" type="stmt"/>
      <line num="2304" count="0" type="stmt"/>
      <line num="2312" count="12" type="stmt"/>
      <line num="2313" count="0" type="stmt"/>
      <line num="2317" count="0" type="stmt"/>
      <line num="2318" count="0" type="stmt"/>
      <line num="2326" count="12" type="stmt"/>
      <line num="2327" count="0" type="stmt"/>
      <line num="2331" count="0" type="stmt"/>
      <line num="2332" count="0" type="stmt"/>
      <line num="2340" count="12" type="stmt"/>
      <line num="2341" count="0" type="stmt"/>
      <line num="2345" count="0" type="stmt"/>
      <line num="2346" count="0" type="stmt"/>
      <line num="2354" count="12" type="stmt"/>
      <line num="2355" count="0" type="stmt"/>
      <line num="2359" count="0" type="stmt"/>
      <line num="2360" count="0" type="stmt"/>
      <line num="2368" count="12" type="stmt"/>
      <line num="2369" count="0" type="stmt"/>
      <line num="2373" count="0" type="stmt"/>
      <line num="2374" count="0" type="stmt"/>
      <line num="2382" count="12" type="stmt"/>
      <line num="2385" count="0" type="stmt"/>
      <line num="2390" count="0" type="stmt"/>
      <line num="2391" count="0" type="stmt"/>
      <line num="2399" count="12" type="stmt"/>
      <line num="2400" count="0" type="stmt"/>
      <line num="2404" count="0" type="stmt"/>
      <line num="2405" count="0" type="stmt"/>
      <line num="2413" count="12" type="stmt"/>
      <line num="2416" count="0" type="stmt"/>
      <line num="2421" count="0" type="stmt"/>
      <line num="2422" count="0" type="stmt"/>
      <line num="2430" count="12" type="stmt"/>
      <line num="2431" count="0" type="stmt"/>
      <line num="2435" count="0" type="stmt"/>
      <line num="2436" count="0" type="stmt"/>
      <line num="2444" count="12" type="stmt"/>
      <line num="2445" count="0" type="stmt"/>
      <line num="2449" count="0" type="stmt"/>
      <line num="2450" count="0" type="stmt"/>
      <line num="2458" count="12" type="stmt"/>
      <line num="2459" count="0" type="stmt"/>
      <line num="2463" count="0" type="stmt"/>
      <line num="2464" count="0" type="stmt"/>
      <line num="2472" count="12" type="stmt"/>
      <line num="2473" count="0" type="stmt"/>
      <line num="2477" count="0" type="stmt"/>
      <line num="2478" count="0" type="stmt"/>
      <line num="2486" count="12" type="stmt"/>
      <line num="2487" count="0" type="stmt"/>
      <line num="2491" count="0" type="stmt"/>
      <line num="2492" count="0" type="stmt"/>
      <line num="2500" count="12" type="stmt"/>
      <line num="2501" count="0" type="stmt"/>
      <line num="2505" count="0" type="stmt"/>
      <line num="2506" count="0" type="stmt"/>
      <line num="2514" count="12" type="stmt"/>
      <line num="2515" count="0" type="stmt"/>
      <line num="2519" count="0" type="stmt"/>
      <line num="2520" count="0" type="stmt"/>
      <line num="2528" count="12" type="stmt"/>
      <line num="2529" count="0" type="stmt"/>
      <line num="2533" count="0" type="stmt"/>
      <line num="2534" count="0" type="stmt"/>
      <line num="2542" count="12" type="stmt"/>
      <line num="2543" count="0" type="stmt"/>
      <line num="2547" count="0" type="stmt"/>
      <line num="2548" count="0" type="stmt"/>
      <line num="2556" count="12" type="stmt"/>
      <line num="2557" count="0" type="stmt"/>
      <line num="2561" count="0" type="stmt"/>
      <line num="2562" count="0" type="stmt"/>
      <line num="2570" count="12" type="stmt"/>
      <line num="2571" count="0" type="stmt"/>
      <line num="2575" count="0" type="stmt"/>
      <line num="2576" count="0" type="stmt"/>
      <line num="2584" count="12" type="stmt"/>
      <line num="2585" count="0" type="stmt"/>
      <line num="2589" count="0" type="stmt"/>
      <line num="2590" count="0" type="stmt"/>
      <line num="2598" count="12" type="stmt"/>
      <line num="2599" count="0" type="stmt"/>
      <line num="2603" count="0" type="stmt"/>
      <line num="2604" count="0" type="stmt"/>
      <line num="2612" count="12" type="stmt"/>
      <line num="2613" count="0" type="stmt"/>
      <line num="2617" count="0" type="stmt"/>
      <line num="2618" count="0" type="stmt"/>
      <line num="2626" count="12" type="stmt"/>
      <line num="2627" count="0" type="stmt"/>
      <line num="2631" count="0" type="stmt"/>
      <line num="2632" count="0" type="stmt"/>
      <line num="2640" count="12" type="stmt"/>
      <line num="2641" count="0" type="stmt"/>
      <line num="2645" count="0" type="stmt"/>
      <line num="2646" count="0" type="stmt"/>
      <line num="2654" count="12" type="stmt"/>
      <line num="2655" count="0" type="stmt"/>
      <line num="2659" count="0" type="stmt"/>
      <line num="2660" count="0" type="stmt"/>
      <line num="2670" count="12" type="stmt"/>
      <line num="2671" count="0" type="stmt"/>
      <line num="2674" count="0" type="stmt"/>
      <line num="2675" count="0" type="stmt"/>
      <line num="2683" count="12" type="stmt"/>
      <line num="2684" count="0" type="stmt"/>
      <line num="2687" count="0" type="stmt"/>
      <line num="2688" count="0" type="stmt"/>
      <line num="2696" count="12" type="stmt"/>
      <line num="2697" count="0" type="stmt"/>
      <line num="2698" count="0" type="stmt"/>
      <line num="2699" count="0" type="stmt"/>
      <line num="2707" count="12" type="stmt"/>
      <line num="2708" count="0" type="stmt"/>
      <line num="2711" count="0" type="stmt"/>
      <line num="2712" count="0" type="stmt"/>
      <line num="2720" count="12" type="stmt"/>
      <line num="2721" count="0" type="stmt"/>
      <line num="2724" count="0" type="stmt"/>
      <line num="2725" count="0" type="stmt"/>
      <line num="2733" count="12" type="stmt"/>
      <line num="2734" count="0" type="stmt"/>
      <line num="2735" count="0" type="stmt"/>
      <line num="2736" count="0" type="stmt"/>
      <line num="2744" count="12" type="stmt"/>
      <line num="2745" count="0" type="stmt"/>
      <line num="2746" count="0" type="stmt"/>
      <line num="2747" count="0" type="stmt"/>
      <line num="2755" count="12" type="stmt"/>
      <line num="2756" count="0" type="stmt"/>
      <line num="2757" count="0" type="stmt"/>
      <line num="2758" count="0" type="stmt"/>
      <line num="2766" count="12" type="stmt"/>
      <line num="2767" count="0" type="stmt"/>
      <line num="2770" count="0" type="stmt"/>
      <line num="2771" count="0" type="stmt"/>
      <line num="2779" count="12" type="stmt"/>
      <line num="2780" count="0" type="stmt"/>
      <line num="2783" count="0" type="stmt"/>
      <line num="2784" count="0" type="stmt"/>
      <line num="2792" count="12" type="stmt"/>
      <line num="2793" count="0" type="stmt"/>
      <line num="2794" count="0" type="stmt"/>
      <line num="2795" count="0" type="stmt"/>
      <line num="2803" count="12" type="stmt"/>
      <line num="2804" count="0" type="stmt"/>
      <line num="2807" count="0" type="stmt"/>
      <line num="2808" count="0" type="stmt"/>
      <line num="2816" count="12" type="stmt"/>
      <line num="2817" count="0" type="stmt"/>
      <line num="2818" count="0" type="stmt"/>
      <line num="2819" count="0" type="stmt"/>
      <line num="2827" count="12" type="stmt"/>
      <line num="2828" count="0" type="stmt"/>
      <line num="2831" count="0" type="stmt"/>
      <line num="2832" count="0" type="stmt"/>
      <line num="2840" count="12" type="stmt"/>
      <line num="2841" count="0" type="stmt"/>
      <line num="2844" count="0" type="stmt"/>
      <line num="2845" count="0" type="stmt"/>
      <line num="2853" count="12" type="stmt"/>
      <line num="2854" count="0" type="stmt"/>
      <line num="2857" count="0" type="stmt"/>
      <line num="2858" count="0" type="stmt"/>
      <line num="2866" count="12" type="stmt"/>
      <line num="2867" count="0" type="stmt"/>
      <line num="2868" count="0" type="stmt"/>
      <line num="2869" count="0" type="stmt"/>
      <line num="2877" count="12" type="stmt"/>
      <line num="2878" count="0" type="stmt"/>
      <line num="2881" count="0" type="stmt"/>
      <line num="2882" count="0" type="stmt"/>
      <line num="2890" count="12" type="stmt"/>
      <line num="2891" count="0" type="stmt"/>
      <line num="2892" count="0" type="stmt"/>
      <line num="2893" count="0" type="stmt"/>
      <line num="2901" count="12" type="stmt"/>
      <line num="2902" count="0" type="stmt"/>
      <line num="2903" count="0" type="stmt"/>
      <line num="2904" count="0" type="stmt"/>
      <line num="2912" count="12" type="stmt"/>
      <line num="2913" count="0" type="stmt"/>
      <line num="2916" count="0" type="stmt"/>
      <line num="2917" count="0" type="stmt"/>
      <line num="2925" count="12" type="stmt"/>
      <line num="2926" count="0" type="stmt"/>
      <line num="2927" count="0" type="stmt"/>
      <line num="2928" count="0" type="stmt"/>
      <line num="2936" count="12" type="stmt"/>
      <line num="2937" count="0" type="stmt"/>
      <line num="2938" count="0" type="stmt"/>
      <line num="2939" count="0" type="stmt"/>
      <line num="2948" count="12" type="stmt"/>
      <line num="2949" count="0" type="stmt"/>
      <line num="2950" count="0" type="stmt"/>
      <line num="2951" count="0" type="stmt"/>
      <line num="2959" count="12" type="stmt"/>
      <line num="2960" count="0" type="stmt"/>
      <line num="2963" count="0" type="stmt"/>
      <line num="2964" count="0" type="stmt"/>
      <line num="2972" count="12" type="stmt"/>
      <line num="2973" count="0" type="stmt"/>
      <line num="2976" count="0" type="stmt"/>
      <line num="2977" count="0" type="stmt"/>
      <line num="2985" count="12" type="stmt"/>
      <line num="2986" count="0" type="stmt"/>
      <line num="2987" count="0" type="stmt"/>
      <line num="2988" count="0" type="stmt"/>
      <line num="2996" count="12" type="stmt"/>
      <line num="2997" count="0" type="stmt"/>
      <line num="3000" count="0" type="stmt"/>
      <line num="3001" count="0" type="stmt"/>
      <line num="3009" count="12" type="stmt"/>
      <line num="3010" count="0" type="stmt"/>
      <line num="3013" count="0" type="stmt"/>
      <line num="3014" count="0" type="stmt"/>
      <line num="3022" count="12" type="stmt"/>
      <line num="3023" count="0" type="stmt"/>
      <line num="3026" count="0" type="stmt"/>
      <line num="3027" count="0" type="stmt"/>
      <line num="3035" count="12" type="stmt"/>
      <line num="3036" count="0" type="stmt"/>
      <line num="3039" count="0" type="stmt"/>
      <line num="3040" count="0" type="stmt"/>
      <line num="3048" count="12" type="stmt"/>
      <line num="3049" count="0" type="stmt"/>
      <line num="3050" count="0" type="stmt"/>
      <line num="3051" count="0" type="stmt"/>
      <line num="3059" count="12" type="stmt"/>
      <line num="3060" count="0" type="stmt"/>
      <line num="3063" count="0" type="stmt"/>
      <line num="3064" count="0" type="stmt"/>
      <line num="3072" count="12" type="stmt"/>
      <line num="3073" count="0" type="stmt"/>
      <line num="3076" count="0" type="stmt"/>
      <line num="3077" count="0" type="stmt"/>
      <line num="3085" count="12" type="stmt"/>
      <line num="3086" count="0" type="stmt"/>
      <line num="3089" count="0" type="stmt"/>
      <line num="3090" count="0" type="stmt"/>
      <line num="3098" count="12" type="stmt"/>
      <line num="3099" count="0" type="stmt"/>
      <line num="3100" count="0" type="stmt"/>
      <line num="3101" count="0" type="stmt"/>
      <line num="3109" count="12" type="stmt"/>
      <line num="3110" count="0" type="stmt"/>
      <line num="3113" count="0" type="stmt"/>
      <line num="3114" count="0" type="stmt"/>
      <line num="3122" count="12" type="stmt"/>
      <line num="3123" count="0" type="stmt"/>
      <line num="3126" count="0" type="stmt"/>
      <line num="3127" count="0" type="stmt"/>
      <line num="3135" count="12" type="stmt"/>
      <line num="3136" count="0" type="stmt"/>
      <line num="3139" count="0" type="stmt"/>
      <line num="3140" count="0" type="stmt"/>
      <line num="3148" count="12" type="stmt"/>
      <line num="3149" count="0" type="stmt"/>
      <line num="3150" count="0" type="stmt"/>
      <line num="3151" count="0" type="stmt"/>
      <line num="3161" count="12" type="stmt"/>
      <line num="3162" count="0" type="stmt"/>
      <line num="3165" count="0" type="stmt"/>
      <line num="3166" count="0" type="stmt"/>
      <line num="3174" count="12" type="stmt"/>
      <line num="3175" count="0" type="stmt"/>
      <line num="3176" count="0" type="stmt"/>
      <line num="3177" count="0" type="stmt"/>
      <line num="3185" count="12" type="stmt"/>
      <line num="3186" count="0" type="stmt"/>
      <line num="3187" count="0" type="stmt"/>
      <line num="3188" count="0" type="stmt"/>
      <line num="3196" count="12" type="stmt"/>
      <line num="3197" count="0" type="stmt"/>
      <line num="3200" count="0" type="stmt"/>
      <line num="3201" count="0" type="stmt"/>
      <line num="3209" count="12" type="stmt"/>
      <line num="3210" count="0" type="stmt"/>
      <line num="3213" count="0" type="stmt"/>
      <line num="3214" count="0" type="stmt"/>
      <line num="3222" count="12" type="stmt"/>
      <line num="3223" count="0" type="stmt"/>
      <line num="3224" count="0" type="stmt"/>
      <line num="3225" count="0" type="stmt"/>
      <line num="3233" count="12" type="stmt"/>
      <line num="3234" count="0" type="stmt"/>
      <line num="3235" count="0" type="stmt"/>
      <line num="3236" count="0" type="stmt"/>
      <line num="3244" count="12" type="stmt"/>
      <line num="3245" count="0" type="stmt"/>
      <line num="3246" count="0" type="stmt"/>
      <line num="3247" count="0" type="stmt"/>
      <line num="3255" count="12" type="stmt"/>
      <line num="3258" count="0" type="stmt"/>
      <line num="3261" count="0" type="stmt"/>
      <line num="3262" count="0" type="stmt"/>
      <line num="3270" count="12" type="stmt"/>
      <line num="3271" count="0" type="stmt"/>
      <line num="3274" count="0" type="stmt"/>
      <line num="3275" count="0" type="stmt"/>
      <line num="3283" count="12" type="stmt"/>
      <line num="3284" count="0" type="stmt"/>
      <line num="3285" count="0" type="stmt"/>
      <line num="3286" count="0" type="stmt"/>
      <line num="3294" count="12" type="stmt"/>
      <line num="3295" count="0" type="stmt"/>
      <line num="3298" count="0" type="stmt"/>
      <line num="3299" count="0" type="stmt"/>
      <line num="3307" count="12" type="stmt"/>
      <line num="3308" count="0" type="stmt"/>
      <line num="3309" count="0" type="stmt"/>
      <line num="3310" count="0" type="stmt"/>
      <line num="3318" count="12" type="stmt"/>
      <line num="3319" count="0" type="stmt"/>
      <line num="3322" count="0" type="stmt"/>
      <line num="3323" count="0" type="stmt"/>
      <line num="3331" count="12" type="stmt"/>
      <line num="3332" count="0" type="stmt"/>
      <line num="3333" count="0" type="stmt"/>
      <line num="3334" count="0" type="stmt"/>
      <line num="3342" count="12" type="stmt"/>
      <line num="3343" count="0" type="stmt"/>
      <line num="3346" count="0" type="stmt"/>
      <line num="3347" count="0" type="stmt"/>
      <line num="3355" count="12" type="stmt"/>
      <line num="3356" count="0" type="stmt"/>
      <line num="3357" count="0" type="stmt"/>
      <line num="3358" count="0" type="stmt"/>
      <line num="3366" count="12" type="stmt"/>
      <line num="3367" count="0" type="stmt"/>
      <line num="3370" count="0" type="stmt"/>
      <line num="3371" count="0" type="stmt"/>
      <line num="3379" count="12" type="stmt"/>
      <line num="3380" count="0" type="stmt"/>
      <line num="3383" count="0" type="stmt"/>
      <line num="3384" count="0" type="stmt"/>
      <line num="3392" count="12" type="stmt"/>
      <line num="3393" count="0" type="stmt"/>
      <line num="3394" count="0" type="stmt"/>
      <line num="3395" count="0" type="stmt"/>
      <line num="3403" count="12" type="stmt"/>
      <line num="3404" count="0" type="stmt"/>
      <line num="3407" count="0" type="stmt"/>
      <line num="3408" count="0" type="stmt"/>
      <line num="3416" count="12" type="stmt"/>
      <line num="3417" count="0" type="stmt"/>
      <line num="3418" count="0" type="stmt"/>
      <line num="3419" count="0" type="stmt"/>
      <line num="3427" count="12" type="stmt"/>
      <line num="3430" count="0" type="stmt"/>
      <line num="3433" count="0" type="stmt"/>
      <line num="3434" count="0" type="stmt"/>
      <line num="3442" count="12" type="stmt"/>
      <line num="3443" count="0" type="stmt"/>
      <line num="3446" count="0" type="stmt"/>
      <line num="3447" count="0" type="stmt"/>
      <line num="3455" count="12" type="stmt"/>
      <line num="3456" count="0" type="stmt"/>
      <line num="3459" count="0" type="stmt"/>
      <line num="3460" count="0" type="stmt"/>
      <line num="3468" count="12" type="stmt"/>
      <line num="3469" count="0" type="stmt"/>
      <line num="3472" count="0" type="stmt"/>
      <line num="3473" count="0" type="stmt"/>
      <line num="3481" count="12" type="stmt"/>
      <line num="3482" count="0" type="stmt"/>
      <line num="3485" count="0" type="stmt"/>
      <line num="3486" count="0" type="stmt"/>
      <line num="3494" count="12" type="stmt"/>
      <line num="3495" count="0" type="stmt"/>
      <line num="3498" count="0" type="stmt"/>
      <line num="3499" count="0" type="stmt"/>
      <line num="3507" count="12" type="stmt"/>
      <line num="3508" count="0" type="stmt"/>
      <line num="3511" count="0" type="stmt"/>
      <line num="3512" count="0" type="stmt"/>
      <line num="3520" count="12" type="stmt"/>
      <line num="3521" count="0" type="stmt"/>
      <line num="3524" count="0" type="stmt"/>
      <line num="3525" count="0" type="stmt"/>
      <line num="3533" count="12" type="stmt"/>
      <line num="3534" count="0" type="stmt"/>
      <line num="3537" count="0" type="stmt"/>
      <line num="3538" count="0" type="stmt"/>
      <line num="3546" count="12" type="stmt"/>
      <line num="3547" count="0" type="stmt"/>
      <line num="3548" count="0" type="stmt"/>
      <line num="3549" count="0" type="stmt"/>
      <line num="3557" count="12" type="stmt"/>
      <line num="3558" count="0" type="stmt"/>
      <line num="3561" count="0" type="stmt"/>
      <line num="3562" count="0" type="stmt"/>
      <line num="3570" count="12" type="stmt"/>
      <line num="3571" count="0" type="stmt"/>
      <line num="3574" count="0" type="stmt"/>
      <line num="3575" count="0" type="stmt"/>
      <line num="3583" count="12" type="stmt"/>
      <line num="3584" count="0" type="stmt"/>
      <line num="3587" count="0" type="stmt"/>
      <line num="3588" count="0" type="stmt"/>
      <line num="3597" count="12" type="stmt"/>
      <line num="3598" count="0" type="stmt"/>
      <line num="3602" count="0" type="stmt"/>
      <line num="3603" count="0" type="stmt"/>
      <line num="3612" count="12" type="stmt"/>
      <line num="3613" count="0" type="stmt"/>
      <line num="3616" count="0" type="stmt"/>
      <line num="3617" count="0" type="stmt"/>
      <line num="3625" count="12" type="stmt"/>
      <line num="3626" count="0" type="stmt"/>
      <line num="3627" count="0" type="stmt"/>
      <line num="3628" count="0" type="stmt"/>
      <line num="3636" count="12" type="stmt"/>
      <line num="3637" count="0" type="stmt"/>
      <line num="3638" count="0" type="stmt"/>
      <line num="3639" count="0" type="stmt"/>
      <line num="3647" count="12" type="stmt"/>
      <line num="3648" count="0" type="stmt"/>
      <line num="3649" count="0" type="stmt"/>
      <line num="3650" count="0" type="stmt"/>
      <line num="3658" count="12" type="stmt"/>
      <line num="3661" count="0" type="stmt"/>
      <line num="3664" count="0" type="stmt"/>
      <line num="3665" count="0" type="stmt"/>
      <line num="3673" count="12" type="stmt"/>
      <line num="3674" count="0" type="stmt"/>
      <line num="3677" count="0" type="stmt"/>
      <line num="3678" count="0" type="stmt"/>
      <line num="3686" count="12" type="stmt"/>
      <line num="3687" count="0" type="stmt"/>
      <line num="3690" count="0" type="stmt"/>
      <line num="3691" count="0" type="stmt"/>
      <line num="3700" count="12" type="stmt"/>
      <line num="3701" count="0" type="stmt"/>
      <line num="3705" count="0" type="stmt"/>
      <line num="3706" count="0" type="stmt"/>
      <line num="3714" count="12" type="stmt"/>
      <line num="3715" count="0" type="stmt"/>
      <line num="3718" count="0" type="stmt"/>
      <line num="3719" count="0" type="stmt"/>
      <line num="3727" count="12" type="stmt"/>
      <line num="3728" count="0" type="stmt"/>
      <line num="3729" count="0" type="stmt"/>
      <line num="3730" count="0" type="stmt"/>
      <line num="3738" count="12" type="stmt"/>
      <line num="3739" count="0" type="stmt"/>
      <line num="3742" count="0" type="stmt"/>
      <line num="3743" count="0" type="stmt"/>
      <line num="3751" count="12" type="stmt"/>
      <line num="3752" count="0" type="stmt"/>
      <line num="3755" count="0" type="stmt"/>
      <line num="3756" count="0" type="stmt"/>
      <line num="3764" count="12" type="stmt"/>
      <line num="3765" count="0" type="stmt"/>
      <line num="3768" count="0" type="stmt"/>
      <line num="3769" count="0" type="stmt"/>
      <line num="3777" count="12" type="stmt"/>
      <line num="3778" count="0" type="stmt"/>
      <line num="3779" count="0" type="stmt"/>
      <line num="3780" count="0" type="stmt"/>
      <line num="3788" count="12" type="stmt"/>
      <line num="3789" count="0" type="stmt"/>
      <line num="3790" count="0" type="stmt"/>
      <line num="3791" count="0" type="stmt"/>
      <line num="3799" count="12" type="stmt"/>
      <line num="3800" count="0" type="stmt"/>
      <line num="3803" count="0" type="stmt"/>
      <line num="3804" count="0" type="stmt"/>
      <line num="3812" count="12" type="stmt"/>
      <line num="3813" count="0" type="stmt"/>
      <line num="3816" count="0" type="stmt"/>
      <line num="3817" count="0" type="stmt"/>
      <line num="3825" count="12" type="stmt"/>
      <line num="3826" count="0" type="stmt"/>
      <line num="3827" count="0" type="stmt"/>
      <line num="3828" count="0" type="stmt"/>
      <line num="3836" count="12" type="stmt"/>
      <line num="3837" count="0" type="stmt"/>
      <line num="3838" count="0" type="stmt"/>
      <line num="3839" count="0" type="stmt"/>
      <line num="3847" count="12" type="stmt"/>
      <line num="3848" count="0" type="stmt"/>
      <line num="3849" count="0" type="stmt"/>
      <line num="3850" count="0" type="stmt"/>
      <line num="3858" count="12" type="stmt"/>
      <line num="3859" count="0" type="stmt"/>
      <line num="3862" count="0" type="stmt"/>
      <line num="3863" count="0" type="stmt"/>
      <line num="3871" count="12" type="stmt"/>
      <line num="3872" count="0" type="stmt"/>
      <line num="3875" count="0" type="stmt"/>
      <line num="3876" count="0" type="stmt"/>
      <line num="3884" count="12" type="stmt"/>
      <line num="3885" count="0" type="stmt"/>
      <line num="3888" count="0" type="stmt"/>
      <line num="3889" count="0" type="stmt"/>
      <line num="3897" count="12" type="stmt"/>
      <line num="3900" count="0" type="stmt"/>
      <line num="3903" count="0" type="stmt"/>
      <line num="3904" count="0" type="stmt"/>
      <line num="3912" count="12" type="stmt"/>
      <line num="3913" count="0" type="stmt"/>
      <line num="3914" count="0" type="stmt"/>
      <line num="3915" count="0" type="stmt"/>
      <line num="3923" count="12" type="stmt"/>
      <line num="3926" count="0" type="stmt"/>
      <line num="3929" count="0" type="stmt"/>
      <line num="3930" count="0" type="stmt"/>
      <line num="3938" count="12" type="stmt"/>
      <line num="3939" count="0" type="stmt"/>
      <line num="3942" count="0" type="stmt"/>
      <line num="3943" count="0" type="stmt"/>
      <line num="3951" count="12" type="stmt"/>
      <line num="3952" count="0" type="stmt"/>
      <line num="3955" count="0" type="stmt"/>
      <line num="3956" count="0" type="stmt"/>
      <line num="3964" count="12" type="stmt"/>
      <line num="3965" count="0" type="stmt"/>
      <line num="3966" count="0" type="stmt"/>
      <line num="3967" count="0" type="stmt"/>
      <line num="3975" count="12" type="stmt"/>
      <line num="3976" count="0" type="stmt"/>
      <line num="3977" count="0" type="stmt"/>
      <line num="3978" count="0" type="stmt"/>
      <line num="3986" count="12" type="stmt"/>
      <line num="3987" count="0" type="stmt"/>
      <line num="3990" count="0" type="stmt"/>
      <line num="3991" count="0" type="stmt"/>
      <line num="3999" count="12" type="stmt"/>
      <line num="4000" count="0" type="stmt"/>
      <line num="4003" count="0" type="stmt"/>
      <line num="4004" count="0" type="stmt"/>
      <line num="4012" count="12" type="stmt"/>
      <line num="4013" count="0" type="stmt"/>
      <line num="4016" count="0" type="stmt"/>
      <line num="4017" count="0" type="stmt"/>
    </file>
    <file name="runOSQuery.ts" path="/Users/kc/Desktop/Code/node-osquery/src/runOSQuery.ts">
      <metrics statements="18" coveredstatements="13" conditionals="7" coveredconditionals="3" methods="4" coveredmethods="3"/>
      <line num="1" count="1" type="stmt"/>
      <line num="2" count="1" type="stmt"/>
      <line num="4" count="1" type="cond" truecount="2" falsecount="0"/>
      <line num="5" count="1" type="stmt"/>
      <line num="6" count="1" type="stmt"/>
      <line num="7" count="1" type="stmt"/>
      <line num="16" count="1" type="stmt"/>
      <line num="17" count="2" type="stmt"/>
      <line num="18" count="2" type="stmt"/>
      <line num="20" count="2" type="cond" truecount="1" falsecount="0"/>
      <line num="21" count="1" type="stmt"/>
      <line num="22" count="1" type="stmt"/>
      <line num="25" count="1" type="stmt"/>
      <line num="28" count="0" type="cond" truecount="0" falsecount="2"/>
      <line num="29" count="0" type="stmt"/>
      <line num="30" count="0" type="cond" truecount="0" falsecount="2"/>
      <line num="31" count="0" type="stmt"/>
      <line num="33" count="0" type="stmt"/>
    </file>
  </project>
</coverage>
