{"total": {"lines":{"total":1119,"covered":454,"skipped":0,"pct":40.57},"statements":{"total":1119,"covered":454,"skipped":0,"pct":40.57},"functions":{"total":279,"covered":58,"skipped":0,"pct":20.78},"branches":{"total":7,"covered":3,"skipped":0,"pct":42.85},"branchesTrue":{"total":0,"covered":0,"skipped":0,"pct":"Unknown"}}
,"/Users/kc/Desktop/Code/node-osquery/src/getters.ts": {"lines":{"total":1101,"covered":441,"skipped":0,"pct":40.05},"functions":{"total":275,"covered":55,"skipped":0,"pct":20},"statements":{"total":1101,"covered":441,"skipped":0,"pct":40.05},"branches":{"total":0,"covered":0,"skipped":0,"pct":100}}
,"/Users/kc/Desktop/Code/node-osquery/src/runOsquery.ts": {"lines":{"total":18,"covered":13,"skipped":0,"pct":72.22},"functions":{"total":4,"covered":3,"skipped":0,"pct":75},"statements":{"total":18,"covered":13,"skipped":0,"pct":72.22},"branches":{"total":7,"covered":3,"skipped":0,"pct":42.85}}
}
