{"/Users/kc/Desktop/Code/node-osquery/src/getters.ts": {"path":"/Users/kc/Desktop/Code/node-osquery/src/getters.ts","statementMap":{"0":{"start":{"line":1,"column":0},"end":{"line":1,"column":50}},"1":{"start":{"line":287,"column":17},"end":{"line":291,"column":4}},"2":{"start":{"line":292,"column":31},"end":{"line":292,"column":49}},"3":{"start":{"line":293,"column":2},"end":{"line":293,"column":18}},"4":{"start":{"line":286,"column":0},"end":{"line":286,"column":22}},"5":{"start":{"line":302,"column":17},"end":{"line":306,"column":4}},"6":{"start":{"line":307,"column":38},"end":{"line":307,"column":56}},"7":{"start":{"line":308,"column":2},"end":{"line":308,"column":22}},"8":{"start":{"line":301,"column":0},"end":{"line":301,"column":22}},"9":{"start":{"line":319,"column":17},"end":{"line":323,"column":4}},"10":{"start":{"line":324,"column":57},"end":{"line":324,"column":75}},"11":{"start":{"line":325,"column":2},"end":{"line":325,"column":31}},"12":{"start":{"line":316,"column":0},"end":{"line":316,"column":22}},"13":{"start":{"line":334,"column":17},"end":{"line":338,"column":4}},"14":{"start":{"line":339,"column":48},"end":{"line":339,"column":66}},"15":{"start":{"line":340,"column":2},"end":{"line":340,"column":27}},"16":{"start":{"line":333,"column":0},"end":{"line":333,"column":22}},"17":{"start":{"line":349,"column":17},"end":{"line":353,"column":4}},"18":{"start":{"line":354,"column":45},"end":{"line":354,"column":63}},"19":{"start":{"line":355,"column":2},"end":{"line":355,"column":25}},"20":{"start":{"line":348,"column":0},"end":{"line":348,"column":22}},"21":{"start":{"line":364,"column":17},"end":{"line":368,"column":4}},"22":{"start":{"line":369,"column":26},"end":{"line":369,"column":44}},"23":{"start":{"line":370,"column":2},"end":{"line":370,"column":16}},"24":{"start":{"line":363,"column":0},"end":{"line":363,"column":22}},"25":{"start":{"line":379,"column":17},"end":{"line":383,"column":4}},"26":{"start":{"line":384,"column":38},"end":{"line":384,"column":56}},"27":{"start":{"line":385,"column":2},"end":{"line":385,"column":22}},"28":{"start":{"line":378,"column":0},"end":{"line":378,"column":22}},"29":{"start":{"line":396,"column":17},"end":{"line":398,"column":null}},"30":{"start":{"line":401,"column":4},"end":{"line":401,"column":22}},"31":{"start":{"line":402,"column":2},"end":{"line":402,"column":39}},"32":{"start":{"line":393,"column":0},"end":{"line":393,"column":22}},"33":{"start":{"line":411,"column":17},"end":{"line":415,"column":4}},"34":{"start":{"line":416,"column":46},"end":{"line":416,"column":64}},"35":{"start":{"line":417,"column":2},"end":{"line":417,"column":26}},"36":{"start":{"line":410,"column":0},"end":{"line":410,"column":22}},"37":{"start":{"line":426,"column":17},"end":{"line":430,"column":4}},"38":{"start":{"line":431,"column":29},"end":{"line":431,"column":47}},"39":{"start":{"line":432,"column":2},"end":{"line":432,"column":17}},"40":{"start":{"line":425,"column":0},"end":{"line":425,"column":22}},"41":{"start":{"line":441,"column":17},"end":{"line":445,"column":4}},"42":{"start":{"line":446,"column":25},"end":{"line":446,"column":43}},"43":{"start":{"line":447,"column":2},"end":{"line":447,"column":15}},"44":{"start":{"line":440,"column":0},"end":{"line":440,"column":22}},"45":{"start":{"line":456,"column":17},"end":{"line":460,"column":4}},"46":{"start":{"line":461,"column":23},"end":{"line":461,"column":41}},"47":{"start":{"line":462,"column":2},"end":{"line":462,"column":14}},"48":{"start":{"line":455,"column":0},"end":{"line":455,"column":22}},"49":{"start":{"line":471,"column":17},"end":{"line":475,"column":4}},"50":{"start":{"line":476,"column":45},"end":{"line":476,"column":63}},"51":{"start":{"line":477,"column":2},"end":{"line":477,"column":25}},"52":{"start":{"line":470,"column":0},"end":{"line":470,"column":22}},"53":{"start":{"line":486,"column":17},"end":{"line":490,"column":4}},"54":{"start":{"line":491,"column":53},"end":{"line":491,"column":71}},"55":{"start":{"line":492,"column":2},"end":{"line":492,"column":29}},"56":{"start":{"line":485,"column":0},"end":{"line":485,"column":22}},"57":{"start":{"line":501,"column":17},"end":{"line":505,"column":4}},"58":{"start":{"line":506,"column":45},"end":{"line":506,"column":63}},"59":{"start":{"line":507,"column":2},"end":{"line":507,"column":25}},"60":{"start":{"line":500,"column":0},"end":{"line":500,"column":22}},"61":{"start":{"line":516,"column":17},"end":{"line":520,"column":4}},"62":{"start":{"line":521,"column":31},"end":{"line":521,"column":49}},"63":{"start":{"line":522,"column":2},"end":{"line":522,"column":18}},"64":{"start":{"line":515,"column":0},"end":{"line":515,"column":22}},"65":{"start":{"line":531,"column":17},"end":{"line":535,"column":4}},"66":{"start":{"line":536,"column":39},"end":{"line":536,"column":57}},"67":{"start":{"line":537,"column":2},"end":{"line":537,"column":22}},"68":{"start":{"line":530,"column":0},"end":{"line":530,"column":22}},"69":{"start":{"line":546,"column":17},"end":{"line":550,"column":4}},"70":{"start":{"line":551,"column":37},"end":{"line":551,"column":55}},"71":{"start":{"line":552,"column":2},"end":{"line":552,"column":21}},"72":{"start":{"line":545,"column":0},"end":{"line":545,"column":22}},"73":{"start":{"line":561,"column":17},"end":{"line":565,"column":4}},"74":{"start":{"line":566,"column":23},"end":{"line":566,"column":41}},"75":{"start":{"line":567,"column":2},"end":{"line":567,"column":14}},"76":{"start":{"line":560,"column":0},"end":{"line":560,"column":22}},"77":{"start":{"line":576,"column":17},"end":{"line":580,"column":4}},"78":{"start":{"line":581,"column":40},"end":{"line":581,"column":58}},"79":{"start":{"line":582,"column":2},"end":{"line":582,"column":23}},"80":{"start":{"line":575,"column":0},"end":{"line":575,"column":22}},"81":{"start":{"line":591,"column":17},"end":{"line":595,"column":4}},"82":{"start":{"line":596,"column":26},"end":{"line":596,"column":44}},"83":{"start":{"line":597,"column":2},"end":{"line":597,"column":16}},"84":{"start":{"line":590,"column":0},"end":{"line":590,"column":22}},"85":{"start":{"line":606,"column":17},"end":{"line":610,"column":4}},"86":{"start":{"line":611,"column":25},"end":{"line":611,"column":43}},"87":{"start":{"line":612,"column":2},"end":{"line":612,"column":16}},"88":{"start":{"line":605,"column":0},"end":{"line":605,"column":22}},"89":{"start":{"line":621,"column":17},"end":{"line":625,"column":4}},"90":{"start":{"line":626,"column":51},"end":{"line":626,"column":69}},"91":{"start":{"line":627,"column":2},"end":{"line":627,"column":28}},"92":{"start":{"line":620,"column":0},"end":{"line":620,"column":22}},"93":{"start":{"line":636,"column":17},"end":{"line":640,"column":4}},"94":{"start":{"line":641,"column":47},"end":{"line":641,"column":65}},"95":{"start":{"line":642,"column":2},"end":{"line":642,"column":26}},"96":{"start":{"line":635,"column":0},"end":{"line":635,"column":22}},"97":{"start":{"line":651,"column":17},"end":{"line":655,"column":4}},"98":{"start":{"line":656,"column":33},"end":{"line":656,"column":51}},"99":{"start":{"line":657,"column":2},"end":{"line":657,"column":20}},"100":{"start":{"line":650,"column":0},"end":{"line":650,"column":22}},"101":{"start":{"line":666,"column":17},"end":{"line":670,"column":4}},"102":{"start":{"line":671,"column":43},"end":{"line":671,"column":61}},"103":{"start":{"line":672,"column":2},"end":{"line":672,"column":24}},"104":{"start":{"line":665,"column":0},"end":{"line":665,"column":22}},"105":{"start":{"line":681,"column":17},"end":{"line":685,"column":4}},"106":{"start":{"line":686,"column":41},"end":{"line":686,"column":59}},"107":{"start":{"line":687,"column":2},"end":{"line":687,"column":23}},"108":{"start":{"line":680,"column":0},"end":{"line":680,"column":22}},"109":{"start":{"line":696,"column":17},"end":{"line":700,"column":4}},"110":{"start":{"line":701,"column":41},"end":{"line":701,"column":59}},"111":{"start":{"line":702,"column":2},"end":{"line":702,"column":23}},"112":{"start":{"line":695,"column":0},"end":{"line":695,"column":22}},"113":{"start":{"line":711,"column":17},"end":{"line":715,"column":4}},"114":{"start":{"line":716,"column":37},"end":{"line":716,"column":55}},"115":{"start":{"line":717,"column":2},"end":{"line":717,"column":21}},"116":{"start":{"line":710,"column":0},"end":{"line":710,"column":22}},"117":{"start":{"line":726,"column":17},"end":{"line":730,"column":4}},"118":{"start":{"line":731,"column":31},"end":{"line":731,"column":52}},"119":{"start":{"line":732,"column":2},"end":{"line":732,"column":19}},"120":{"start":{"line":725,"column":0},"end":{"line":725,"column":22}},"121":{"start":{"line":741,"column":17},"end":{"line":745,"column":4}},"122":{"start":{"line":746,"column":41},"end":{"line":746,"column":59}},"123":{"start":{"line":747,"column":2},"end":{"line":747,"column":23}},"124":{"start":{"line":740,"column":0},"end":{"line":740,"column":22}},"125":{"start":{"line":756,"column":17},"end":{"line":760,"column":4}},"126":{"start":{"line":761,"column":49},"end":{"line":761,"column":67}},"127":{"start":{"line":762,"column":2},"end":{"line":762,"column":27}},"128":{"start":{"line":755,"column":0},"end":{"line":755,"column":22}},"129":{"start":{"line":771,"column":17},"end":{"line":775,"column":4}},"130":{"start":{"line":776,"column":39},"end":{"line":776,"column":57}},"131":{"start":{"line":777,"column":2},"end":{"line":777,"column":22}},"132":{"start":{"line":770,"column":0},"end":{"line":770,"column":22}},"133":{"start":{"line":786,"column":17},"end":{"line":790,"column":4}},"134":{"start":{"line":791,"column":35},"end":{"line":791,"column":53}},"135":{"start":{"line":792,"column":2},"end":{"line":792,"column":21}},"136":{"start":{"line":785,"column":0},"end":{"line":785,"column":22}},"137":{"start":{"line":801,"column":17},"end":{"line":805,"column":4}},"138":{"start":{"line":806,"column":39},"end":{"line":806,"column":57}},"139":{"start":{"line":807,"column":2},"end":{"line":807,"column":22}},"140":{"start":{"line":800,"column":0},"end":{"line":800,"column":22}},"141":{"start":{"line":816,"column":17},"end":{"line":820,"column":4}},"142":{"start":{"line":821,"column":45},"end":{"line":821,"column":63}},"143":{"start":{"line":822,"column":2},"end":{"line":822,"column":25}},"144":{"start":{"line":815,"column":0},"end":{"line":815,"column":22}},"145":{"start":{"line":831,"column":17},"end":{"line":835,"column":4}},"146":{"start":{"line":836,"column":45},"end":{"line":836,"column":63}},"147":{"start":{"line":837,"column":2},"end":{"line":837,"column":25}},"148":{"start":{"line":830,"column":0},"end":{"line":830,"column":22}},"149":{"start":{"line":846,"column":17},"end":{"line":850,"column":4}},"150":{"start":{"line":851,"column":39},"end":{"line":851,"column":57}},"151":{"start":{"line":852,"column":2},"end":{"line":852,"column":22}},"152":{"start":{"line":845,"column":0},"end":{"line":845,"column":22}},"153":{"start":{"line":861,"column":17},"end":{"line":865,"column":4}},"154":{"start":{"line":866,"column":47},"end":{"line":866,"column":65}},"155":{"start":{"line":867,"column":2},"end":{"line":867,"column":26}},"156":{"start":{"line":860,"column":0},"end":{"line":860,"column":22}},"157":{"start":{"line":876,"column":17},"end":{"line":880,"column":4}},"158":{"start":{"line":881,"column":51},"end":{"line":881,"column":69}},"159":{"start":{"line":882,"column":2},"end":{"line":882,"column":28}},"160":{"start":{"line":875,"column":0},"end":{"line":875,"column":22}},"161":{"start":{"line":891,"column":17},"end":{"line":895,"column":4}},"162":{"start":{"line":896,"column":33},"end":{"line":896,"column":51}},"163":{"start":{"line":897,"column":2},"end":{"line":897,"column":19}},"164":{"start":{"line":890,"column":0},"end":{"line":890,"column":22}},"165":{"start":{"line":906,"column":17},"end":{"line":910,"column":4}},"166":{"start":{"line":911,"column":43},"end":{"line":911,"column":61}},"167":{"start":{"line":912,"column":2},"end":{"line":912,"column":24}},"168":{"start":{"line":905,"column":0},"end":{"line":905,"column":22}},"169":{"start":{"line":921,"column":17},"end":{"line":925,"column":4}},"170":{"start":{"line":926,"column":27},"end":{"line":926,"column":45}},"171":{"start":{"line":927,"column":2},"end":{"line":927,"column":16}},"172":{"start":{"line":920,"column":0},"end":{"line":920,"column":22}},"173":{"start":{"line":936,"column":17},"end":{"line":940,"column":4}},"174":{"start":{"line":941,"column":35},"end":{"line":941,"column":53}},"175":{"start":{"line":942,"column":2},"end":{"line":942,"column":20}},"176":{"start":{"line":935,"column":0},"end":{"line":935,"column":22}},"177":{"start":{"line":951,"column":17},"end":{"line":955,"column":4}},"178":{"start":{"line":956,"column":35},"end":{"line":956,"column":53}},"179":{"start":{"line":957,"column":2},"end":{"line":957,"column":20}},"180":{"start":{"line":950,"column":0},"end":{"line":950,"column":22}},"181":{"start":{"line":966,"column":17},"end":{"line":970,"column":4}},"182":{"start":{"line":971,"column":39},"end":{"line":971,"column":57}},"183":{"start":{"line":972,"column":2},"end":{"line":972,"column":22}},"184":{"start":{"line":965,"column":0},"end":{"line":965,"column":22}},"185":{"start":{"line":981,"column":17},"end":{"line":985,"column":4}},"186":{"start":{"line":986,"column":33},"end":{"line":986,"column":51}},"187":{"start":{"line":987,"column":2},"end":{"line":987,"column":20}},"188":{"start":{"line":980,"column":0},"end":{"line":980,"column":22}},"189":{"start":{"line":996,"column":17},"end":{"line":1000,"column":4}},"190":{"start":{"line":1001,"column":21},"end":{"line":1001,"column":39}},"191":{"start":{"line":1002,"column":2},"end":{"line":1002,"column":14}},"192":{"start":{"line":995,"column":0},"end":{"line":995,"column":22}},"193":{"start":{"line":1011,"column":17},"end":{"line":1015,"column":4}},"194":{"start":{"line":1016,"column":25},"end":{"line":1016,"column":43}},"195":{"start":{"line":1017,"column":2},"end":{"line":1017,"column":16}},"196":{"start":{"line":1010,"column":0},"end":{"line":1010,"column":22}},"197":{"start":{"line":1026,"column":17},"end":{"line":1030,"column":4}},"198":{"start":{"line":1031,"column":35},"end":{"line":1031,"column":53}},"199":{"start":{"line":1032,"column":2},"end":{"line":1032,"column":20}},"200":{"start":{"line":1025,"column":0},"end":{"line":1025,"column":22}},"201":{"start":{"line":1041,"column":17},"end":{"line":1045,"column":4}},"202":{"start":{"line":1046,"column":37},"end":{"line":1046,"column":55}},"203":{"start":{"line":1047,"column":2},"end":{"line":1047,"column":21}},"204":{"start":{"line":1040,"column":0},"end":{"line":1040,"column":22}},"205":{"start":{"line":1056,"column":17},"end":{"line":1060,"column":4}},"206":{"start":{"line":1061,"column":25},"end":{"line":1061,"column":43}},"207":{"start":{"line":1062,"column":2},"end":{"line":1062,"column":15}},"208":{"start":{"line":1055,"column":0},"end":{"line":1055,"column":22}},"209":{"start":{"line":1072,"column":17},"end":{"line":1076,"column":4}},"210":{"start":{"line":1077,"column":30},"end":{"line":1077,"column":48}},"211":{"start":{"line":1078,"column":2},"end":{"line":1078,"column":21}},"212":{"start":{"line":1071,"column":0},"end":{"line":1071,"column":22}},"213":{"start":{"line":1087,"column":17},"end":{"line":1091,"column":4}},"214":{"start":{"line":1092,"column":35},"end":{"line":1092,"column":53}},"215":{"start":{"line":1093,"column":2},"end":{"line":1093,"column":20}},"216":{"start":{"line":1086,"column":0},"end":{"line":1086,"column":22}},"217":{"start":{"line":1104,"column":17},"end":{"line":1108,"column":4}},"218":{"start":{"line":1109,"column":59},"end":{"line":1109,"column":77}},"219":{"start":{"line":1110,"column":2},"end":{"line":1110,"column":32}},"220":{"start":{"line":1101,"column":0},"end":{"line":1101,"column":22}},"221":{"start":{"line":1121,"column":17},"end":{"line":1123,"column":4}},"222":{"start":{"line":1124,"column":43},"end":{"line":1124,"column":61}},"223":{"start":{"line":1125,"column":2},"end":{"line":1125,"column":24}},"224":{"start":{"line":1120,"column":0},"end":{"line":1120,"column":22}},"225":{"start":{"line":1135,"column":17},"end":{"line":1137,"column":null}},"226":{"start":{"line":1139,"column":39},"end":{"line":1139,"column":57}},"227":{"start":{"line":1140,"column":2},"end":{"line":1140,"column":22}},"228":{"start":{"line":1134,"column":0},"end":{"line":1134,"column":22}},"229":{"start":{"line":1149,"column":17},"end":{"line":1151,"column":4}},"230":{"start":{"line":1152,"column":31},"end":{"line":1152,"column":49}},"231":{"start":{"line":1153,"column":2},"end":{"line":1153,"column":18}},"232":{"start":{"line":1148,"column":0},"end":{"line":1148,"column":22}},"233":{"start":{"line":1164,"column":17},"end":{"line":1166,"column":null}},"234":{"start":{"line":1169,"column":4},"end":{"line":1169,"column":22}},"235":{"start":{"line":1170,"column":2},"end":{"line":1170,"column":39}},"236":{"start":{"line":1161,"column":0},"end":{"line":1161,"column":22}},"237":{"start":{"line":1179,"column":17},"end":{"line":1181,"column":4}},"238":{"start":{"line":1182,"column":41},"end":{"line":1182,"column":59}},"239":{"start":{"line":1183,"column":2},"end":{"line":1183,"column":23}},"240":{"start":{"line":1178,"column":0},"end":{"line":1178,"column":22}},"241":{"start":{"line":1192,"column":17},"end":{"line":1194,"column":4}},"242":{"start":{"line":1195,"column":37},"end":{"line":1195,"column":55}},"243":{"start":{"line":1196,"column":2},"end":{"line":1196,"column":21}},"244":{"start":{"line":1191,"column":0},"end":{"line":1191,"column":22}},"245":{"start":{"line":1205,"column":17},"end":{"line":1207,"column":4}},"246":{"start":{"line":1208,"column":51},"end":{"line":1208,"column":69}},"247":{"start":{"line":1209,"column":2},"end":{"line":1209,"column":28}},"248":{"start":{"line":1204,"column":0},"end":{"line":1204,"column":22}},"249":{"start":{"line":1218,"column":17},"end":{"line":1220,"column":4}},"250":{"start":{"line":1221,"column":37},"end":{"line":1221,"column":55}},"251":{"start":{"line":1222,"column":2},"end":{"line":1222,"column":22}},"252":{"start":{"line":1217,"column":0},"end":{"line":1217,"column":22}},"253":{"start":{"line":1231,"column":17},"end":{"line":1233,"column":4}},"254":{"start":{"line":1234,"column":51},"end":{"line":1234,"column":69}},"255":{"start":{"line":1235,"column":2},"end":{"line":1235,"column":28}},"256":{"start":{"line":1230,"column":0},"end":{"line":1230,"column":22}},"257":{"start":{"line":1244,"column":17},"end":{"line":1246,"column":4}},"258":{"start":{"line":1247,"column":31},"end":{"line":1247,"column":49}},"259":{"start":{"line":1248,"column":2},"end":{"line":1248,"column":18}},"260":{"start":{"line":1243,"column":0},"end":{"line":1243,"column":22}},"261":{"start":{"line":1257,"column":17},"end":{"line":1259,"column":4}},"262":{"start":{"line":1260,"column":31},"end":{"line":1260,"column":49}},"263":{"start":{"line":1261,"column":2},"end":{"line":1261,"column":18}},"264":{"start":{"line":1256,"column":0},"end":{"line":1256,"column":22}},"265":{"start":{"line":1270,"column":17},"end":{"line":1270,"column":79}},"266":{"start":{"line":1271,"column":29},"end":{"line":1271,"column":47}},"267":{"start":{"line":1272,"column":2},"end":{"line":1272,"column":17}},"268":{"start":{"line":1269,"column":0},"end":{"line":1269,"column":22}},"269":{"start":{"line":1281,"column":17},"end":{"line":1283,"column":4}},"270":{"start":{"line":1284,"column":35},"end":{"line":1284,"column":53}},"271":{"start":{"line":1285,"column":2},"end":{"line":1285,"column":20}},"272":{"start":{"line":1280,"column":0},"end":{"line":1280,"column":22}},"273":{"start":{"line":1294,"column":17},"end":{"line":1296,"column":4}},"274":{"start":{"line":1297,"column":39},"end":{"line":1297,"column":57}},"275":{"start":{"line":1298,"column":2},"end":{"line":1298,"column":22}},"276":{"start":{"line":1293,"column":0},"end":{"line":1293,"column":22}},"277":{"start":{"line":1307,"column":17},"end":{"line":1309,"column":4}},"278":{"start":{"line":1310,"column":51},"end":{"line":1310,"column":69}},"279":{"start":{"line":1311,"column":2},"end":{"line":1311,"column":28}},"280":{"start":{"line":1306,"column":0},"end":{"line":1306,"column":22}},"281":{"start":{"line":1320,"column":17},"end":{"line":1322,"column":4}},"282":{"start":{"line":1323,"column":41},"end":{"line":1323,"column":59}},"283":{"start":{"line":1324,"column":2},"end":{"line":1324,"column":23}},"284":{"start":{"line":1319,"column":0},"end":{"line":1319,"column":22}},"285":{"start":{"line":1333,"column":17},"end":{"line":1335,"column":4}},"286":{"start":{"line":1336,"column":41},"end":{"line":1336,"column":59}},"287":{"start":{"line":1337,"column":2},"end":{"line":1337,"column":23}},"288":{"start":{"line":1332,"column":0},"end":{"line":1332,"column":22}},"289":{"start":{"line":1346,"column":17},"end":{"line":1348,"column":4}},"290":{"start":{"line":1349,"column":33},"end":{"line":1349,"column":51}},"291":{"start":{"line":1350,"column":2},"end":{"line":1350,"column":19}},"292":{"start":{"line":1345,"column":0},"end":{"line":1345,"column":22}},"293":{"start":{"line":1359,"column":17},"end":{"line":1361,"column":4}},"294":{"start":{"line":1362,"column":51},"end":{"line":1362,"column":69}},"295":{"start":{"line":1363,"column":2},"end":{"line":1363,"column":28}},"296":{"start":{"line":1358,"column":0},"end":{"line":1358,"column":22}},"297":{"start":{"line":1372,"column":17},"end":{"line":1374,"column":4}},"298":{"start":{"line":1375,"column":49},"end":{"line":1375,"column":67}},"299":{"start":{"line":1376,"column":2},"end":{"line":1376,"column":27}},"300":{"start":{"line":1371,"column":0},"end":{"line":1371,"column":22}},"301":{"start":{"line":1385,"column":17},"end":{"line":1387,"column":4}},"302":{"start":{"line":1388,"column":33},"end":{"line":1388,"column":51}},"303":{"start":{"line":1389,"column":2},"end":{"line":1389,"column":19}},"304":{"start":{"line":1384,"column":0},"end":{"line":1384,"column":22}},"305":{"start":{"line":1398,"column":17},"end":{"line":1398,"column":79}},"306":{"start":{"line":1399,"column":29},"end":{"line":1399,"column":47}},"307":{"start":{"line":1400,"column":2},"end":{"line":1400,"column":17}},"308":{"start":{"line":1397,"column":0},"end":{"line":1397,"column":22}},"309":{"start":{"line":1411,"column":17},"end":{"line":1413,"column":4}},"310":{"start":{"line":1414,"column":61},"end":{"line":1414,"column":79}},"311":{"start":{"line":1415,"column":2},"end":{"line":1415,"column":33}},"312":{"start":{"line":1408,"column":0},"end":{"line":1408,"column":22}},"313":{"start":{"line":1424,"column":17},"end":{"line":1424,"column":77}},"314":{"start":{"line":1425,"column":25},"end":{"line":1425,"column":43}},"315":{"start":{"line":1426,"column":2},"end":{"line":1426,"column":15}},"316":{"start":{"line":1423,"column":0},"end":{"line":1423,"column":22}},"317":{"start":{"line":1436,"column":17},"end":{"line":1438,"column":4}},"318":{"start":{"line":1439,"column":47},"end":{"line":1439,"column":65}},"319":{"start":{"line":1440,"column":2},"end":{"line":1440,"column":26}},"320":{"start":{"line":1435,"column":0},"end":{"line":1435,"column":22}},"321":{"start":{"line":1449,"column":17},"end":{"line":1451,"column":4}},"322":{"start":{"line":1452,"column":36},"end":{"line":1452,"column":54}},"323":{"start":{"line":1453,"column":2},"end":{"line":1453,"column":23}},"324":{"start":{"line":1448,"column":0},"end":{"line":1448,"column":22}},"325":{"start":{"line":1462,"column":17},"end":{"line":1464,"column":4}},"326":{"start":{"line":1465,"column":47},"end":{"line":1465,"column":65}},"327":{"start":{"line":1466,"column":2},"end":{"line":1466,"column":26}},"328":{"start":{"line":1461,"column":0},"end":{"line":1461,"column":22}},"329":{"start":{"line":1475,"column":17},"end":{"line":1477,"column":4}},"330":{"start":{"line":1478,"column":31},"end":{"line":1478,"column":49}},"331":{"start":{"line":1479,"column":2},"end":{"line":1479,"column":18}},"332":{"start":{"line":1474,"column":0},"end":{"line":1474,"column":22}},"333":{"start":{"line":1488,"column":17},"end":{"line":1490,"column":4}},"334":{"start":{"line":1491,"column":31},"end":{"line":1491,"column":49}},"335":{"start":{"line":1492,"column":2},"end":{"line":1492,"column":18}},"336":{"start":{"line":1487,"column":0},"end":{"line":1487,"column":22}},"337":{"start":{"line":1501,"column":17},"end":{"line":1503,"column":4}},"338":{"start":{"line":1504,"column":42},"end":{"line":1504,"column":60}},"339":{"start":{"line":1505,"column":2},"end":{"line":1505,"column":24}},"340":{"start":{"line":1500,"column":0},"end":{"line":1500,"column":22}},"341":{"start":{"line":1514,"column":17},"end":{"line":1516,"column":4}},"342":{"start":{"line":1517,"column":54},"end":{"line":1517,"column":72}},"343":{"start":{"line":1518,"column":2},"end":{"line":1518,"column":30}},"344":{"start":{"line":1513,"column":0},"end":{"line":1513,"column":22}},"345":{"start":{"line":1527,"column":17},"end":{"line":1529,"column":4}},"346":{"start":{"line":1530,"column":31},"end":{"line":1530,"column":49}},"347":{"start":{"line":1531,"column":2},"end":{"line":1531,"column":18}},"348":{"start":{"line":1526,"column":0},"end":{"line":1526,"column":22}},"349":{"start":{"line":1540,"column":17},"end":{"line":1542,"column":4}},"350":{"start":{"line":1543,"column":45},"end":{"line":1543,"column":63}},"351":{"start":{"line":1544,"column":2},"end":{"line":1544,"column":25}},"352":{"start":{"line":1539,"column":0},"end":{"line":1539,"column":22}},"353":{"start":{"line":1553,"column":17},"end":{"line":1555,"column":4}},"354":{"start":{"line":1556,"column":33},"end":{"line":1556,"column":51}},"355":{"start":{"line":1557,"column":2},"end":{"line":1557,"column":19}},"356":{"start":{"line":1552,"column":0},"end":{"line":1552,"column":22}},"357":{"start":{"line":1566,"column":17},"end":{"line":1568,"column":4}},"358":{"start":{"line":1569,"column":33},"end":{"line":1569,"column":51}},"359":{"start":{"line":1570,"column":2},"end":{"line":1570,"column":19}},"360":{"start":{"line":1565,"column":0},"end":{"line":1565,"column":22}},"361":{"start":{"line":1579,"column":17},"end":{"line":1581,"column":4}},"362":{"start":{"line":1582,"column":29},"end":{"line":1582,"column":47}},"363":{"start":{"line":1583,"column":2},"end":{"line":1583,"column":17}},"364":{"start":{"line":1578,"column":0},"end":{"line":1578,"column":22}},"365":{"start":{"line":1592,"column":17},"end":{"line":1594,"column":4}},"366":{"start":{"line":1595,"column":35},"end":{"line":1595,"column":53}},"367":{"start":{"line":1596,"column":2},"end":{"line":1596,"column":20}},"368":{"start":{"line":1591,"column":0},"end":{"line":1591,"column":22}},"369":{"start":{"line":1605,"column":17},"end":{"line":1607,"column":4}},"370":{"start":{"line":1608,"column":33},"end":{"line":1608,"column":51}},"371":{"start":{"line":1609,"column":2},"end":{"line":1609,"column":19}},"372":{"start":{"line":1604,"column":0},"end":{"line":1604,"column":22}},"373":{"start":{"line":1618,"column":17},"end":{"line":1620,"column":4}},"374":{"start":{"line":1621,"column":35},"end":{"line":1621,"column":53}},"375":{"start":{"line":1622,"column":2},"end":{"line":1622,"column":20}},"376":{"start":{"line":1617,"column":0},"end":{"line":1617,"column":22}},"377":{"start":{"line":1631,"column":17},"end":{"line":1633,"column":4}},"378":{"start":{"line":1634,"column":43},"end":{"line":1634,"column":61}},"379":{"start":{"line":1635,"column":2},"end":{"line":1635,"column":24}},"380":{"start":{"line":1630,"column":0},"end":{"line":1630,"column":22}},"381":{"start":{"line":1644,"column":17},"end":{"line":1646,"column":4}},"382":{"start":{"line":1647,"column":45},"end":{"line":1647,"column":63}},"383":{"start":{"line":1648,"column":2},"end":{"line":1648,"column":25}},"384":{"start":{"line":1643,"column":0},"end":{"line":1643,"column":22}},"385":{"start":{"line":1657,"column":17},"end":{"line":1659,"column":4}},"386":{"start":{"line":1660,"column":41},"end":{"line":1660,"column":59}},"387":{"start":{"line":1661,"column":2},"end":{"line":1661,"column":23}},"388":{"start":{"line":1656,"column":0},"end":{"line":1656,"column":22}},"389":{"start":{"line":1672,"column":17},"end":{"line":1674,"column":4}},"390":{"start":{"line":1675,"column":55},"end":{"line":1675,"column":73}},"391":{"start":{"line":1676,"column":2},"end":{"line":1676,"column":30}},"392":{"start":{"line":1669,"column":0},"end":{"line":1669,"column":22}},"393":{"start":{"line":1687,"column":17},"end":{"line":1689,"column":4}},"394":{"start":{"line":1690,"column":61},"end":{"line":1690,"column":79}},"395":{"start":{"line":1691,"column":2},"end":{"line":1691,"column":33}},"396":{"start":{"line":1684,"column":0},"end":{"line":1684,"column":22}},"397":{"start":{"line":1702,"column":17},"end":{"line":1704,"column":4}},"398":{"start":{"line":1705,"column":57},"end":{"line":1705,"column":75}},"399":{"start":{"line":1706,"column":2},"end":{"line":1706,"column":31}},"400":{"start":{"line":1699,"column":0},"end":{"line":1699,"column":22}},"401":{"start":{"line":1717,"column":17},"end":{"line":1719,"column":4}},"402":{"start":{"line":1720,"column":61},"end":{"line":1720,"column":79}},"403":{"start":{"line":1721,"column":2},"end":{"line":1721,"column":33}},"404":{"start":{"line":1714,"column":0},"end":{"line":1714,"column":22}},"405":{"start":{"line":1732,"column":17},"end":{"line":1734,"column":4}},"406":{"start":{"line":1735,"column":55},"end":{"line":1735,"column":73}},"407":{"start":{"line":1736,"column":2},"end":{"line":1736,"column":30}},"408":{"start":{"line":1729,"column":0},"end":{"line":1729,"column":22}},"409":{"start":{"line":1745,"column":17},"end":{"line":1747,"column":4}},"410":{"start":{"line":1748,"column":37},"end":{"line":1748,"column":55}},"411":{"start":{"line":1749,"column":2},"end":{"line":1749,"column":21}},"412":{"start":{"line":1744,"column":0},"end":{"line":1744,"column":22}},"413":{"start":{"line":1760,"column":17},"end":{"line":1762,"column":4}},"414":{"start":{"line":1763,"column":55},"end":{"line":1763,"column":73}},"415":{"start":{"line":1764,"column":2},"end":{"line":1764,"column":30}},"416":{"start":{"line":1757,"column":0},"end":{"line":1757,"column":22}},"417":{"start":{"line":1773,"column":17},"end":{"line":1775,"column":4}},"418":{"start":{"line":1776,"column":45},"end":{"line":1776,"column":63}},"419":{"start":{"line":1777,"column":2},"end":{"line":1777,"column":25}},"420":{"start":{"line":1772,"column":0},"end":{"line":1772,"column":22}},"421":{"start":{"line":1788,"column":17},"end":{"line":1790,"column":4}},"422":{"start":{"line":1792,"column":4},"end":{"line":1792,"column":22}},"423":{"start":{"line":1793,"column":2},"end":{"line":1793,"column":34}},"424":{"start":{"line":1785,"column":0},"end":{"line":1785,"column":22}},"425":{"start":{"line":1804,"column":17},"end":{"line":1806,"column":4}},"426":{"start":{"line":1807,"column":61},"end":{"line":1807,"column":79}},"427":{"start":{"line":1808,"column":2},"end":{"line":1808,"column":33}},"428":{"start":{"line":1801,"column":0},"end":{"line":1801,"column":22}},"429":{"start":{"line":1819,"column":17},"end":{"line":1822,"column":4}},"430":{"start":{"line":1823,"column":37},"end":{"line":1823,"column":55}},"431":{"start":{"line":1824,"column":2},"end":{"line":1824,"column":21}},"432":{"start":{"line":1818,"column":0},"end":{"line":1818,"column":22}},"433":{"start":{"line":1835,"column":17},"end":{"line":1838,"column":4}},"434":{"start":{"line":1839,"column":35},"end":{"line":1839,"column":53}},"435":{"start":{"line":1840,"column":2},"end":{"line":1840,"column":20}},"436":{"start":{"line":1834,"column":0},"end":{"line":1834,"column":22}},"437":{"start":{"line":1849,"column":17},"end":{"line":1852,"column":4}},"438":{"start":{"line":1853,"column":27},"end":{"line":1853,"column":45}},"439":{"start":{"line":1854,"column":2},"end":{"line":1854,"column":16}},"440":{"start":{"line":1848,"column":0},"end":{"line":1848,"column":22}},"441":{"start":{"line":1863,"column":17},"end":{"line":1866,"column":4}},"442":{"start":{"line":1867,"column":43},"end":{"line":1867,"column":61}},"443":{"start":{"line":1868,"column":2},"end":{"line":1868,"column":24}},"444":{"start":{"line":1862,"column":0},"end":{"line":1862,"column":22}},"445":{"start":{"line":1877,"column":17},"end":{"line":1880,"column":4}},"446":{"start":{"line":1881,"column":39},"end":{"line":1881,"column":57}},"447":{"start":{"line":1882,"column":2},"end":{"line":1882,"column":22}},"448":{"start":{"line":1876,"column":0},"end":{"line":1876,"column":22}},"449":{"start":{"line":1891,"column":17},"end":{"line":1894,"column":4}},"450":{"start":{"line":1895,"column":30},"end":{"line":1895,"column":48}},"451":{"start":{"line":1896,"column":2},"end":{"line":1896,"column":18}},"452":{"start":{"line":1890,"column":0},"end":{"line":1890,"column":22}},"453":{"start":{"line":1905,"column":17},"end":{"line":1908,"column":4}},"454":{"start":{"line":1909,"column":30},"end":{"line":1909,"column":48}},"455":{"start":{"line":1910,"column":2},"end":{"line":1910,"column":18}},"456":{"start":{"line":1904,"column":0},"end":{"line":1904,"column":22}},"457":{"start":{"line":1919,"column":17},"end":{"line":1922,"column":4}},"458":{"start":{"line":1923,"column":36},"end":{"line":1923,"column":54}},"459":{"start":{"line":1924,"column":2},"end":{"line":1924,"column":21}},"460":{"start":{"line":1918,"column":0},"end":{"line":1918,"column":22}},"461":{"start":{"line":1933,"column":17},"end":{"line":1936,"column":4}},"462":{"start":{"line":1937,"column":37},"end":{"line":1937,"column":55}},"463":{"start":{"line":1938,"column":2},"end":{"line":1938,"column":22}},"464":{"start":{"line":1932,"column":0},"end":{"line":1932,"column":22}},"465":{"start":{"line":1947,"column":17},"end":{"line":1950,"column":4}},"466":{"start":{"line":1951,"column":47},"end":{"line":1951,"column":65}},"467":{"start":{"line":1952,"column":2},"end":{"line":1952,"column":26}},"468":{"start":{"line":1946,"column":0},"end":{"line":1946,"column":22}},"469":{"start":{"line":1961,"column":17},"end":{"line":1964,"column":4}},"470":{"start":{"line":1965,"column":43},"end":{"line":1965,"column":61}},"471":{"start":{"line":1966,"column":2},"end":{"line":1966,"column":24}},"472":{"start":{"line":1960,"column":0},"end":{"line":1960,"column":22}},"473":{"start":{"line":1975,"column":17},"end":{"line":1978,"column":4}},"474":{"start":{"line":1979,"column":39},"end":{"line":1979,"column":57}},"475":{"start":{"line":1980,"column":2},"end":{"line":1980,"column":22}},"476":{"start":{"line":1974,"column":0},"end":{"line":1974,"column":22}},"477":{"start":{"line":1989,"column":17},"end":{"line":1992,"column":4}},"478":{"start":{"line":1993,"column":53},"end":{"line":1993,"column":71}},"479":{"start":{"line":1994,"column":2},"end":{"line":1994,"column":29}},"480":{"start":{"line":1988,"column":0},"end":{"line":1988,"column":22}},"481":{"start":{"line":2005,"column":17},"end":{"line":2008,"column":4}},"482":{"start":{"line":2010,"column":4},"end":{"line":2010,"column":22}},"483":{"start":{"line":2011,"column":2},"end":{"line":2011,"column":34}},"484":{"start":{"line":2002,"column":0},"end":{"line":2002,"column":22}},"485":{"start":{"line":2022,"column":17},"end":{"line":2025,"column":4}},"486":{"start":{"line":2026,"column":57},"end":{"line":2026,"column":75}},"487":{"start":{"line":2027,"column":2},"end":{"line":2027,"column":31}},"488":{"start":{"line":2019,"column":0},"end":{"line":2019,"column":22}},"489":{"start":{"line":2038,"column":17},"end":{"line":2041,"column":4}},"490":{"start":{"line":2042,"column":57},"end":{"line":2042,"column":75}},"491":{"start":{"line":2043,"column":2},"end":{"line":2043,"column":31}},"492":{"start":{"line":2035,"column":0},"end":{"line":2035,"column":22}},"493":{"start":{"line":2054,"column":17},"end":{"line":2057,"column":4}},"494":{"start":{"line":2058,"column":61},"end":{"line":2058,"column":79}},"495":{"start":{"line":2059,"column":2},"end":{"line":2059,"column":33}},"496":{"start":{"line":2051,"column":0},"end":{"line":2051,"column":22}},"497":{"start":{"line":2070,"column":17},"end":{"line":2073,"column":4}},"498":{"start":{"line":2074,"column":55},"end":{"line":2074,"column":73}},"499":{"start":{"line":2075,"column":2},"end":{"line":2075,"column":30}},"500":{"start":{"line":2067,"column":0},"end":{"line":2067,"column":22}},"501":{"start":{"line":2086,"column":17},"end":{"line":2089,"column":4}},"502":{"start":{"line":2091,"column":4},"end":{"line":2091,"column":22}},"503":{"start":{"line":2092,"column":2},"end":{"line":2092,"column":34}},"504":{"start":{"line":2083,"column":0},"end":{"line":2083,"column":22}},"505":{"start":{"line":2103,"column":17},"end":{"line":2106,"column":4}},"506":{"start":{"line":2107,"column":55},"end":{"line":2107,"column":73}},"507":{"start":{"line":2108,"column":2},"end":{"line":2108,"column":30}},"508":{"start":{"line":2100,"column":0},"end":{"line":2100,"column":22}},"509":{"start":{"line":2117,"column":17},"end":{"line":2120,"column":4}},"510":{"start":{"line":2121,"column":47},"end":{"line":2121,"column":65}},"511":{"start":{"line":2122,"column":2},"end":{"line":2122,"column":26}},"512":{"start":{"line":2116,"column":0},"end":{"line":2116,"column":22}},"513":{"start":{"line":2131,"column":17},"end":{"line":2134,"column":4}},"514":{"start":{"line":2135,"column":51},"end":{"line":2135,"column":69}},"515":{"start":{"line":2136,"column":2},"end":{"line":2136,"column":28}},"516":{"start":{"line":2130,"column":0},"end":{"line":2130,"column":22}},"517":{"start":{"line":2145,"column":17},"end":{"line":2148,"column":4}},"518":{"start":{"line":2149,"column":49},"end":{"line":2149,"column":67}},"519":{"start":{"line":2150,"column":2},"end":{"line":2150,"column":27}},"520":{"start":{"line":2144,"column":0},"end":{"line":2144,"column":22}},"521":{"start":{"line":2159,"column":17},"end":{"line":2162,"column":4}},"522":{"start":{"line":2163,"column":49},"end":{"line":2163,"column":67}},"523":{"start":{"line":2164,"column":2},"end":{"line":2164,"column":27}},"524":{"start":{"line":2158,"column":0},"end":{"line":2158,"column":22}},"525":{"start":{"line":2173,"column":17},"end":{"line":2176,"column":4}},"526":{"start":{"line":2177,"column":39},"end":{"line":2177,"column":57}},"527":{"start":{"line":2178,"column":2},"end":{"line":2178,"column":22}},"528":{"start":{"line":2172,"column":0},"end":{"line":2172,"column":22}},"529":{"start":{"line":2187,"column":17},"end":{"line":2190,"column":4}},"530":{"start":{"line":2191,"column":33},"end":{"line":2191,"column":51}},"531":{"start":{"line":2192,"column":2},"end":{"line":2192,"column":20}},"532":{"start":{"line":2186,"column":0},"end":{"line":2186,"column":22}},"533":{"start":{"line":2201,"column":17},"end":{"line":2204,"column":4}},"534":{"start":{"line":2205,"column":53},"end":{"line":2205,"column":71}},"535":{"start":{"line":2206,"column":2},"end":{"line":2206,"column":29}},"536":{"start":{"line":2200,"column":0},"end":{"line":2200,"column":22}},"537":{"start":{"line":2215,"column":17},"end":{"line":2218,"column":4}},"538":{"start":{"line":2219,"column":43},"end":{"line":2219,"column":61}},"539":{"start":{"line":2220,"column":2},"end":{"line":2220,"column":24}},"540":{"start":{"line":2214,"column":0},"end":{"line":2214,"column":22}},"541":{"start":{"line":2229,"column":17},"end":{"line":2232,"column":4}},"542":{"start":{"line":2233,"column":39},"end":{"line":2233,"column":60}},"543":{"start":{"line":2234,"column":2},"end":{"line":2234,"column":23}},"544":{"start":{"line":2228,"column":0},"end":{"line":2228,"column":22}},"545":{"start":{"line":2243,"column":17},"end":{"line":2246,"column":4}},"546":{"start":{"line":2247,"column":51},"end":{"line":2247,"column":69}},"547":{"start":{"line":2248,"column":2},"end":{"line":2248,"column":28}},"548":{"start":{"line":2242,"column":0},"end":{"line":2242,"column":22}},"549":{"start":{"line":2257,"column":17},"end":{"line":2260,"column":4}},"550":{"start":{"line":2261,"column":41},"end":{"line":2261,"column":59}},"551":{"start":{"line":2262,"column":2},"end":{"line":2262,"column":23}},"552":{"start":{"line":2256,"column":0},"end":{"line":2256,"column":22}},"553":{"start":{"line":2271,"column":17},"end":{"line":2274,"column":4}},"554":{"start":{"line":2275,"column":51},"end":{"line":2275,"column":69}},"555":{"start":{"line":2276,"column":2},"end":{"line":2276,"column":28}},"556":{"start":{"line":2270,"column":0},"end":{"line":2270,"column":22}},"557":{"start":{"line":2285,"column":17},"end":{"line":2288,"column":4}},"558":{"start":{"line":2289,"column":35},"end":{"line":2289,"column":53}},"559":{"start":{"line":2290,"column":2},"end":{"line":2290,"column":20}},"560":{"start":{"line":2284,"column":0},"end":{"line":2284,"column":22}},"561":{"start":{"line":2299,"column":17},"end":{"line":2302,"column":4}},"562":{"start":{"line":2303,"column":43},"end":{"line":2303,"column":61}},"563":{"start":{"line":2304,"column":2},"end":{"line":2304,"column":24}},"564":{"start":{"line":2298,"column":0},"end":{"line":2298,"column":22}},"565":{"start":{"line":2313,"column":17},"end":{"line":2316,"column":4}},"566":{"start":{"line":2317,"column":41},"end":{"line":2317,"column":59}},"567":{"start":{"line":2318,"column":2},"end":{"line":2318,"column":23}},"568":{"start":{"line":2312,"column":0},"end":{"line":2312,"column":22}},"569":{"start":{"line":2327,"column":17},"end":{"line":2330,"column":4}},"570":{"start":{"line":2331,"column":35},"end":{"line":2331,"column":53}},"571":{"start":{"line":2332,"column":2},"end":{"line":2332,"column":20}},"572":{"start":{"line":2326,"column":0},"end":{"line":2326,"column":22}},"573":{"start":{"line":2341,"column":17},"end":{"line":2344,"column":4}},"574":{"start":{"line":2345,"column":23},"end":{"line":2345,"column":41}},"575":{"start":{"line":2346,"column":2},"end":{"line":2346,"column":14}},"576":{"start":{"line":2340,"column":0},"end":{"line":2340,"column":22}},"577":{"start":{"line":2355,"column":17},"end":{"line":2358,"column":4}},"578":{"start":{"line":2359,"column":37},"end":{"line":2359,"column":55}},"579":{"start":{"line":2360,"column":2},"end":{"line":2360,"column":21}},"580":{"start":{"line":2354,"column":0},"end":{"line":2354,"column":22}},"581":{"start":{"line":2369,"column":17},"end":{"line":2372,"column":4}},"582":{"start":{"line":2373,"column":25},"end":{"line":2373,"column":43}},"583":{"start":{"line":2374,"column":2},"end":{"line":2374,"column":15}},"584":{"start":{"line":2368,"column":0},"end":{"line":2368,"column":22}},"585":{"start":{"line":2385,"column":17},"end":{"line":2387,"column":null}},"586":{"start":{"line":2390,"column":4},"end":{"line":2390,"column":22}},"587":{"start":{"line":2391,"column":2},"end":{"line":2391,"column":36}},"588":{"start":{"line":2382,"column":0},"end":{"line":2382,"column":22}},"589":{"start":{"line":2400,"column":17},"end":{"line":2403,"column":4}},"590":{"start":{"line":2404,"column":39},"end":{"line":2404,"column":57}},"591":{"start":{"line":2405,"column":2},"end":{"line":2405,"column":22}},"592":{"start":{"line":2399,"column":0},"end":{"line":2399,"column":22}},"593":{"start":{"line":2416,"column":17},"end":{"line":2418,"column":null}},"594":{"start":{"line":2421,"column":4},"end":{"line":2421,"column":22}},"595":{"start":{"line":2422,"column":2},"end":{"line":2422,"column":37}},"596":{"start":{"line":2413,"column":0},"end":{"line":2413,"column":22}},"597":{"start":{"line":2431,"column":17},"end":{"line":2434,"column":4}},"598":{"start":{"line":2435,"column":45},"end":{"line":2435,"column":63}},"599":{"start":{"line":2436,"column":2},"end":{"line":2436,"column":25}},"600":{"start":{"line":2430,"column":0},"end":{"line":2430,"column":22}},"601":{"start":{"line":2445,"column":17},"end":{"line":2448,"column":4}},"602":{"start":{"line":2449,"column":27},"end":{"line":2449,"column":45}},"603":{"start":{"line":2450,"column":2},"end":{"line":2450,"column":16}},"604":{"start":{"line":2444,"column":0},"end":{"line":2444,"column":22}},"605":{"start":{"line":2459,"column":17},"end":{"line":2462,"column":4}},"606":{"start":{"line":2463,"column":35},"end":{"line":2463,"column":53}},"607":{"start":{"line":2464,"column":2},"end":{"line":2464,"column":20}},"608":{"start":{"line":2458,"column":0},"end":{"line":2458,"column":22}},"609":{"start":{"line":2473,"column":17},"end":{"line":2476,"column":4}},"610":{"start":{"line":2477,"column":35},"end":{"line":2477,"column":53}},"611":{"start":{"line":2478,"column":2},"end":{"line":2478,"column":20}},"612":{"start":{"line":2472,"column":0},"end":{"line":2472,"column":22}},"613":{"start":{"line":2487,"column":17},"end":{"line":2490,"column":4}},"614":{"start":{"line":2491,"column":37},"end":{"line":2491,"column":55}},"615":{"start":{"line":2492,"column":2},"end":{"line":2492,"column":21}},"616":{"start":{"line":2486,"column":0},"end":{"line":2486,"column":22}},"617":{"start":{"line":2501,"column":17},"end":{"line":2504,"column":4}},"618":{"start":{"line":2505,"column":41},"end":{"line":2505,"column":59}},"619":{"start":{"line":2506,"column":2},"end":{"line":2506,"column":23}},"620":{"start":{"line":2500,"column":0},"end":{"line":2500,"column":22}},"621":{"start":{"line":2515,"column":17},"end":{"line":2518,"column":4}},"622":{"start":{"line":2519,"column":47},"end":{"line":2519,"column":65}},"623":{"start":{"line":2520,"column":2},"end":{"line":2520,"column":26}},"624":{"start":{"line":2514,"column":0},"end":{"line":2514,"column":22}},"625":{"start":{"line":2529,"column":17},"end":{"line":2532,"column":4}},"626":{"start":{"line":2533,"column":49},"end":{"line":2533,"column":67}},"627":{"start":{"line":2534,"column":2},"end":{"line":2534,"column":27}},"628":{"start":{"line":2528,"column":0},"end":{"line":2528,"column":22}},"629":{"start":{"line":2543,"column":17},"end":{"line":2546,"column":4}},"630":{"start":{"line":2547,"column":39},"end":{"line":2547,"column":57}},"631":{"start":{"line":2548,"column":2},"end":{"line":2548,"column":22}},"632":{"start":{"line":2542,"column":0},"end":{"line":2542,"column":22}},"633":{"start":{"line":2557,"column":17},"end":{"line":2560,"column":4}},"634":{"start":{"line":2561,"column":39},"end":{"line":2561,"column":57}},"635":{"start":{"line":2562,"column":2},"end":{"line":2562,"column":22}},"636":{"start":{"line":2556,"column":0},"end":{"line":2556,"column":22}},"637":{"start":{"line":2571,"column":17},"end":{"line":2574,"column":4}},"638":{"start":{"line":2575,"column":39},"end":{"line":2575,"column":57}},"639":{"start":{"line":2576,"column":2},"end":{"line":2576,"column":22}},"640":{"start":{"line":2570,"column":0},"end":{"line":2570,"column":22}},"641":{"start":{"line":2585,"column":17},"end":{"line":2588,"column":4}},"642":{"start":{"line":2589,"column":29},"end":{"line":2589,"column":47}},"643":{"start":{"line":2590,"column":2},"end":{"line":2590,"column":17}},"644":{"start":{"line":2584,"column":0},"end":{"line":2584,"column":22}},"645":{"start":{"line":2599,"column":17},"end":{"line":2602,"column":4}},"646":{"start":{"line":2603,"column":29},"end":{"line":2603,"column":47}},"647":{"start":{"line":2604,"column":2},"end":{"line":2604,"column":17}},"648":{"start":{"line":2598,"column":0},"end":{"line":2598,"column":22}},"649":{"start":{"line":2613,"column":17},"end":{"line":2616,"column":4}},"650":{"start":{"line":2617,"column":43},"end":{"line":2617,"column":61}},"651":{"start":{"line":2618,"column":2},"end":{"line":2618,"column":24}},"652":{"start":{"line":2612,"column":0},"end":{"line":2612,"column":22}},"653":{"start":{"line":2627,"column":17},"end":{"line":2630,"column":4}},"654":{"start":{"line":2631,"column":35},"end":{"line":2631,"column":53}},"655":{"start":{"line":2632,"column":2},"end":{"line":2632,"column":20}},"656":{"start":{"line":2626,"column":0},"end":{"line":2626,"column":22}},"657":{"start":{"line":2641,"column":17},"end":{"line":2644,"column":4}},"658":{"start":{"line":2645,"column":35},"end":{"line":2645,"column":53}},"659":{"start":{"line":2646,"column":2},"end":{"line":2646,"column":20}},"660":{"start":{"line":2640,"column":0},"end":{"line":2640,"column":22}},"661":{"start":{"line":2655,"column":17},"end":{"line":2658,"column":4}},"662":{"start":{"line":2659,"column":35},"end":{"line":2659,"column":53}},"663":{"start":{"line":2660,"column":2},"end":{"line":2660,"column":20}},"664":{"start":{"line":2654,"column":0},"end":{"line":2654,"column":22}},"665":{"start":{"line":2671,"column":17},"end":{"line":2673,"column":4}},"666":{"start":{"line":2674,"column":43},"end":{"line":2674,"column":61}},"667":{"start":{"line":2675,"column":2},"end":{"line":2675,"column":24}},"668":{"start":{"line":2670,"column":0},"end":{"line":2670,"column":22}},"669":{"start":{"line":2684,"column":17},"end":{"line":2686,"column":4}},"670":{"start":{"line":2687,"column":47},"end":{"line":2687,"column":65}},"671":{"start":{"line":2688,"column":2},"end":{"line":2688,"column":26}},"672":{"start":{"line":2683,"column":0},"end":{"line":2683,"column":22}},"673":{"start":{"line":2697,"column":17},"end":{"line":2697,"column":78}},"674":{"start":{"line":2698,"column":35},"end":{"line":2698,"column":53}},"675":{"start":{"line":2699,"column":2},"end":{"line":2699,"column":20}},"676":{"start":{"line":2696,"column":0},"end":{"line":2696,"column":22}},"677":{"start":{"line":2708,"column":17},"end":{"line":2710,"column":4}},"678":{"start":{"line":2711,"column":47},"end":{"line":2711,"column":65}},"679":{"start":{"line":2712,"column":2},"end":{"line":2712,"column":26}},"680":{"start":{"line":2707,"column":0},"end":{"line":2707,"column":22}},"681":{"start":{"line":2721,"column":17},"end":{"line":2723,"column":4}},"682":{"start":{"line":2724,"column":45},"end":{"line":2724,"column":63}},"683":{"start":{"line":2725,"column":2},"end":{"line":2725,"column":25}},"684":{"start":{"line":2720,"column":0},"end":{"line":2720,"column":22}},"685":{"start":{"line":2734,"column":17},"end":{"line":2734,"column":79}},"686":{"start":{"line":2735,"column":37},"end":{"line":2735,"column":55}},"687":{"start":{"line":2736,"column":2},"end":{"line":2736,"column":21}},"688":{"start":{"line":2733,"column":0},"end":{"line":2733,"column":22}},"689":{"start":{"line":2745,"column":17},"end":{"line":2745,"column":75}},"690":{"start":{"line":2746,"column":31},"end":{"line":2746,"column":49}},"691":{"start":{"line":2747,"column":2},"end":{"line":2747,"column":18}},"692":{"start":{"line":2744,"column":0},"end":{"line":2744,"column":22}},"693":{"start":{"line":2756,"column":17},"end":{"line":2756,"column":78}},"694":{"start":{"line":2757,"column":35},"end":{"line":2757,"column":53}},"695":{"start":{"line":2758,"column":2},"end":{"line":2758,"column":20}},"696":{"start":{"line":2755,"column":0},"end":{"line":2755,"column":22}},"697":{"start":{"line":2767,"column":17},"end":{"line":2769,"column":4}},"698":{"start":{"line":2770,"column":41},"end":{"line":2770,"column":59}},"699":{"start":{"line":2771,"column":2},"end":{"line":2771,"column":23}},"700":{"start":{"line":2766,"column":0},"end":{"line":2766,"column":22}},"701":{"start":{"line":2780,"column":17},"end":{"line":2782,"column":4}},"702":{"start":{"line":2783,"column":45},"end":{"line":2783,"column":63}},"703":{"start":{"line":2784,"column":2},"end":{"line":2784,"column":25}},"704":{"start":{"line":2779,"column":0},"end":{"line":2779,"column":22}},"705":{"start":{"line":2793,"column":17},"end":{"line":2793,"column":78}},"706":{"start":{"line":2794,"column":35},"end":{"line":2794,"column":53}},"707":{"start":{"line":2795,"column":2},"end":{"line":2795,"column":20}},"708":{"start":{"line":2792,"column":0},"end":{"line":2792,"column":22}},"709":{"start":{"line":2804,"column":17},"end":{"line":2806,"column":4}},"710":{"start":{"line":2807,"column":49},"end":{"line":2807,"column":67}},"711":{"start":{"line":2808,"column":2},"end":{"line":2808,"column":27}},"712":{"start":{"line":2803,"column":0},"end":{"line":2803,"column":22}},"713":{"start":{"line":2817,"column":17},"end":{"line":2817,"column":77}},"714":{"start":{"line":2818,"column":33},"end":{"line":2818,"column":51}},"715":{"start":{"line":2819,"column":2},"end":{"line":2819,"column":19}},"716":{"start":{"line":2816,"column":0},"end":{"line":2816,"column":22}},"717":{"start":{"line":2828,"column":17},"end":{"line":2830,"column":4}},"718":{"start":{"line":2831,"column":49},"end":{"line":2831,"column":67}},"719":{"start":{"line":2832,"column":2},"end":{"line":2832,"column":27}},"720":{"start":{"line":2827,"column":0},"end":{"line":2827,"column":22}},"721":{"start":{"line":2841,"column":17},"end":{"line":2843,"column":4}},"722":{"start":{"line":2844,"column":51},"end":{"line":2844,"column":69}},"723":{"start":{"line":2845,"column":2},"end":{"line":2845,"column":28}},"724":{"start":{"line":2840,"column":0},"end":{"line":2840,"column":22}},"725":{"start":{"line":2854,"column":17},"end":{"line":2856,"column":4}},"726":{"start":{"line":2857,"column":39},"end":{"line":2857,"column":57}},"727":{"start":{"line":2858,"column":2},"end":{"line":2858,"column":22}},"728":{"start":{"line":2853,"column":0},"end":{"line":2853,"column":22}},"729":{"start":{"line":2867,"column":17},"end":{"line":2867,"column":79}},"730":{"start":{"line":2868,"column":37},"end":{"line":2868,"column":55}},"731":{"start":{"line":2869,"column":2},"end":{"line":2869,"column":21}},"732":{"start":{"line":2866,"column":0},"end":{"line":2866,"column":22}},"733":{"start":{"line":2878,"column":17},"end":{"line":2880,"column":4}},"734":{"start":{"line":2881,"column":45},"end":{"line":2881,"column":63}},"735":{"start":{"line":2882,"column":2},"end":{"line":2882,"column":25}},"736":{"start":{"line":2877,"column":0},"end":{"line":2877,"column":22}},"737":{"start":{"line":2891,"column":17},"end":{"line":2891,"column":77}},"738":{"start":{"line":2892,"column":33},"end":{"line":2892,"column":51}},"739":{"start":{"line":2893,"column":2},"end":{"line":2893,"column":19}},"740":{"start":{"line":2890,"column":0},"end":{"line":2890,"column":22}},"741":{"start":{"line":2902,"column":17},"end":{"line":2902,"column":76}},"742":{"start":{"line":2903,"column":31},"end":{"line":2903,"column":49}},"743":{"start":{"line":2904,"column":2},"end":{"line":2904,"column":18}},"744":{"start":{"line":2901,"column":0},"end":{"line":2901,"column":22}},"745":{"start":{"line":2913,"column":17},"end":{"line":2915,"column":4}},"746":{"start":{"line":2916,"column":45},"end":{"line":2916,"column":63}},"747":{"start":{"line":2917,"column":2},"end":{"line":2917,"column":25}},"748":{"start":{"line":2912,"column":0},"end":{"line":2912,"column":22}},"749":{"start":{"line":2926,"column":17},"end":{"line":2926,"column":78}},"750":{"start":{"line":2927,"column":35},"end":{"line":2927,"column":53}},"751":{"start":{"line":2928,"column":2},"end":{"line":2928,"column":20}},"752":{"start":{"line":2925,"column":0},"end":{"line":2925,"column":22}},"753":{"start":{"line":2937,"column":17},"end":{"line":2937,"column":77}},"754":{"start":{"line":2938,"column":33},"end":{"line":2938,"column":51}},"755":{"start":{"line":2939,"column":2},"end":{"line":2939,"column":19}},"756":{"start":{"line":2936,"column":0},"end":{"line":2936,"column":22}},"757":{"start":{"line":2949,"column":17},"end":{"line":2949,"column":70}},"758":{"start":{"line":2950,"column":21},"end":{"line":2950,"column":39}},"759":{"start":{"line":2951,"column":2},"end":{"line":2951,"column":13}},"760":{"start":{"line":2948,"column":0},"end":{"line":2948,"column":22}},"761":{"start":{"line":2960,"column":17},"end":{"line":2962,"column":4}},"762":{"start":{"line":2963,"column":45},"end":{"line":2963,"column":63}},"763":{"start":{"line":2964,"column":2},"end":{"line":2964,"column":25}},"764":{"start":{"line":2959,"column":0},"end":{"line":2959,"column":22}},"765":{"start":{"line":2973,"column":17},"end":{"line":2975,"column":4}},"766":{"start":{"line":2976,"column":45},"end":{"line":2976,"column":63}},"767":{"start":{"line":2977,"column":2},"end":{"line":2977,"column":25}},"768":{"start":{"line":2972,"column":0},"end":{"line":2972,"column":22}},"769":{"start":{"line":2986,"column":17},"end":{"line":2986,"column":78}},"770":{"start":{"line":2987,"column":35},"end":{"line":2987,"column":53}},"771":{"start":{"line":2988,"column":2},"end":{"line":2988,"column":20}},"772":{"start":{"line":2985,"column":0},"end":{"line":2985,"column":22}},"773":{"start":{"line":2997,"column":17},"end":{"line":2999,"column":4}},"774":{"start":{"line":3000,"column":49},"end":{"line":3000,"column":67}},"775":{"start":{"line":3001,"column":2},"end":{"line":3001,"column":27}},"776":{"start":{"line":2996,"column":0},"end":{"line":2996,"column":22}},"777":{"start":{"line":3010,"column":17},"end":{"line":3012,"column":4}},"778":{"start":{"line":3013,"column":49},"end":{"line":3013,"column":67}},"779":{"start":{"line":3014,"column":2},"end":{"line":3014,"column":27}},"780":{"start":{"line":3009,"column":0},"end":{"line":3009,"column":22}},"781":{"start":{"line":3023,"column":17},"end":{"line":3025,"column":4}},"782":{"start":{"line":3026,"column":47},"end":{"line":3026,"column":65}},"783":{"start":{"line":3027,"column":2},"end":{"line":3027,"column":26}},"784":{"start":{"line":3022,"column":0},"end":{"line":3022,"column":22}},"785":{"start":{"line":3036,"column":17},"end":{"line":3038,"column":4}},"786":{"start":{"line":3039,"column":45},"end":{"line":3039,"column":63}},"787":{"start":{"line":3040,"column":2},"end":{"line":3040,"column":25}},"788":{"start":{"line":3035,"column":0},"end":{"line":3035,"column":22}},"789":{"start":{"line":3049,"column":17},"end":{"line":3049,"column":79}},"790":{"start":{"line":3050,"column":37},"end":{"line":3050,"column":55}},"791":{"start":{"line":3051,"column":2},"end":{"line":3051,"column":21}},"792":{"start":{"line":3048,"column":0},"end":{"line":3048,"column":22}},"793":{"start":{"line":3060,"column":17},"end":{"line":3062,"column":4}},"794":{"start":{"line":3063,"column":41},"end":{"line":3063,"column":59}},"795":{"start":{"line":3064,"column":2},"end":{"line":3064,"column":23}},"796":{"start":{"line":3059,"column":0},"end":{"line":3059,"column":22}},"797":{"start":{"line":3073,"column":17},"end":{"line":3075,"column":4}},"798":{"start":{"line":3076,"column":41},"end":{"line":3076,"column":59}},"799":{"start":{"line":3077,"column":2},"end":{"line":3077,"column":23}},"800":{"start":{"line":3072,"column":0},"end":{"line":3072,"column":22}},"801":{"start":{"line":3086,"column":17},"end":{"line":3088,"column":4}},"802":{"start":{"line":3089,"column":45},"end":{"line":3089,"column":63}},"803":{"start":{"line":3090,"column":2},"end":{"line":3090,"column":25}},"804":{"start":{"line":3085,"column":0},"end":{"line":3085,"column":22}},"805":{"start":{"line":3099,"column":17},"end":{"line":3099,"column":73}},"806":{"start":{"line":3100,"column":27},"end":{"line":3100,"column":45}},"807":{"start":{"line":3101,"column":2},"end":{"line":3101,"column":16}},"808":{"start":{"line":3098,"column":0},"end":{"line":3098,"column":22}},"809":{"start":{"line":3110,"column":17},"end":{"line":3112,"column":4}},"810":{"start":{"line":3113,"column":39},"end":{"line":3113,"column":57}},"811":{"start":{"line":3114,"column":2},"end":{"line":3114,"column":22}},"812":{"start":{"line":3109,"column":0},"end":{"line":3109,"column":22}},"813":{"start":{"line":3123,"column":17},"end":{"line":3125,"column":4}},"814":{"start":{"line":3126,"column":38},"end":{"line":3126,"column":56}},"815":{"start":{"line":3127,"column":2},"end":{"line":3127,"column":22}},"816":{"start":{"line":3122,"column":0},"end":{"line":3122,"column":22}},"817":{"start":{"line":3136,"column":17},"end":{"line":3138,"column":4}},"818":{"start":{"line":3139,"column":38},"end":{"line":3139,"column":56}},"819":{"start":{"line":3140,"column":2},"end":{"line":3140,"column":22}},"820":{"start":{"line":3135,"column":0},"end":{"line":3135,"column":22}},"821":{"start":{"line":3149,"column":17},"end":{"line":3149,"column":78}},"822":{"start":{"line":3150,"column":34},"end":{"line":3150,"column":52}},"823":{"start":{"line":3151,"column":2},"end":{"line":3151,"column":20}},"824":{"start":{"line":3148,"column":0},"end":{"line":3148,"column":22}},"825":{"start":{"line":3162,"column":17},"end":{"line":3164,"column":4}},"826":{"start":{"line":3165,"column":49},"end":{"line":3165,"column":67}},"827":{"start":{"line":3166,"column":2},"end":{"line":3166,"column":27}},"828":{"start":{"line":3161,"column":0},"end":{"line":3161,"column":22}},"829":{"start":{"line":3175,"column":17},"end":{"line":3175,"column":77}},"830":{"start":{"line":3176,"column":31},"end":{"line":3176,"column":49}},"831":{"start":{"line":3177,"column":2},"end":{"line":3177,"column":18}},"832":{"start":{"line":3174,"column":0},"end":{"line":3174,"column":22}},"833":{"start":{"line":3186,"column":17},"end":{"line":3186,"column":71}},"834":{"start":{"line":3187,"column":28},"end":{"line":3187,"column":46}},"835":{"start":{"line":3188,"column":2},"end":{"line":3188,"column":20}},"836":{"start":{"line":3185,"column":0},"end":{"line":3185,"column":22}},"837":{"start":{"line":3197,"column":17},"end":{"line":3199,"column":4}},"838":{"start":{"line":3200,"column":41},"end":{"line":3200,"column":59}},"839":{"start":{"line":3201,"column":2},"end":{"line":3201,"column":23}},"840":{"start":{"line":3196,"column":0},"end":{"line":3196,"column":22}},"841":{"start":{"line":3210,"column":17},"end":{"line":3212,"column":4}},"842":{"start":{"line":3213,"column":47},"end":{"line":3213,"column":65}},"843":{"start":{"line":3214,"column":2},"end":{"line":3214,"column":26}},"844":{"start":{"line":3209,"column":0},"end":{"line":3209,"column":22}},"845":{"start":{"line":3223,"column":17},"end":{"line":3223,"column":79}},"846":{"start":{"line":3224,"column":35},"end":{"line":3224,"column":53}},"847":{"start":{"line":3225,"column":2},"end":{"line":3225,"column":20}},"848":{"start":{"line":3222,"column":0},"end":{"line":3222,"column":22}},"849":{"start":{"line":3234,"column":17},"end":{"line":3234,"column":72}},"850":{"start":{"line":3235,"column":23},"end":{"line":3235,"column":41}},"851":{"start":{"line":3236,"column":2},"end":{"line":3236,"column":14}},"852":{"start":{"line":3233,"column":0},"end":{"line":3233,"column":22}},"853":{"start":{"line":3245,"column":17},"end":{"line":3245,"column":71}},"854":{"start":{"line":3246,"column":21},"end":{"line":3246,"column":39}},"855":{"start":{"line":3247,"column":2},"end":{"line":3247,"column":13}},"856":{"start":{"line":3244,"column":0},"end":{"line":3244,"column":22}},"857":{"start":{"line":3258,"column":17},"end":{"line":3260,"column":4}},"858":{"start":{"line":3261,"column":61},"end":{"line":3261,"column":79}},"859":{"start":{"line":3262,"column":2},"end":{"line":3262,"column":33}},"860":{"start":{"line":3255,"column":0},"end":{"line":3255,"column":22}},"861":{"start":{"line":3271,"column":17},"end":{"line":3273,"column":4}},"862":{"start":{"line":3274,"column":43},"end":{"line":3274,"column":61}},"863":{"start":{"line":3275,"column":2},"end":{"line":3275,"column":24}},"864":{"start":{"line":3270,"column":0},"end":{"line":3270,"column":22}},"865":{"start":{"line":3284,"column":17},"end":{"line":3284,"column":75}},"866":{"start":{"line":3285,"column":33},"end":{"line":3285,"column":51}},"867":{"start":{"line":3286,"column":2},"end":{"line":3286,"column":21}},"868":{"start":{"line":3283,"column":0},"end":{"line":3283,"column":22}},"869":{"start":{"line":3295,"column":17},"end":{"line":3297,"column":4}},"870":{"start":{"line":3298,"column":46},"end":{"line":3298,"column":64}},"871":{"start":{"line":3299,"column":2},"end":{"line":3299,"column":27}},"872":{"start":{"line":3294,"column":0},"end":{"line":3294,"column":22}},"873":{"start":{"line":3308,"column":17},"end":{"line":3308,"column":75}},"874":{"start":{"line":3309,"column":35},"end":{"line":3309,"column":53}},"875":{"start":{"line":3310,"column":2},"end":{"line":3310,"column":23}},"876":{"start":{"line":3307,"column":0},"end":{"line":3307,"column":22}},"877":{"start":{"line":3319,"column":17},"end":{"line":3321,"column":4}},"878":{"start":{"line":3322,"column":43},"end":{"line":3322,"column":61}},"879":{"start":{"line":3323,"column":2},"end":{"line":3323,"column":22}},"880":{"start":{"line":3318,"column":0},"end":{"line":3318,"column":22}},"881":{"start":{"line":3332,"column":17},"end":{"line":3332,"column":77}},"882":{"start":{"line":3333,"column":36},"end":{"line":3333,"column":54}},"883":{"start":{"line":3334,"column":2},"end":{"line":3334,"column":23}},"884":{"start":{"line":3331,"column":0},"end":{"line":3331,"column":22}},"885":{"start":{"line":3343,"column":17},"end":{"line":3345,"column":4}},"886":{"start":{"line":3346,"column":41},"end":{"line":3346,"column":59}},"887":{"start":{"line":3347,"column":2},"end":{"line":3347,"column":22}},"888":{"start":{"line":3342,"column":0},"end":{"line":3342,"column":22}},"889":{"start":{"line":3356,"column":17},"end":{"line":3356,"column":79}},"890":{"start":{"line":3357,"column":34},"end":{"line":3357,"column":52}},"891":{"start":{"line":3358,"column":2},"end":{"line":3358,"column":20}},"892":{"start":{"line":3355,"column":0},"end":{"line":3355,"column":22}},"893":{"start":{"line":3367,"column":17},"end":{"line":3369,"column":4}},"894":{"start":{"line":3370,"column":44},"end":{"line":3370,"column":62}},"895":{"start":{"line":3371,"column":2},"end":{"line":3371,"column":25}},"896":{"start":{"line":3366,"column":0},"end":{"line":3366,"column":22}},"897":{"start":{"line":3380,"column":17},"end":{"line":3382,"column":4}},"898":{"start":{"line":3383,"column":52},"end":{"line":3383,"column":70}},"899":{"start":{"line":3384,"column":2},"end":{"line":3384,"column":29}},"900":{"start":{"line":3379,"column":0},"end":{"line":3379,"column":22}},"901":{"start":{"line":3393,"column":17},"end":{"line":3393,"column":78}},"902":{"start":{"line":3394,"column":32},"end":{"line":3394,"column":50}},"903":{"start":{"line":3395,"column":2},"end":{"line":3395,"column":19}},"904":{"start":{"line":3392,"column":0},"end":{"line":3392,"column":22}},"905":{"start":{"line":3404,"column":17},"end":{"line":3406,"column":4}},"906":{"start":{"line":3407,"column":44},"end":{"line":3407,"column":62}},"907":{"start":{"line":3408,"column":2},"end":{"line":3408,"column":25}},"908":{"start":{"line":3403,"column":0},"end":{"line":3403,"column":22}},"909":{"start":{"line":3417,"column":17},"end":{"line":3417,"column":78}},"910":{"start":{"line":3418,"column":37},"end":{"line":3418,"column":58}},"911":{"start":{"line":3419,"column":2},"end":{"line":3419,"column":24}},"912":{"start":{"line":3416,"column":0},"end":{"line":3416,"column":22}},"913":{"start":{"line":3430,"column":17},"end":{"line":3432,"column":4}},"914":{"start":{"line":3433,"column":59},"end":{"line":3433,"column":77}},"915":{"start":{"line":3434,"column":2},"end":{"line":3434,"column":32}},"916":{"start":{"line":3427,"column":0},"end":{"line":3427,"column":22}},"917":{"start":{"line":3443,"column":17},"end":{"line":3445,"column":4}},"918":{"start":{"line":3446,"column":47},"end":{"line":3446,"column":65}},"919":{"start":{"line":3447,"column":2},"end":{"line":3447,"column":26}},"920":{"start":{"line":3442,"column":0},"end":{"line":3442,"column":22}},"921":{"start":{"line":3456,"column":17},"end":{"line":3458,"column":4}},"922":{"start":{"line":3459,"column":35},"end":{"line":3459,"column":56}},"923":{"start":{"line":3460,"column":2},"end":{"line":3460,"column":21}},"924":{"start":{"line":3455,"column":0},"end":{"line":3455,"column":22}},"925":{"start":{"line":3469,"column":17},"end":{"line":3471,"column":4}},"926":{"start":{"line":3472,"column":45},"end":{"line":3472,"column":63}},"927":{"start":{"line":3473,"column":2},"end":{"line":3473,"column":25}},"928":{"start":{"line":3468,"column":0},"end":{"line":3468,"column":22}},"929":{"start":{"line":3482,"column":17},"end":{"line":3484,"column":4}},"930":{"start":{"line":3485,"column":41},"end":{"line":3485,"column":59}},"931":{"start":{"line":3486,"column":2},"end":{"line":3486,"column":23}},"932":{"start":{"line":3481,"column":0},"end":{"line":3481,"column":22}},"933":{"start":{"line":3495,"column":17},"end":{"line":3497,"column":4}},"934":{"start":{"line":3498,"column":47},"end":{"line":3498,"column":65}},"935":{"start":{"line":3499,"column":2},"end":{"line":3499,"column":26}},"936":{"start":{"line":3494,"column":0},"end":{"line":3494,"column":22}},"937":{"start":{"line":3508,"column":17},"end":{"line":3510,"column":4}},"938":{"start":{"line":3511,"column":39},"end":{"line":3511,"column":57}},"939":{"start":{"line":3512,"column":2},"end":{"line":3512,"column":22}},"940":{"start":{"line":3507,"column":0},"end":{"line":3507,"column":22}},"941":{"start":{"line":3521,"column":17},"end":{"line":3523,"column":4}},"942":{"start":{"line":3524,"column":39},"end":{"line":3524,"column":57}},"943":{"start":{"line":3525,"column":2},"end":{"line":3525,"column":22}},"944":{"start":{"line":3520,"column":0},"end":{"line":3520,"column":22}},"945":{"start":{"line":3534,"column":17},"end":{"line":3536,"column":4}},"946":{"start":{"line":3537,"column":41},"end":{"line":3537,"column":59}},"947":{"start":{"line":3538,"column":2},"end":{"line":3538,"column":23}},"948":{"start":{"line":3533,"column":0},"end":{"line":3533,"column":22}},"949":{"start":{"line":3547,"column":17},"end":{"line":3547,"column":75}},"950":{"start":{"line":3548,"column":29},"end":{"line":3548,"column":47}},"951":{"start":{"line":3549,"column":2},"end":{"line":3549,"column":17}},"952":{"start":{"line":3546,"column":0},"end":{"line":3546,"column":22}},"953":{"start":{"line":3558,"column":17},"end":{"line":3560,"column":4}},"954":{"start":{"line":3561,"column":47},"end":{"line":3561,"column":65}},"955":{"start":{"line":3562,"column":2},"end":{"line":3562,"column":26}},"956":{"start":{"line":3557,"column":0},"end":{"line":3557,"column":22}},"957":{"start":{"line":3571,"column":17},"end":{"line":3573,"column":4}},"958":{"start":{"line":3574,"column":45},"end":{"line":3574,"column":63}},"959":{"start":{"line":3575,"column":2},"end":{"line":3575,"column":26}},"960":{"start":{"line":3570,"column":0},"end":{"line":3570,"column":22}},"961":{"start":{"line":3584,"column":17},"end":{"line":3586,"column":4}},"962":{"start":{"line":3587,"column":45},"end":{"line":3587,"column":63}},"963":{"start":{"line":3588,"column":2},"end":{"line":3588,"column":25}},"964":{"start":{"line":3583,"column":0},"end":{"line":3583,"column":22}},"965":{"start":{"line":3598,"column":17},"end":{"line":3600,"column":null}},"966":{"start":{"line":3602,"column":34},"end":{"line":3602,"column":52}},"967":{"start":{"line":3603,"column":2},"end":{"line":3603,"column":23}},"968":{"start":{"line":3597,"column":0},"end":{"line":3597,"column":22}},"969":{"start":{"line":3613,"column":17},"end":{"line":3615,"column":4}},"970":{"start":{"line":3616,"column":30},"end":{"line":3616,"column":48}},"971":{"start":{"line":3617,"column":2},"end":{"line":3617,"column":21}},"972":{"start":{"line":3612,"column":0},"end":{"line":3612,"column":22}},"973":{"start":{"line":3626,"column":17},"end":{"line":3626,"column":78}},"974":{"start":{"line":3627,"column":40},"end":{"line":3627,"column":58}},"975":{"start":{"line":3628,"column":2},"end":{"line":3628,"column":26}},"976":{"start":{"line":3625,"column":0},"end":{"line":3625,"column":22}},"977":{"start":{"line":3637,"column":17},"end":{"line":3637,"column":73}},"978":{"start":{"line":3638,"column":32},"end":{"line":3638,"column":50}},"979":{"start":{"line":3639,"column":2},"end":{"line":3639,"column":22}},"980":{"start":{"line":3636,"column":0},"end":{"line":3636,"column":22}},"981":{"start":{"line":3648,"column":17},"end":{"line":3648,"column":79}},"982":{"start":{"line":3649,"column":42},"end":{"line":3649,"column":60}},"983":{"start":{"line":3650,"column":2},"end":{"line":3650,"column":27}},"984":{"start":{"line":3647,"column":0},"end":{"line":3647,"column":22}},"985":{"start":{"line":3661,"column":17},"end":{"line":3663,"column":4}},"986":{"start":{"line":3664,"column":57},"end":{"line":3664,"column":75}},"987":{"start":{"line":3665,"column":2},"end":{"line":3665,"column":31}},"988":{"start":{"line":3658,"column":0},"end":{"line":3658,"column":22}},"989":{"start":{"line":3674,"column":17},"end":{"line":3676,"column":4}},"990":{"start":{"line":3677,"column":44},"end":{"line":3677,"column":62}},"991":{"start":{"line":3678,"column":2},"end":{"line":3678,"column":25}},"992":{"start":{"line":3673,"column":0},"end":{"line":3673,"column":22}},"993":{"start":{"line":3687,"column":17},"end":{"line":3689,"column":4}},"994":{"start":{"line":3690,"column":45},"end":{"line":3690,"column":63}},"995":{"start":{"line":3691,"column":2},"end":{"line":3691,"column":26}},"996":{"start":{"line":3686,"column":0},"end":{"line":3686,"column":22}},"997":{"start":{"line":3701,"column":17},"end":{"line":3703,"column":null}},"998":{"start":{"line":3705,"column":37},"end":{"line":3705,"column":55}},"999":{"start":{"line":3706,"column":2},"end":{"line":3706,"column":22}},"1000":{"start":{"line":3700,"column":0},"end":{"line":3700,"column":22}},"1001":{"start":{"line":3715,"column":17},"end":{"line":3717,"column":4}},"1002":{"start":{"line":3718,"column":38},"end":{"line":3718,"column":56}},"1003":{"start":{"line":3719,"column":2},"end":{"line":3719,"column":22}},"1004":{"start":{"line":3714,"column":0},"end":{"line":3714,"column":22}},"1005":{"start":{"line":3728,"column":17},"end":{"line":3728,"column":79}},"1006":{"start":{"line":3729,"column":35},"end":{"line":3729,"column":53}},"1007":{"start":{"line":3730,"column":2},"end":{"line":3730,"column":21}},"1008":{"start":{"line":3727,"column":0},"end":{"line":3727,"column":22}},"1009":{"start":{"line":3739,"column":17},"end":{"line":3741,"column":4}},"1010":{"start":{"line":3742,"column":43},"end":{"line":3742,"column":61}},"1011":{"start":{"line":3743,"column":2},"end":{"line":3743,"column":24}},"1012":{"start":{"line":3738,"column":0},"end":{"line":3738,"column":22}},"1013":{"start":{"line":3752,"column":17},"end":{"line":3754,"column":4}},"1014":{"start":{"line":3755,"column":37},"end":{"line":3755,"column":55}},"1015":{"start":{"line":3756,"column":2},"end":{"line":3756,"column":21}},"1016":{"start":{"line":3751,"column":0},"end":{"line":3751,"column":22}},"1017":{"start":{"line":3765,"column":17},"end":{"line":3767,"column":4}},"1018":{"start":{"line":3768,"column":47},"end":{"line":3768,"column":65}},"1019":{"start":{"line":3769,"column":2},"end":{"line":3769,"column":26}},"1020":{"start":{"line":3764,"column":0},"end":{"line":3764,"column":22}},"1021":{"start":{"line":3778,"column":17},"end":{"line":3778,"column":77}},"1022":{"start":{"line":3779,"column":33},"end":{"line":3779,"column":51}},"1023":{"start":{"line":3780,"column":2},"end":{"line":3780,"column":19}},"1024":{"start":{"line":3777,"column":0},"end":{"line":3777,"column":22}},"1025":{"start":{"line":3789,"column":17},"end":{"line":3789,"column":79}},"1026":{"start":{"line":3790,"column":33},"end":{"line":3790,"column":51}},"1027":{"start":{"line":3791,"column":2},"end":{"line":3791,"column":20}},"1028":{"start":{"line":3788,"column":0},"end":{"line":3788,"column":22}},"1029":{"start":{"line":3800,"column":17},"end":{"line":3802,"column":4}},"1030":{"start":{"line":3803,"column":40},"end":{"line":3803,"column":58}},"1031":{"start":{"line":3804,"column":2},"end":{"line":3804,"column":23}},"1032":{"start":{"line":3799,"column":0},"end":{"line":3799,"column":22}},"1033":{"start":{"line":3813,"column":17},"end":{"line":3815,"column":4}},"1034":{"start":{"line":3816,"column":49},"end":{"line":3816,"column":67}},"1035":{"start":{"line":3817,"column":2},"end":{"line":3817,"column":28}},"1036":{"start":{"line":3812,"column":0},"end":{"line":3812,"column":22}},"1037":{"start":{"line":3826,"column":17},"end":{"line":3826,"column":77}},"1038":{"start":{"line":3827,"column":33},"end":{"line":3827,"column":51}},"1039":{"start":{"line":3828,"column":2},"end":{"line":3828,"column":19}},"1040":{"start":{"line":3825,"column":0},"end":{"line":3825,"column":22}},"1041":{"start":{"line":3837,"column":17},"end":{"line":3837,"column":78}},"1042":{"start":{"line":3838,"column":31},"end":{"line":3838,"column":49}},"1043":{"start":{"line":3839,"column":2},"end":{"line":3839,"column":19}},"1044":{"start":{"line":3836,"column":0},"end":{"line":3836,"column":22}},"1045":{"start":{"line":3848,"column":17},"end":{"line":3848,"column":76}},"1046":{"start":{"line":3849,"column":29},"end":{"line":3849,"column":47}},"1047":{"start":{"line":3850,"column":2},"end":{"line":3850,"column":17}},"1048":{"start":{"line":3847,"column":0},"end":{"line":3847,"column":22}},"1049":{"start":{"line":3859,"column":17},"end":{"line":3861,"column":4}},"1050":{"start":{"line":3862,"column":47},"end":{"line":3862,"column":65}},"1051":{"start":{"line":3863,"column":2},"end":{"line":3863,"column":26}},"1052":{"start":{"line":3858,"column":0},"end":{"line":3858,"column":22}},"1053":{"start":{"line":3872,"column":17},"end":{"line":3874,"column":4}},"1054":{"start":{"line":3875,"column":50},"end":{"line":3875,"column":68}},"1055":{"start":{"line":3876,"column":2},"end":{"line":3876,"column":28}},"1056":{"start":{"line":3871,"column":0},"end":{"line":3871,"column":22}},"1057":{"start":{"line":3885,"column":17},"end":{"line":3887,"column":4}},"1058":{"start":{"line":3888,"column":50},"end":{"line":3888,"column":68}},"1059":{"start":{"line":3889,"column":2},"end":{"line":3889,"column":28}},"1060":{"start":{"line":3884,"column":0},"end":{"line":3884,"column":22}},"1061":{"start":{"line":3900,"column":17},"end":{"line":3902,"column":4}},"1062":{"start":{"line":3903,"column":61},"end":{"line":3903,"column":79}},"1063":{"start":{"line":3904,"column":2},"end":{"line":3904,"column":33}},"1064":{"start":{"line":3897,"column":0},"end":{"line":3897,"column":22}},"1065":{"start":{"line":3913,"column":17},"end":{"line":3913,"column":79}},"1066":{"start":{"line":3914,"column":35},"end":{"line":3914,"column":53}},"1067":{"start":{"line":3915,"column":2},"end":{"line":3915,"column":20}},"1068":{"start":{"line":3912,"column":0},"end":{"line":3912,"column":22}},"1069":{"start":{"line":3926,"column":17},"end":{"line":3928,"column":4}},"1070":{"start":{"line":3929,"column":57},"end":{"line":3929,"column":75}},"1071":{"start":{"line":3930,"column":2},"end":{"line":3930,"column":31}},"1072":{"start":{"line":3923,"column":0},"end":{"line":3923,"column":22}},"1073":{"start":{"line":3939,"column":17},"end":{"line":3941,"column":4}},"1074":{"start":{"line":3942,"column":47},"end":{"line":3942,"column":65}},"1075":{"start":{"line":3943,"column":2},"end":{"line":3943,"column":27}},"1076":{"start":{"line":3938,"column":0},"end":{"line":3938,"column":22}},"1077":{"start":{"line":3952,"column":17},"end":{"line":3954,"column":4}},"1078":{"start":{"line":3955,"column":39},"end":{"line":3955,"column":57}},"1079":{"start":{"line":3956,"column":2},"end":{"line":3956,"column":22}},"1080":{"start":{"line":3951,"column":0},"end":{"line":3951,"column":22}},"1081":{"start":{"line":3965,"column":17},"end":{"line":3965,"column":79}},"1082":{"start":{"line":3966,"column":33},"end":{"line":3966,"column":51}},"1083":{"start":{"line":3967,"column":2},"end":{"line":3967,"column":20}},"1084":{"start":{"line":3964,"column":0},"end":{"line":3964,"column":22}},"1085":{"start":{"line":3976,"column":17},"end":{"line":3976,"column":79}},"1086":{"start":{"line":3977,"column":35},"end":{"line":3977,"column":53}},"1087":{"start":{"line":3978,"column":2},"end":{"line":3978,"column":20}},"1088":{"start":{"line":3975,"column":0},"end":{"line":3975,"column":22}},"1089":{"start":{"line":3987,"column":17},"end":{"line":3989,"column":4}},"1090":{"start":{"line":3990,"column":45},"end":{"line":3990,"column":63}},"1091":{"start":{"line":3991,"column":2},"end":{"line":3991,"column":25}},"1092":{"start":{"line":3986,"column":0},"end":{"line":3986,"column":22}},"1093":{"start":{"line":4000,"column":17},"end":{"line":4002,"column":4}},"1094":{"start":{"line":4003,"column":39},"end":{"line":4003,"column":57}},"1
[...]
d":{"line":3636,"column":37}},"loc":{"start":{"line":3636,"column":37},"end":{"line":3640,"column":null}}},"245":{"name":"getPackageBomResults","decl":{"start":{"line":3647,"column":22},"end":{"line":3647,"column":42}},"loc":{"start":{"line":3647,"column":42},"end":{"line":3651,"column":null}}},"246":{"name":"getPackageInstallHistory","decl":{"start":{"line":3658,"column":22},"end":{"line":3658,"column":46}},"loc":{"start":{"line":3658,"column":46},"end":{"line":3666,"column":null}}},"247":{"name":"getPackageReceipts","decl":{"start":{"line":3673,"column":22},"end":{"line":3673,"column":40}},"loc":{"start":{"line":3673,"column":40},"end":{"line":3679,"column":null}}},"248":{"name":"getPasswordPolicies","decl":{"start":{"line":3686,"column":22},"end":{"line":3686,"column":41}},"loc":{"start":{"line":3686,"column":41},"end":{"line":3692,"column":null}}},"249":{"name":"getPlist","decl":{"start":{"line":3700,"column":22},"end":{"line":3700,"column":30}},"loc":{"start":{"line":3700,"column":43},"end":{"line":3707,"column":null}}},"250":{"name":"getPowerSensors","decl":{"start":{"line":3714,"column":22},"end":{"line":3714,"column":37}},"loc":{"start":{"line":3714,"column":37},"end":{"line":3720,"column":null}}},"251":{"name":"getPreferences","decl":{"start":{"line":3727,"column":22},"end":{"line":3727,"column":36}},"loc":{"start":{"line":3727,"column":36},"end":{"line":3731,"column":null}}},"252":{"name":"getQuickLookCache","decl":{"start":{"line":3738,"column":22},"end":{"line":3738,"column":39}},"loc":{"start":{"line":3738,"column":39},"end":{"line":3744,"column":null}}},"253":{"name":"getRunningApps","decl":{"start":{"line":3751,"column":22},"end":{"line":3751,"column":36}},"loc":{"start":{"line":3751,"column":36},"end":{"line":3757,"column":null}}},"254":{"name":"getSafariExtensions","decl":{"start":{"line":3764,"column":22},"end":{"line":3764,"column":41}},"loc":{"start":{"line":3764,"column":41},"end":{"line":3770,"column":null}}},"255":{"name":"getSandboxes","decl":{"start":{"line":3777,"column":22},"end":{"line":3777,"column":34}},"loc":{"start":{"line":3777,"column":34},"end":{"line":3781,"column":null}}},"256":{"name":"getScreenlock","decl":{"start":{"line":3788,"column":22},"end":{"line":3788,"column":35}},"loc":{"start":{"line":3788,"column":35},"end":{"line":3792,"column":null}}},"257":{"name":"getSharedFolders","decl":{"start":{"line":3799,"column":22},"end":{"line":3799,"column":38}},"loc":{"start":{"line":3799,"column":38},"end":{"line":3805,"column":null}}},"258":{"name":"getSharingPreferences","decl":{"start":{"line":3812,"column":22},"end":{"line":3812,"column":43}},"loc":{"start":{"line":3812,"column":43},"end":{"line":3818,"column":null}}},"259":{"name":"getSignature","decl":{"start":{"line":3825,"column":22},"end":{"line":3825,"column":34}},"loc":{"start":{"line":3825,"column":34},"end":{"line":3829,"column":null}}},"260":{"name":"getSipConfig","decl":{"start":{"line":3836,"column":22},"end":{"line":3836,"column":34}},"loc":{"start":{"line":3836,"column":34},"end":{"line":3840,"column":null}}},"261":{"name":"getSMCKeys","decl":{"start":{"line":3847,"column":22},"end":{"line":3847,"column":32}},"loc":{"start":{"line":3847,"column":32},"end":{"line":3851,"column":null}}},"262":{"name":"getSystemExtensions","decl":{"start":{"line":3858,"column":22},"end":{"line":3858,"column":41}},"loc":{"start":{"line":3858,"column":41},"end":{"line":3864,"column":null}}},"263":{"name":"getTemperatureSensors","decl":{"start":{"line":3871,"column":22},"end":{"line":3871,"column":43}},"loc":{"start":{"line":3871,"column":43},"end":{"line":3877,"column":null}}},"264":{"name":"getTimeMachineBackups","decl":{"start":{"line":3884,"column":22},"end":{"line":3884,"column":43}},"loc":{"start":{"line":3884,"column":43},"end":{"line":3890,"column":null}}},"265":{"name":"getTimeMachineDestinations","decl":{"start":{"line":3897,"column":22},"end":{"line":3897,"column":48}},"loc":{"start":{"line":3897,"column":48},"end":{"line":3905,"column":null}}},"266":{"name":"getUnifiedLog","decl":{"start":{"line":3912,"column":22},"end":{"line":3912,"column":35}},"loc":{"start":{"line":3912,"column":35},"end":{"line":3916,"column":null}}},"267":{"name":"getUserInteractionEvents","decl":{"start":{"line":3923,"column":22},"end":{"line":3923,"column":46}},"loc":{"start":{"line":3923,"column":46},"end":{"line":3931,"column":null}}},"268":{"name":"getVirtualMemoryInfo","decl":{"start":{"line":3938,"column":22},"end":{"line":3938,"column":42}},"loc":{"start":{"line":3938,"column":42},"end":{"line":3944,"column":null}}},"269":{"name":"getWifiNetworks","decl":{"start":{"line":3951,"column":22},"end":{"line":3951,"column":37}},"loc":{"start":{"line":3951,"column":37},"end":{"line":3957,"column":null}}},"270":{"name":"getWifiStatus","decl":{"start":{"line":3964,"column":22},"end":{"line":3964,"column":35}},"loc":{"start":{"line":3964,"column":35},"end":{"line":3968,"column":null}}},"271":{"name":"getWifiSurvey","decl":{"start":{"line":3975,"column":22},"end":{"line":3975,"column":35}},"loc":{"start":{"line":3975,"column":35},"end":{"line":3979,"column":null}}},"272":{"name":"getXProtectEntries","decl":{"start":{"line":3986,"column":22},"end":{"line":3986,"column":40}},"loc":{"start":{"line":3986,"column":40},"end":{"line":3992,"column":null}}},"273":{"name":"getXProtectMeta","decl":{"start":{"line":3999,"column":22},"end":{"line":3999,"column":37}},"loc":{"start":{"line":3999,"column":37},"end":{"line":4005,"column":null}}},"274":{"name":"getXProtectReports","decl":{"start":{"line":4012,"column":22},"end":{"line":4012,"column":40}},"loc":{"start":{"line":4012,"column":40},"end":{"line":4018,"column":null}}}},"branchMap":{},"s":{"0":12,"1":2,"2":1,"3":1,"4":12,"5":2,"6":1,"7":1,"8":12,"9":2,"10":1,"11":1,"12":12,"13":2,"14":1,"15":1,"16":12,"17":2,"18":1,"19":1,"20":12,"21":2,"22":1,"23":1,"24":12,"25":2,"26":1,"27":1,"28":12,"29":2,"30":1,"31":1,"32":12,"33":2,"34":1,"35":1,"36":12,"37":2,"38":1,"39":1,"40":12,"41":2,"42":1,"43":1,"44":12,"45":2,"46":1,"47":1,"48":12,"49":0,"50":0,"51":0,"52":12,"53":0,"54":0,"55":0,"56":12,"57":0,"58":0,"59":0,"60":12,"61":0,"62":0,"63":0,"64":12,"65":0,"66":0,"67":0,"68":12,"69":0,"70":0,"71":0,"72":12,"73":0,"74":0,"75":0,"76":12,"77":0,"78":0,"79":0,"80":12,"81":0,"82":0,"83":0,"84":12,"85":0,"86":0,"87":0,"88":12,"89":0,"90":0,"91":0,"92":12,"93":0,"94":0,"95":0,"96":12,"97":0,"98":0,"99":0,"100":12,"101":0,"102":0,"103":0,"104":12,"105":0,"106":0,"107":0,"108":12,"109":0,"110":0,"111":0,"112":12,"113":0,"114":0,"115":0,"116":12,"117":0,"118":0,"119":0,"120":12,"121":0,"122":0,"123":0,"124":12,"125":0,"126":0,"127":0,"128":12,"129":0,"130":0,"131":0,"132":12,"133":0,"134":0,"135":0,"136":12,"137":0,"138":0,"139":0,"140":12,"141":0,"142":0,"143":0,"144":12,"145":0,"146":0,"147":0,"148":12,"149":0,"150":0,"151":0,"152":12,"153":0,"154":0,"155":0,"156":12,"157":0,"158":0,"159":0,"160":12,"161":0,"162":0,"163":0,"164":12,"165":0,"166":0,"167":0,"168":12,"169":0,"170":0,"171":0,"172":12,"173":0,"174":0,"175":0,"176":12,"177":0,"178":0,"179":0,"180":12,"181":0,"182":0,"183":0,"184":12,"185":0,"186":0,"187":0,"188":12,"189":0,"190":0,"191":0,"192":12,"193":0,"194":0,"195":0,"196":12,"197":0,"198":0,"199":0,"200":12,"201":0,"202":0,"203":0,"204":12,"205":0,"206":0,"207":0,"208":12,"209":0,"210":0,"211":0,"212":12,"213":0,"214":0,"215":0,"216":12,"217":0,"218":0,"219":0,"220":12,"221":0,"222":0,"223":0,"224":12,"225":0,"226":0,"227":0,"228":12,"229":0,"230":0,"231":0,"232":12,"233":0,"234":0,"235":0,"236":12,"237":0,"238":0,"239":0,"240":12,"241":0,"242":0,"243":0,"244":12,"245":0,"246":0,"247":0,"248":12,"249":0,"250":0,"251":0,"252":12,"253":0,"254":0,"255":0,"256":12,"257":0,"258":0,"259":0,"260":12,"261":0,"262":0,"263":0,"264":12,"265":0,"266":0,"267":0,"268":12,"269":0,"270":0,"271":0,"272":12,"273":0,"274":0,"275":0,"276":12,"277":0,"278":0,"279":0,"280":12,"281":0,"282":0,"283":0,"284":12,"285":0,"286":0,"287":0,"288":12,"289":0,"290":0,"291":0,"292":12,"293":0,"294":0,"295":0,"296":12,"297":0,"298":0,"299":0,"300":12,"301":0,"302":0,"303":0,"304":12,"305":0,"306":0,"307":0,"308":12,"309":0,"310":0,"311":0,"312":12,"313":0,"314":0,"315":0,"316":12,"317":0,"318":0,"319":0,"320":12,"321":0,"322":0,"323":0,"324":12,"325":0,"326":0,"327":0,"328":12,"329":0,"330":0,"331":0,"332":12,"333":0,"334":0,"335":0,"336":12,"337":0,"338":0,"339":0,"340":12,"341":0,"342":0,"343":0,"344":12,"345":0,"346":0,"347":0,"348":12,"349":0,"350":0,"351":0,"352":12,"353":0,"354":0,"355":0,"356":12,"357":0,"358":0,"359":0,"360":12,"361":0,"362":0,"363":0,"364":12,"365":0,"366":0,"367":0,"368":12,"369":0,"370":0,"371":0,"372":12,"373":0,"374":0,"375":0,"376":12,"377":0,"378":0,"379":0,"380":12,"381":0,"382":0,"383":0,"384":12,"385":0,"386":0,"387":0,"388":12,"389":0,"390":0,"391":0,"392":12,"393":0,"394":0,"395":0,"396":12,"397":0,"398":0,"399":0,"400":12,"401":0,"402":0,"403":0,"404":12,"405":0,"406":0,"407":0,"408":12,"409":0,"410":0,"411":0,"412":12,"413":0,"414":0,"415":0,"416":12,"417":0,"418":0,"419":0,"420":12,"421":0,"422":0,"423":0,"424":12,"425":0,"426":0,"427":0,"428":12,"429":0,"430":0,"431":0,"432":12,"433":0,"434":0,"435":0,"436":12,"437":0,"438":0,"439":0,"440":12,"441":0,"442":0,"443":0,"444":12,"445":0,"446":0,"447":0,"448":12,"449":0,"450":0,"451":0,"452":12,"453":0,"454":0,"455":0,"456":12,"457":0,"458":0,"459":0,"460":12,"461":0,"462":0,"463":0,"464":12,"465":0,"466":0,"467":0,"468":12,"469":0,"470":0,"471":0,"472":12,"473":0,"474":0,"475":0,"476":12,"477":0,"478":0,"479":0,"480":12,"481":0,"482":0,"483":0,"484":12,"485":0,"486":0,"487":0,"488":12,"489":0,"490":0,"491":0,"492":12,"493":0,"494":0,"495":0,"496":12,"497":0,"498":0,"499":0,"500":12,"501":0,"502":0,"503":0,"504":12,"505":0,"506":0,"507":0,"508":12,"509":0,"510":0,"511":0,"512":12,"513":0,"514":0,"515":0,"516":12,"517":0,"518":0,"519":0,"520":12,"521":0,"522":0,"523":0,"524":12,"525":0,"526":0,"527":0,"528":12,"529":0,"530":0,"531":0,"532":12,"533":0,"534":0,"535":0,"536":12,"537":0,"538":0,"539":0,"540":12,"541":0,"542":0,"543":0,"544":12,"545":0,"546":0,"547":0,"548":12,"549":0,"550":0,"551":0,"552":12,"553":0,"554":0,"555":0,"556":12,"557":0,"558":0,"559":0,"560":12,"561":0,"562":0,"563":0,"564":12,"565":0,"566":0,"567":0,"568":12,"569":0,"570":0,"571":0,"572":12,"573":0,"574":0,"575":0,"576":12,"577":0,"578":0,"579":0,"580":12,"581":0,"582":0,"583":0,"584":12,"585":0,"586":0,"587":0,"588":12,"589":0,"590":0,"591":0,"592":12,"593":0,"594":0,"595":0,"596":12,"597":0,"598":0,"599":0,"600":12,"601":0,"602":0,"603":0,"604":12,"605":0,"606":0,"607":0,"608":12,"609":0,"610":0,"611":0,"612":12,"613":0,"614":0,"615":0,"616":12,"617":0,"618":0,"619":0,"620":12,"621":0,"622":0,"623":0,"624":12,"625":0,"626":0,"627":0,"628":12,"629":0,"630":0,"631":0,"632":12,"633":0,"634":0,"635":0,"636":12,"637":0,"638":0,"639":0,"640":12,"641":0,"642":0,"643":0,"644":12,"645":0,"646":0,"647":0,"648":12,"649":0,"650":0,"651":0,"652":12,"653":0,"654":0,"655":0,"656":12,"657":0,"658":0,"659":0,"660":12,"661":0,"662":0,"663":0,"664":12,"665":0,"666":0,"667":0,"668":12,"669":0,"670":0,"671":0,"672":12,"673":0,"674":0,"675":0,"676":12,"677":0,"678":0,"679":0,"680":12,"681":0,"682":0,"683":0,"684":12,"685":0,"686":0,"687":0,"688":12,"689":0,"690":0,"691":0,"692":12,"693":0,"694":0,"695":0,"696":12,"697":0,"698":0,"699":0,"700":12,"701":0,"702":0,"703":0,"704":12,"705":0,"706":0,"707":0,"708":12,"709":0,"710":0,"711":0,"712":12,"713":0,"714":0,"715":0,"716":12,"717":0,"718":0,"719":0,"720":12,"721":0,"722":0,"723":0,"724":12,"725":0,"726":0,"727":0,"728":12,"729":0,"730":0,"731":0,"732":12,"733":0,"734":0,"735":0,"736":12,"737":0,"738":0,"739":0,"740":12,"741":0,"742":0,"743":0,"744":12,"745":0,"746":0,"747":0,"748":12,"749":0,"750":0,"751":0,"752":12,"753":0,"754":0,"755":0,"756":12,"757":0,"758":0,"759":0,"760":12,"761":0,"762":0,"763":0,"764":12,"765":0,"766":0,"767":0,"768":12,"769":0,"770":0,"771":0,"772":12,"773":0,"774":0,"775":0,"776":12,"777":0,"778":0,"779":0,"780":12,"781":0,"782":0,"783":0,"784":12,"785":0,"786":0,"787":0,"788":12,"789":0,"790":0,"791":0,"792":12,"793":0,"794":0,"795":0,"796":12,"797":0,"798":0,"799":0,"800":12,"801":0,"802":0,"803":0,"804":12,"805":0,"806":0,"807":0,"808":12,"809":0,"810":0,"811":0,"812":12,"813":0,"814":0,"815":0,"816":12,"817":0,"818":0,"819":0,"820":12,"821":0,"822":0,"823":0,"824":12,"825":0,"826":0,"827":0,"828":12,"829":0,"830":0,"831":0,"832":12,"833":0,"834":0,"835":0,"836":12,"837":0,"838":0,"839":0,"840":12,"841":0,"842":0,"843":0,"844":12,"845":0,"846":0,"847":0,"848":12,"849":0,"850":0,"851":0,"852":12,"853":0,"854":0,"855":0,"856":12,"857":0,"858":0,"859":0,"860":12,"861":0,"862":0,"863":0,"864":12,"865":0,"866":0,"867":0,"868":12,"869":0,"870":0,"871":0,"872":12,"873":0,"874":0,"875":0,"876":12,"877":0,"878":0,"879":0,"880":12,"881":0,"882":0,"883":0,"884":12,"885":0,"886":0,"887":0,"888":12,"889":0,"890":0,"891":0,"892":12,"893":0,"894":0,"895":0,"896":12,"897":0,"898":0,"899":0,"900":12,"901":0,"902":0,"903":0,"904":12,"905":0,"906":0,"907":0,"908":12,"909":0,"910":0,"911":0,"912":12,"913":0,"914":0,"915":0,"916":12,"917":0,"918":0,"919":0,"920":12,"921":0,"922":0,"923":0,"924":12,"925":0,"926":0,"927":0,"928":12,"929":0,"930":0,"931":0,"932":12,"933":0,"934":0,"935":0,"936":12,"937":0,"938":0,"939":0,"940":12,"941":0,"942":0,"943":0,"944":12,"945":0,"946":0,"947":0,"948":12,"949":0,"950":0,"951":0,"952":12,"953":0,"954":0,"955":0,"956":12,"957":0,"958":0,"959":0,"960":12,"961":0,"962":0,"963":0,"964":12,"965":0,"966":0,"967":0,"968":12,"969":0,"970":0,"971":0,"972":12,"973":0,"974":0,"975":0,"976":12,"977":0,"978":0,"979":0,"980":12,"981":0,"982":0,"983":0,"984":12,"985":0,"986":0,"987":0,"988":12,"989":0,"990":0,"991":0,"992":12,"993":0,"994":0,"995":0,"996":12,"997":0,"998":0,"999":0,"1000":12,"1001":0,"1002":0,"1003":0,"1004":12,"1005":0,"1006":0,"1007":0,"1008":12,"1009":0,"1010":0,"1011":0,"1012":12,"1013":0,"1014":0,"1015":0,"1016":12,"1017":0,"1018":0,"1019":0,"1020":12,"1021":0,"1022":0,"1023":0,"1024":12,"1025":0,"1026":0,"1027":0,"1028":12,"1029":0,"1030":0,"1031":0,"1032":12,"1033":0,"1034":0,"1035":0,"1036":12,"1037":0,"1038":0,"1039":0,"1040":12,"1041":0,"1042":0,"1043":0,"1044":12,"1045":0,"1046":0,"1047":0,"1048":12,"1049":0,"1050":0,"1051":0,"1052":12,"1053":0,"1054":0,"1055":0,"1056":12,"1057":0,"1058":0,"1059":0,"1060":12,"1061":0,"1062":0,"1063":0,"1064":12,"1065":0,"1066":0,"1067":0,"1068":12,"1069":0,"1070":0,"1071":0,"1072":12,"1073":0,"1074":0,"1075":0,"1076":12,"1077":0,"1078":0,"1079":0,"1080":12,"1081":0,"1082":0,"1083":0,"1084":12,"1085":0,"1086":0,"1087":0,"1088":12,"1089":0,"1090":0,"1091":0,"1092":12,"1093":0,"1094":0,"1095":0,"1096":12,"1097":0,"1098":0,"1099":0,"1100":12},"f":{"0":2,"1":2,"2":2,"3":2,"4":2,"5":2,"6":2,"7":2,"8":2,"9":2,"10":2,"11":2,"12":0,"13":0,"14":0,"15":0,"16":0,"17":0,"18":0,"19":0,"20":0,"21":0,"22":0,"23":0,"24":0,"25":0,"26":0,"27":0,"28":0,"29":0,"30":0,"31":0,"32":0,"33":0,"34":0,"35":0,"36":0,"37":0,"38":0,"39":0,"40":0,"41":0,"42":0,"43":0,"44":0,"45":0,"46":0,"47":0,"48":0,"49":0,"50":0,"51":0,"52":0,"53":0,"54":0,"55":0,"56":0,"57":0,"58":0,"59":0,"60":0,"61":0,"62":0,"63":0,"64":0,"65":0,"66":0,"67":0,"68":0,"69":0,"70":0,"71":0,"72":0,"73":0,"74":0,"75":0,"76":0,"77":0,"78":0,"79":0,"80":0,"81":0,"82":0,"83":0,"84":0,"85":0,"86":0,"87":0,"88":0,"89":0,"90":0,"91":0,"92":0,"93":0,"94":0,"95":0,"96":0,"97":0,"98":0,"99":0,"100":0,"101":0,"102":0,"103":0,"104":0,"105":0,"106":0,"107":0,"108":0,"109":0,"110":0,"111":0,"112":0,"113":0,"114":0,"115":0,"116":0,"117":0,"118":0,"119":0,"120":0,"121":0,"122":0,"123":0,"124":0,"125":0,"126":0,"127":0,"128":0,"129":0,"130":0,"131":0,"132":0,"133":0,"134":0,"135":0,"136":0,"137":0,"138":0,"139":0,"140":0,"141":0,"142":0,"143":0,"144":0,"145":0,"146":0,"147":0,"148":0,"149":0,"150":0,"151":0,"152":0,"153":0,"154":0,"155":0,"156":0,"157":0,"158":0,"159":0,"160":0,"161":0,"162":0,"163":0,"164":0,"165":0,"166":0,"167":0,"168":0,"169":0,"170":0,"171":0,"172":0,"173":0,"174":0,"175":0,"176":0,"177":0,"178":0,"179":0,"180":0,"181":0,"182":0,"183":0,"184":0,"185":0,"186":0,"187":0,"188":0,"189":0,"190":0,"191":0,"192":0,"193":0,"194":0,"195":0,"196":0,"197":0,"198":0,"199":0,"200":0,"201":0,"202":0,"203":0,"204":0,"205":0,"206":0,"207":0,"208":0,"209":0,"210":0,"211":0,"212":0,"213":0,"214":0,"215":0,"216":0,"217":0,"218":0,"219":0,"220":0,"221":0,"222":0,"223":0,"224":0,"225":0,"226":0,"227":0,"228":0,"229":0,"230":0,"231":0,"232":0,"233":0,"234":0,"235":0,"236":0,"237":0,"238":0,"239":0,"240":0,"241":0,"242":0,"243":0,"244":0,"245":0,"246":0,"247":0,"248":0,"249":0,"250":0,"251":0,"252":0,"253":0,"254":0,"255":0,"256":0,"257":0,"258":0,"259":0,"260":0,"261":0,"262":0,"263":0,"264":0,"265":0,"266":0,"267":0,"268":0,"269":0,"270":0,"271":0,"272":0,"273":0,"274":0},"b":{}}
,"/Users/kc/Desktop/Code/node-osquery/src/runOSQuery.ts": {"path":"/Users/kc/Desktop/Code/node-osquery/src/runOSQuery.ts","statementMap":{"0":{"start":{"line":1,"column":0},"end":{"line":1,"column":37}},"1":{"start":{"line":2,"column":0},"end":{"line":2,"column":25}},"2":{"start":{"line":4,"column":0},"end":{"line":4,"column":null}},"3":{"start":{"line":5,"column":2},"end":{"line":5,"column":null}},"4":{"start":{"line":6,"column":2},"end":{"line":6,"column":null}},"5":{"start":{"line":7,"column":2},"end":{"line":7,"column":null}},"6":{"start":{"line":17,"column":2},"end":{"line":37,"column":5}},"7":{"start":{"line":18,"column":26},"end":{"line":18,"column":49}},"8":{"start":{"line":20,"column":4},"end":{"line":23,"column":null}},"9":{"start":{"line":21,"column":6},"end":{"line":21,"column":63}},"10":{"start":{"line":22,"column":6},"end":{"line":22,"column":13}},"11":{"start":{"line":25,"column":4},"end":{"line":36,"column":6}},"12":{"start":{"line":28,"column":8},"end":{"line":34,"column":null}},"13":{"start":{"line":29,"column":10},"end":{"line":29,"column":54}},"14":{"start":{"line":30,"column":15},"end":{"line":34,"column":null}},"15":{"start":{"line":31,"column":10},"end":{"line":31,"column":45}},"16":{"start":{"line":33,"column":10},"end":{"line":33,"column":26}},"17":{"start":{"line":16,"column":0},"end":{"line":16,"column":16}}},"fnMap":{"0":{"name":"(anonymous_6)","decl":{"start":{"line":4,"column":0},"end":{"line":4,"column":12}},"loc":{"start":{"line":4,"column":18},"end":{"line":8,"column":1}}},"1":{"name":"runOsquery","decl":{"start":{"line":16,"column":16},"end":{"line":16,"column":26}},"loc":{"start":{"line":16,"column":59},"end":{"line":38,"column":1}}},"2":{"name":"(anonymous_8)","decl":{"start":{"line":17,"column":21},"end":{"line":17,"column":22}},"loc":{"start":{"line":17,"column":41},"end":{"line":37,"column":3}}},"3":{"name":"(anonymous_9)","decl":{"start":{"line":27,"column":6},"end":{"line":27,"column":7}},"loc":{"start":{"line":27,"column":62},"end":{"line":35,"column":7}}}},"branchMap":{"0":{"loc":{"start":{"line":4,"column":12},"end":{"line":4,"column":null}},"type":"binary-expr","locations":[{"start":{"line":4,"column":12},"end":{"line":4,"column":18}},{"start":{"line":4,"column":18},"end":{"line":4,"column":null}}]},"1":{"loc":{"start":{"line":20,"column":4},"end":{"line":23,"column":null}},"type":"if","locations":[{"start":{"line":20,"column":4},"end":{"line":23,"column":null}}]},"2":{"loc":{"start":{"line":28,"column":8},"end":{"line":34,"column":null}},"type":"if","locations":[{"start":{"line":28,"column":8},"end":{"line":34,"column":null}},{"start":{"line":30,"column":15},"end":{"line":34,"column":null}}]},"3":{"loc":{"start":{"line":30,"column":15},"end":{"line":34,"column":null}},"type":"if","locations":[{"start":{"line":30,"column":15},"end":{"line":34,"column":null}},{"start":{"line":32,"column":15},"end":{"line":34,"column":null}}]}},"s":{"0":1,"1":1,"2":1,"3":1,"4":1,"5":1,"6":2,"7":2,"8":2,"9":1,"10":1,"11":1,"12":0,"13":0,"14":0,"15":0,"16":0,"17":1},"f":{"0":1,"1":2,"2":2,"3":0},"b":{"0":[1,1],"1":[1],"2":[0,0],"3":[0,0]}}
}
