TN:
SF:src/getters.ts
FN:286,getArpCache
FN:301,getAtomPackages
FN:316,getAzureInstanceMetadata
FN:333,getAzureInstanceTags
FN:348,getCarbonBlackInfo
FN:363,getCarves
FN:378,getCertificates
FN:393,getChromeExtensionContentScripts
FN:410,getChromeExtensions
FN:425,getCpuInfo
FN:440,getCpuid
FN:455,getCurl
FN:470,getCurlCertificate
FN:485,getEc2InstanceMetadata
FN:500,getEc2InstanceTags
FN:515,getEtcHosts
FN:530,getEtcProtocols
FN:545,getEtcServices
FN:560,getFile
FN:575,getFirefoxAddons
FN:590,getGroups
FN:605,getHash
FN:620,getInterfaceAddresses
FN:635,getInterfaceDetails
FN:650,getKernelInfo
FN:665,getListeningPorts
FN:680,getLoggedInUsers
FN:695,getMemoryDevices
FN:710,getNpmPackages
FN:725,getOsVersion
FN:740,getOsqueryEvents
FN:755,getOsqueryExtensions
FN:770,getOsqueryFlags
FN:785,getOsqueryInfo
FN:800,getOsqueryPacks
FN:815,getOsqueryRegistry
FN:830,getOsquerySchedule
FN:845,getPlatformInfo
FN:860,getProcessMemoryMap
FN:875,getProcessOpenSockets
FN:890,getProcesses
FN:905,getPythonPackages
FN:920,getRoutes
FN:935,getSecureBoot
FN:950,getSshConfigs
FN:965,getStartupItems
FN:980,getSystemInfo
FN:995,getTime
FN:1010,getUptime
FN:1025,getUserGroups
FN:1040,getUserSshKeys
FN:1055,getUsers
FN:1071,getYaraResults
FN:1086,getYaraEventResults
FN:1101,getYCloudInstanceMetadata
FN:1120,getAppCompatShims
FN:1134,getAuthenticode
FN:1148,getAutoexec
FN:1161,getBackgroundActivitiesModerator
FN:1178,getBitlockerInfo
FN:1191,getChassisInfo
FN:1204,getChocolateyPackages
FN:1217,getConnectivity
FN:1230,getDefaultEnvironment
FN:1243,getDiskInfo
FN:1256,getDnsCache
FN:1269,getDrivers
FN:1280,getHvciStatus
FN:1293,getIeExtensions
FN:1306,getKvaSpeculativeInfo
FN:1319,getLogicalDrives
FN:1332,getLogonSessions
FN:1345,getNTDomains
FN:1358,getNTFSACLPermissions
FN:1371,getNTFSJournalEvents
FN:1384,getOfficeMRU
FN:1397,getPatches
FN:1408,getPhysicalDiskPerformance
FN:1423,getPipes
FN:1435,getPowershellEvents
FN:1448,getPrefetchFiles
FN:1461,getProcessEtwEvents
FN:1474,getPrograms
FN:1487,getRegistry
FN:1500,getScheduledTasks
FN:1513,getSecurityProfileInfo
FN:1526,getServices
FN:1539,getSharedResources
FN:1552,getShellbags
FN:1565,getShimcache
FN:1578,getTpmInfo
FN:1591,getUserAssist
FN:1604,getVideoInfo
FN:1617,getWinBaseObj
FN:1630,getWindowsCrashes
FN:1643,getWindowsEventlog
FN:1656,getWindowsEvents
FN:1669,getWindowsFirewallRules
FN:1684,getWindowsOptionalFeatures
FN:1699,getWindowsSecurityCenter
FN:1714,getWindowsSecurityProducts
FN:1729,getWindowsUpdateHistory
FN:1744,getWmiBiosInfo
FN:1757,getWmiCliEventConsumers
FN:1772,getWmiEventFilters
FN:1785,getWmiFilterConsumerBinding
FN:1801,getWmiScriptEventConsumers
FN:1818,getIntelMeInfo
FN:1834,getAcpiTables
FN:1848,getAugeas
FN:1862,getAuthorizedKeys
FN:1876,getBlockDevices
FN:1890,getCpuTime
FN:1904,getCrontab
FN:1918,getDeviceFile
FN:1932,getDeviceHash
FN:1946,getDevicePartitions
FN:1960,getDiskEncryption
FN:1974,getDnsResolvers
FN:1988,getDockerContainerEnvs
FN:2002,getDockerContainerFsChanges
FN:2019,getDockerContainerLabels
FN:2035,getDockerContainerMounts
FN:2051,getDockerContainerNetworks
FN:2067,getDockerContainerPorts
FN:2083,getDockerContainerProcesses
FN:2100,getDockerContainerStats
FN:2116,getDockerContainers
FN:2130,getDockerImageHistory
FN:2144,getDockerImageLabels
FN:2158,getDockerImageLayers
FN:2172,getDockerImages
FN:2186,getDockerInfo
FN:2200,getDockerNetworkLabels
FN:2214,getDockerNetworks
FN:2228,getDockerVersion
FN:2242,getDockerVolumeLabels
FN:2256,getDockerVolumes
FN:2270,getExtendedAttributes
FN:2284,getFileEvents
FN:2298,getHardwareEvents
FN:2312,getInterfaceIpv6
FN:2326,getKnownHosts
FN:2340,getLast
FN:2354,getLoadAverage
FN:2368,getMagic
FN:2382,getMemoryArrayMappedAddresses
FN:2399,getMemoryArrays
FN:2413,getMemoryDeviceMappedAddresses
FN:2430,getMemoryErrorInfo
FN:2444,getMounts
FN:2458,getOemStrings
FN:2472,getPciDevices
FN:2486,getProcessEnvs
FN:2500,getProcessEvents
FN:2514,getProcessOpenFiles
FN:2528,getPrometheusMetrics
FN:2542,getShellHistory
FN:2556,getSmbiosTables
FN:2570,getSocketEvents
FN:2584,getSudoers
FN:2598,getSuidBin
FN:2612,getSystemControls
FN:2626,getUlimitInfo
FN:2640,getUsbDevices
FN:2654,getUserEvents
FN:2670,getApparmorEvents
FN:2683,getApparmorProfiles
FN:2696,getAptSources
FN:2707,getBpfProcessEvents
FN:2720,getBpfSocketEvents
FN:2733,getDebPackages
FN:2744,getIptables
FN:2755,getKernelKeys
FN:2766,getKernelModules
FN:2779,getLxdCertificates
FN:2792,getLxdCluster
FN:2803,getLxdClusterMembers
FN:2816,getLxdImages
FN:2827,getLxdInstanceConfig
FN:2840,getLxdInstanceDevices
FN:2853,getLxdInstances
FN:2866,getLxdNetworks
FN:2877,getLxdStoragePools
FN:2890,getMdDevices
FN:2901,getMdDrives
FN:2912,getMdPersonalities
FN:2925,getMemoryInfo
FN:2936,getMemoryMap
FN:2948,getMsr
FN:2959,getPortageKeywords
FN:2972,getPortagePackages
FN:2985,getPortageUse
FN:2996,getProcessFileEvents
FN:3009,getProcessNamespaces
FN:3022,getProcessOpenPipes
FN:3035,getRpmPackageFiles
FN:3048,getRpmPackages
FN:3059,getSeccompEvents
FN:3072,getSelinuxEvents
FN:3085,getSelinuxSettings
FN:3098,getShadow
FN:3109,getSharedMemory
FN:3122,getSyslogEvents
FN:3135,getSystemdUnits
FN:3148,getYumSources
FN:3161,getAccountPolicyData
FN:3174,getAdConfig
FN:3185,getAlfDetails
FN:3196,getAlfExceptions
FN:3209,getAlfExplicitAuths
FN:3222,getAppSchemes
FN:3233,getApps
FN:3244,getAsl
FN:3255,getAuthorizationMechanisms
FN:3270,getAuthorizations
FN:3283,getBatteryInfo
FN:3294,getBrowserPluginInfo
FN:3307,getCrashLogsInfo
FN:3318,getConfiguredPrinters
FN:3331,getCompletedPrintJobs
FN:3342,getFirmwareVersions
FN:3355,getDiskEvents
FN:3366,getEsProcessEvents
FN:3379,getEsProcessFileEvents
FN:3392,getEventTaps
FN:3403,getFanSpeedSensors
FN:3416,getGatekeeperInfo
FN:3427,getGatekeeperApprovedApps
FN:3442,getHomebrewPackages
FN:3455,getIBridgeInfo
FN:3468,getIOKitDeviceTree
FN:3481,getIOKitRegistry
FN:3494,getKernelExtensions
FN:3507,getKernelPanics
FN:3520,getKeychainAcls
FN:3533,getKeychainItems
FN:3546,getLaunchd
FN:3557,getLaunchdOverrides
FN:3570,getLocationServices
FN:3583,getManagedPolicies
FN:3597,getMdfindResults
FN:3612,getMdlsResults
FN:3625,getNfsSharesResults
FN:3636,getNvramResults
FN:3647,getPackageBomResults
FN:3658,getPackageInstallHistory
FN:3673,getPackageReceipts
FN:3686,getPasswordPolicies
FN:3700,getPlist
FN:3714,getPowerSensors
FN:3727,getPreferences
FN:3738,getQuickLookCache
FN:3751,getRunningApps
FN:3764,getSafariExtensions
FN:3777,getSandboxes
FN:3788,getScreenlock
FN:3799,getSharedFolders
FN:3812,getSharingPreferences
FN:3825,getSignature
FN:3836,getSipConfig
FN:3847,getSMCKeys
FN:3858,getSystemExtensions
FN:3871,getTemperatureSensors
FN:3884,getTimeMachineBackups
FN:3897,getTimeMachineDestinations
FN:3912,getUnifiedLog
FN:3923,getUserInteractionEvents
FN:3938,getVirtualMemoryInfo
FN:3951,getWifiNetworks
FN:3964,getWifiStatus
FN:3975,getWifiSurvey
FN:3986,getXProtectEntries
FN:3999,getXProtectMeta
FN:4012,getXProtectReports
FNF:275
FNH:12
FNDA:2,getArpCache
FNDA:2,getAtomPackages
FNDA:2,getAzureInstanceMetadata
FNDA:2,getAzureInstanceTags
FNDA:2,getCarbonBlackInfo
FNDA:2,getCarves
FNDA:2,getCertificates
FNDA:2,getChromeExtensionContentScripts
FNDA:2,getChromeExtensions
FNDA:2,getCpuInfo
FNDA:2,getCpuid
FNDA:2,getCurl
FNDA:0,getCurlCertificate
FNDA:0,getEc2InstanceMetadata
FNDA:0,getEc2InstanceTags
FNDA:0,getEtcHosts
FNDA:0,getEtcProtocols
FNDA:0,getEtcServices
FNDA:0,getFile
FNDA:0,getFirefoxAddons
FNDA:0,getGroups
FNDA:0,getHash
FNDA:0,getInterfaceAddresses
FNDA:0,getInterfaceDetails
FNDA:0,getKernelInfo
FNDA:0,getListeningPorts
FNDA:0,getLoggedInUsers
FNDA:0,getMemoryDevices
FNDA:0,getNpmPackages
FNDA:0,getOsVersion
FNDA:0,getOsqueryEvents
FNDA:0,getOsqueryExtensions
FNDA:0,getOsqueryFlags
FNDA:0,getOsqueryInfo
FNDA:0,getOsqueryPacks
FNDA:0,getOsqueryRegistry
FNDA:0,getOsquerySchedule
FNDA:0,getPlatformInfo
FNDA:0,getProcessMemoryMap
FNDA:0,getProcessOpenSockets
FNDA:0,getProcesses
FNDA:0,getPythonPackages
FNDA:0,getRoutes
FNDA:0,getSecureBoot
FNDA:0,getSshConfigs
FNDA:0,getStartupItems
FNDA:0,getSystemInfo
FNDA:0,getTime
FNDA:0,getUptime
FNDA:0,getUserGroups
FNDA:0,getUserSshKeys
FNDA:0,getUsers
FNDA:0,getYaraResults
FNDA:0,getYaraEventResults
FNDA:0,getYCloudInstanceMetadata
FNDA:0,getAppCompatShims
FNDA:0,getAuthenticode
FNDA:0,getAutoexec
FNDA:0,getBackgroundActivitiesModerator
FNDA:0,getBitlockerInfo
FNDA:0,getChassisInfo
FNDA:0,getChocolateyPackages
FNDA:0,getConnectivity
FNDA:0,getDefaultEnvironment
FNDA:0,getDiskInfo
FNDA:0,getDnsCache
FNDA:0,getDrivers
FNDA:0,getHvciStatus
FNDA:0,getIeExtensions
FNDA:0,getKvaSpeculativeInfo
FNDA:0,getLogicalDrives
FNDA:0,getLogonSessions
FNDA:0,getNTDomains
FNDA:0,getNTFSACLPermissions
FNDA:0,getNTFSJournalEvents
FNDA:0,getOfficeMRU
FNDA:0,getPatches
FNDA:0,getPhysicalDiskPerformance
FNDA:0,getPipes
FNDA:0,getPowershellEvents
FNDA:0,getPrefetchFiles
FNDA:0,getProcessEtwEvents
FNDA:0,getPrograms
FNDA:0,getRegistry
FNDA:0,getScheduledTasks
FNDA:0,getSecurityProfileInfo
FNDA:0,getServices
FNDA:0,getSharedResources
FNDA:0,getShellbags
FNDA:0,getShimcache
FNDA:0,getTpmInfo
FNDA:0,getUserAssist
FNDA:0,getVideoInfo
FNDA:0,getWinBaseObj
FNDA:0,getWindowsCrashes
FNDA:0,getWindowsEventlog
FNDA:0,getWindowsEvents
FNDA:0,getWindowsFirewallRules
FNDA:0,getWindowsOptionalFeatures
FNDA:0,getWindowsSecurityCenter
FNDA:0,getWindowsSecurityProducts
FNDA:0,getWindowsUpdateHistory
FNDA:0,getWmiBiosInfo
FNDA:0,getWmiCliEventConsumers
FNDA:0,getWmiEventFilters
FNDA:0,getWmiFilterConsumerBinding
FNDA:0,getWmiScriptEventConsumers
FNDA:0,getIntelMeInfo
FNDA:0,getAcpiTables
FNDA:0,getAugeas
FNDA:0,getAuthorizedKeys
FNDA:0,getBlockDevices
FNDA:0,getCpuTime
FNDA:0,getCrontab
FNDA:0,getDeviceFile
FNDA:0,getDeviceHash
FNDA:0,getDevicePartitions
FNDA:0,getDiskEncryption
FNDA:0,getDnsResolvers
FNDA:0,getDockerContainerEnvs
FNDA:0,getDockerContainerFsChanges
FNDA:0,getDockerContainerLabels
FNDA:0,getDockerContainerMounts
FNDA:0,getDockerContainerNetworks
FNDA:0,getDockerContainerPorts
FNDA:0,getDockerContainerProcesses
FNDA:0,getDockerContainerStats
FNDA:0,getDockerContainers
FNDA:0,getDockerImageHistory
FNDA:0,getDockerImageLabels
FNDA:0,getDockerImageLayers
FNDA:0,getDockerImages
FNDA:0,getDockerInfo
FNDA:0,getDockerNetworkLabels
FNDA:0,getDockerNetworks
FNDA:0,getDockerVersion
FNDA:0,getDockerVolumeLabels
FNDA:0,getDockerVolumes
FNDA:0,getExtendedAttributes
FNDA:0,getFileEvents
FNDA:0,getHardwareEvents
FNDA:0,getInterfaceIpv6
FNDA:0,getKnownHosts
FNDA:0,getLast
FNDA:0,getLoadAverage
FNDA:0,getMagic
FNDA:0,getMemoryArrayMappedAddresses
FNDA:0,getMemoryArrays
FNDA:0,getMemoryDeviceMappedAddresses
FNDA:0,getMemoryErrorInfo
FNDA:0,getMounts
FNDA:0,getOemStrings
FNDA:0,getPciDevices
FNDA:0,getProcessEnvs
FNDA:0,getProcessEvents
FNDA:0,getProcessOpenFiles
FNDA:0,getPrometheusMetrics
FNDA:0,getShellHistory
FNDA:0,getSmbiosTables
FNDA:0,getSocketEvents
FNDA:0,getSudoers
FNDA:0,getSuidBin
FNDA:0,getSystemControls
FNDA:0,getUlimitInfo
FNDA:0,getUsbDevices
FNDA:0,getUserEvents
FNDA:0,getApparmorEvents
FNDA:0,getApparmorProfiles
FNDA:0,getAptSources
FNDA:0,getBpfProcessEvents
FNDA:0,getBpfSocketEvents
FNDA:0,getDebPackages
FNDA:0,getIptables
FNDA:0,getKernelKeys
FNDA:0,getKernelModules
FNDA:0,getLxdCertificates
FNDA:0,getLxdCluster
FNDA:0,getLxdClusterMembers
FNDA:0,getLxdImages
FNDA:0,getLxdInstanceConfig
FNDA:0,getLxdInstanceDevices
FNDA:0,getLxdInstances
FNDA:0,getLxdNetworks
FNDA:0,getLxdStoragePools
FNDA:0,getMdDevices
FNDA:0,getMdDrives
FNDA:0,getMdPersonalities
FNDA:0,getMemoryInfo
FNDA:0,getMemoryMap
FNDA:0,getMsr
FNDA:0,getPortageKeywords
FNDA:0,getPortagePackages
FNDA:0,getPortageUse
FNDA:0,getProcessFileEvents
FNDA:0,getProcessNamespaces
FNDA:0,getProcessOpenPipes
FNDA:0,getRpmPackageFiles
FNDA:0,getRpmPackages
FNDA:0,getSeccompEvents
FNDA:0,getSelinuxEvents
FNDA:0,getSelinuxSettings
FNDA:0,getShadow
FNDA:0,getSharedMemory
FNDA:0,getSyslogEvents
FNDA:0,getSystemdUnits
FNDA:0,getYumSources
FNDA:0,getAccountPolicyData
FNDA:0,getAdConfig
FNDA:0,getAlfDetails
FNDA:0,getAlfExceptions
FNDA:0,getAlfExplicitAuths
FNDA:0,getAppSchemes
FNDA:0,getApps
FNDA:0,getAsl
FNDA:0,getAuthorizationMechanisms
FNDA:0,getAuthorizations
FNDA:0,getBatteryInfo
FNDA:0,getBrowserPluginInfo
FNDA:0,getCrashLogsInfo
FNDA:0,getConfiguredPrinters
FNDA:0,getCompletedPrintJobs
FNDA:0,getFirmwareVersions
FNDA:0,getDiskEvents
FNDA:0,getEsProcessEvents
FNDA:0,getEsProcessFileEvents
FNDA:0,getEventTaps
FNDA:0,getFanSpeedSensors
FNDA:0,getGatekeeperInfo
FNDA:0,getGatekeeperApprovedApps
FNDA:0,getHomebrewPackages
FNDA:0,getIBridgeInfo
FNDA:0,getIOKitDeviceTree
FNDA:0,getIOKitRegistry
FNDA:0,getKernelExtensions
FNDA:0,getKernelPanics
FNDA:0,getKeychainAcls
FNDA:0,getKeychainItems
FNDA:0,getLaunchd
FNDA:0,getLaunchdOverrides
FNDA:0,getLocationServices
FNDA:0,getManagedPolicies
FNDA:0,getMdfindResults
FNDA:0,getMdlsResults
FNDA:0,getNfsSharesResults
FNDA:0,getNvramResults
FNDA:0,getPackageBomResults
FNDA:0,getPackageInstallHistory
FNDA:0,getPackageReceipts
FNDA:0,getPasswordPolicies
FNDA:0,getPlist
FNDA:0,getPowerSensors
FNDA:0,getPreferences
FNDA:0,getQuickLookCache
FNDA:0,getRunningApps
FNDA:0,getSafariExtensions
FNDA:0,getSandboxes
FNDA:0,getScreenlock
FNDA:0,getSharedFolders
FNDA:0,getSharingPreferences
FNDA:0,getSignature
FNDA:0,getSipConfig
FNDA:0,getSMCKeys
FNDA:0,getSystemExtensions
FNDA:0,getTemperatureSensors
FNDA:0,getTimeMachineBackups
FNDA:0,getTimeMachineDestinations
FNDA:0,getUnifiedLog
FNDA:0,getUserInteractionEvents
FNDA:0,getVirtualMemoryInfo
FNDA:0,getWifiNetworks
FNDA:0,getWifiStatus
FNDA:0,getWifiSurvey
FNDA:0,getXProtectEntries
FNDA:0,getXProtectMeta
FNDA:0,getXProtectReports
DA:1,12
DA:286,12
DA:287,2
DA:292,1
DA:293,1
DA:301,12
DA:302,2
DA:307,1
DA:308,1
DA:316,12
DA:319,2
DA:324,1
DA:325,1
DA:333,12
DA:334,2
DA:339,1
DA:340,1
DA:348,12
DA:349,2
DA:354,1
DA:355,1
DA:363,12
DA:364,2
DA:369,1
DA:370,1
DA:378,12
DA:379,2
DA:384,1
DA:385,1
DA:393,12
DA:396,2
DA:401,1
DA:402,1
DA:410,12
DA:411,2
DA:416,1
DA:417,1
DA:425,12
DA:426,2
DA:431,1
DA:432,1
DA:440,12
DA:441,2
DA:446,1
DA:447,1
DA:455,12
DA:456,2
DA:461,1
DA:462,1
DA:470,12
DA:471,0
DA:476,0
DA:477,0
DA:485,12
DA:486,0
DA:491,0
DA:492,0
DA:500,12
DA:501,0
DA:506,0
DA:507,0
DA:515,12
DA:516,0
DA:521,0
DA:522,0
DA:530,12
DA:531,0
DA:536,0
DA:537,0
DA:545,12
DA:546,0
DA:551,0
DA:552,0
DA:560,12
DA:561,0
DA:566,0
DA:567,0
DA:575,12
DA:576,0
DA:581,0
DA:582,0
DA:590,12
DA:591,0
DA:596,0
DA:597,0
DA:605,12
DA:606,0
DA:611,0
DA:612,0
DA:620,12
DA:621,0
DA:626,0
DA:627,0
DA:635,12
DA:636,0
DA:641,0
DA:642,0
DA:650,12
DA:651,0
DA:656,0
DA:657,0
DA:665,12
DA:666,0
DA:671,0
DA:672,0
DA:680,12
DA:681,0
DA:686,0
DA:687,0
DA:695,12
DA:696,0
DA:701,0
DA:702,0
DA:710,12
DA:711,0
DA:716,0
DA:717,0
DA:725,12
DA:726,0
DA:731,0
DA:732,0
DA:740,12
DA:741,0
DA:746,0
DA:747,0
DA:755,12
DA:756,0
DA:761,0
DA:762,0
DA:770,12
DA:771,0
DA:776,0
DA:777,0
DA:785,12
DA:786,0
DA:791,0
DA:792,0
DA:800,12
DA:801,0
DA:806,0
DA:807,0
DA:815,12
DA:816,0
DA:821,0
DA:822,0
DA:830,12
DA:831,0
DA:836,0
DA:837,0
DA:845,12
DA:846,0
DA:851,0
DA:852,0
DA:860,12
DA:861,0
DA:866,0
DA:867,0
DA:875,12
DA:876,0
DA:881,0
DA:882,0
DA:890,12
DA:891,0
DA:896,0
DA:897,0
DA:905,12
DA:906,0
DA:911,0
DA:912,0
DA:920,12
DA:921,0
DA:926,0
DA:927,0
DA:935,12
DA:936,0
DA:941,0
DA:942,0
DA:950,12
DA:951,0
DA:956,0
DA:957,0
DA:965,12
DA:966,0
DA:971,0
DA:972,0
DA:980,12
DA:981,0
DA:986,0
DA:987,0
DA:995,12
DA:996,0
DA:1001,0
DA:1002,0
DA:1010,12
DA:1011,0
DA:1016,0
DA:1017,0
DA:1025,12
DA:1026,0
DA:1031,0
DA:1032,0
DA:1040,12
DA:1041,0
DA:1046,0
DA:1047,0
DA:1055,12
DA:1056,0
DA:1061,0
DA:1062,0
DA:1071,12
DA:1072,0
DA:1077,0
DA:1078,0
DA:1086,12
DA:1087,0
DA:1092,0
DA:1093,0
DA:1101,12
DA:1104,0
DA:1109,0
DA:1110,0
DA:1120,12
DA:1121,0
DA:1124,0
DA:1125,0
DA:1134,12
DA:1135,0
DA:1139,0
DA:1140,0
DA:1148,12
DA:1149,0
DA:1152,0
DA:1153,0
DA:1161,12
DA:1164,0
DA:1169,0
DA:1170,0
DA:1178,12
DA:1179,0
DA:1182,0
DA:1183,0
DA:1191,12
DA:1192,0
DA:1195,0
DA:1196,0
DA:1204,12
DA:1205,0
DA:1208,0
DA:1209,0
DA:1217,12
DA:1218,0
DA:1221,0
DA:1222,0
DA:1230,12
DA:1231,0
DA:1234,0
DA:1235,0
DA:1243,12
DA:1244,0
DA:1247,0
DA:1248,0
DA:1256,12
DA:1257,0
DA:1260,0
DA:1261,0
DA:1269,12
DA:1270,0
DA:1271,0
DA:1272,0
DA:1280,12
DA:1281,0
DA:1284,0
DA:1285,0
DA:1293,12
DA:1294,0
DA:1297,0
DA:1298,0
DA:1306,12
DA:1307,0
DA:1310,0
DA:1311,0
DA:1319,12
DA:1320,0
DA:1323,0
DA:1324,0
DA:1332,12
DA:1333,0
DA:1336,0
DA:1337,0
DA:1345,12
DA:1346,0
DA:1349,0
DA:1350,0
DA:1358,12
DA:1359,0
DA:1362,0
DA:1363,0
DA:1371,12
DA:1372,0
DA:1375,0
DA:1376,0
DA:1384,12
DA:1385,0
DA:1388,0
DA:1389,0
DA:1397,12
DA:1398,0
DA:1399,0
DA:1400,0
DA:1408,12
DA:1411,0
DA:1414,0
DA:1415,0
DA:1423,12
DA:1424,0
DA:1425,0
DA:1426,0
DA:1435,12
DA:1436,0
DA:1439,0
DA:1440,0
DA:1448,12
DA:1449,0
DA:1452,0
DA:1453,0
DA:1461,12
DA:1462,0
DA:1465,0
DA:1466,0
DA:1474,12
DA:1475,0
DA:1478,0
DA:1479,0
DA:1487,12
DA:1488,0
DA:1491,0
DA:1492,0
DA:1500,12
DA:1501,0
DA:1504,0
DA:1505,0
DA:1513,12
DA:1514,0
DA:1517,0
DA:1518,0
DA:1526,12
DA:1527,0
DA:1530,0
DA:1531,0
DA:1539,12
DA:1540,0
DA:1543,0
DA:1544,0
DA:1552,12
DA:1553,0
DA:1556,0
DA:1557,0
DA:1565,12
DA:1566,0
DA:1569,0
DA:1570,0
DA:1578,12
DA:1579,0
DA:1582,0
DA:1583,0
DA:1591,12
DA:1592,0
DA:1595,0
DA:1596,0
DA:1604,12
DA:1605,0
DA:1608,0
DA:1609,0
DA:1617,12
DA:1618,0
DA:1621,0
DA:1622,0
DA:1630,12
DA:1631,0
DA:1634,0
DA:1635,0
DA:1643,12
DA:1644,0
DA:1647,0
DA:1648,0
DA:1656,12
DA:1657,0
DA:1660,0
DA:1661,0
DA:1669,12
DA:1672,0
DA:1675,0
DA:1676,0
DA:1684,12
DA:1687,0
DA:1690,0
DA:1691,0
DA:1699,12
DA:1702,0
DA:1705,0
DA:1706,0
DA:1714,12
DA:1717,0
DA:1720,0
DA:1721,0
DA:1729,12
DA:1732,0
DA:1735,0
DA:1736,0
DA:1744,12
DA:1745,0
DA:1748,0
DA:1749,0
DA:1757,12
DA:1760,0
DA:1763,0
DA:1764,0
DA:1772,12
DA:1773,0
DA:1776,0
DA:1777,0
DA:1785,12
DA:1788,0
DA:1792,0
DA:1793,0
DA:1801,12
DA:1804,0
DA:1807,0
DA:1808,0
DA:1818,12
DA:1819,0
DA:1823,0
DA:1824,0
DA:1834,12
DA:1835,0
DA:1839,0
DA:1840,0
DA:1848,12
DA:1849,0
DA:1853,0
DA:1854,0
DA:1862,12
DA:1863,0
DA:1867,0
DA:1868,0
DA:1876,12
DA:1877,0
DA:1881,0
DA:1882,0
DA:1890,12
DA:1891,0
DA:1895,0
DA:1896,0
DA:1904,12
DA:1905,0
DA:1909,0
DA:1910,0
DA:1918,12
DA:1919,0
DA:1923,0
DA:1924,0
DA:1932,12
DA:1933,0
DA:1937,0
DA:1938,0
DA:1946,12
DA:1947,0
DA:1951,0
DA:1952,0
DA:1960,12
DA:1961,0
DA:1965,0
DA:1966,0
DA:1974,12
DA:1975,0
DA:1979,0
DA:1980,0
DA:1988,12
DA:1989,0
DA:1993,0
DA:1994,0
DA:2002,12
DA:2005,0
DA:2010,0
DA:2011,0
DA:2019,12
DA:2022,0
DA:2026,0
DA:2027,0
DA:2035,12
DA:2038,0
DA:2042,0
DA:2043,0
DA:2051,12
DA:2054,0
DA:2058,0
DA:2059,0
DA:2067,12
DA:2070,0
DA:2074,0
DA:2075,0
DA:2083,12
DA:2086,0
DA:2091,0
DA:2092,0
DA:2100,12
DA:2103,0
DA:2107,0
DA:2108,0
DA:2116,12
DA:2117,0
DA:2121,0
DA:2122,0
DA:2130,12
DA:2131,0
DA:2135,0
DA:2136,0
DA:2144,12
DA:2145,0
DA:2149,0
DA:2150,0
DA:2158,12
DA:2159,0
DA:2163,0
DA:2164,0
DA:2172,12
DA:2173,0
DA:2177,0
DA:2178,0
DA:2186,12
DA:2187,0
DA:2191,0
DA:2192,0
DA:2200,12
DA:2201,0
DA:2205,0
DA:2206,0
DA:2214,12
DA:2215,0
DA:2219,0
DA:2220,0
DA:2228,12
DA:2229,0
DA:2233,0
DA:2234,0
DA:2242,12
DA:2243,0
DA:2247,0
DA:2248,0
DA:2256,12
DA:2257,0
DA:2261,0
DA:2262,0
DA:2270,12
DA:2271,0
DA:2275,0
DA:2276,0
DA:2284,12
DA:2285,0
DA:2289,0
DA:2290,0
DA:2298,12
DA:2299,0
DA:2303,0
DA:2304,0
DA:2312,12
DA:2313,0
DA:2317,0
DA:2318,0
DA:2326,12
DA:2327,0
DA:2331,0
DA:2332,0
DA:2340,12
DA:2341,0
DA:2345,0
DA:2346,0
DA:2354,12
DA:2355,0
DA:2359,0
DA:2360,0
DA:2368,12
DA:2369,0
DA:2373,0
DA:2374,0
DA:2382,12
DA:2385,0
DA:2390,0
DA:2391,0
DA:2399,12
DA:2400,0
DA:2404,0
DA:2405,0
DA:2413,12
DA:2416,0
DA:2421,0
DA:2422,0
DA:2430,12
DA:2431,0
DA:2435,0
DA:2436,0
DA:2444,12
DA:2445,0
DA:2449,0
DA:2450,0
DA:2458,12
DA:2459,0
DA:2463,0
DA:2464,0
DA:2472,12
DA:2473,0
DA:2477,0
DA:2478,0
DA:2486,12
DA:2487,0
DA:2491,0
DA:2492,0
DA:2500,12
DA:2501,0
DA:2505,0
DA:2506,0
DA:2514,12
DA:2515,0
DA:2519,0
DA:2520,0
DA:2528,12
DA:2529,0
DA:2533,0
DA:2534,0
DA:2542,12
DA:2543,0
DA:2547,0
DA:2548,0
DA:2556,12
DA:2557,0
DA:2561,0
DA:2562,0
DA:2570,12
DA:2571,0
DA:2575,0
DA:2576,0
DA:2584,12
DA:2585,0
DA:2589,0
DA:2590,0
DA:2598,12
DA:2599,0
DA:2603,0
DA:2604,0
DA:2612,12
DA:2613,0
DA:2617,0
DA:2618,0
DA:2626,12
DA:2627,0
DA:2631,0
DA:2632,0
DA:2640,12
DA:2641,0
DA:2645,0
DA:2646,0
DA:2654,12
DA:2655,0
DA:2659,0
DA:2660,0
DA:2670,12
DA:2671,0
DA:2674,0
DA:2675,0
DA:2683,12
DA:2684,0
DA:2687,0
DA:2688,0
DA:2696,12
DA:2697,0
DA:2698,0
DA:2699,0
DA:2707,12
DA:2708,0
DA:2711,0
DA:2712,0
DA:2720,12
DA:2721,0
DA:2724,0
DA:2725,0
DA:2733,12
DA:2734,0
DA:2735,0
DA:2736,0
DA:2744,12
DA:2745,0
DA:2746,0
DA:2747,0
DA:2755,12
DA:2756,0
DA:2757,0
DA:2758,0
DA:2766,12
DA:2767,0
DA:2770,0
DA:2771,0
DA:2779,12
DA:2780,0
DA:2783,0
DA:2784,0
DA:2792,12
DA:2793,0
DA:2794,0
DA:2795,0
DA:2803,12
DA:2804,0
DA:2807,0
DA:2808,0
DA:2816,12
DA:2817,0
DA:2818,0
DA:2819,0
DA:2827,12
DA:2828,0
DA:2831,0
DA:2832,0
DA:2840,12
DA:2841,0
DA:2844,0
DA:2845,0
DA:2853,12
DA:2854,0
DA:2857,0
DA:2858,0
DA:2866,12
DA:2867,0
DA:2868,0
DA:2869,0
DA:2877,12
DA:2878,0
DA:2881,0
DA:2882,0
DA:2890,12
DA:2891,0
DA:2892,0
DA:2893,0
DA:2901,12
DA:2902,0
DA:2903,0
DA:2904,0
DA:2912,12
DA:2913,0
DA:2916,0
DA:2917,0
DA:2925,12
DA:2926,0
DA:2927,0
DA:2928,0
DA:2936,12
DA:2937,0
DA:2938,0
DA:2939,0
DA:2948,12
DA:2949,0
DA:2950,0
DA:2951,0
DA:2959,12
DA:2960,0
DA:2963,0
DA:2964,0
DA:2972,12
DA:2973,0
DA:2976,0
DA:2977,0
DA:2985,12
DA:2986,0
DA:2987,0
DA:2988,0
DA:2996,12
DA:2997,0
DA:3000,0
DA:3001,0
DA:3009,12
DA:3010,0
DA:3013,0
DA:3014,0
DA:3022,12
DA:3023,0
DA:3026,0
DA:3027,0
DA:3035,12
DA:3036,0
DA:3039,0
DA:3040,0
DA:3048,12
DA:3049,0
DA:3050,0
DA:3051,0
DA:3059,12
DA:3060,0
DA:3063,0
DA:3064,0
DA:3072,12
DA:3073,0
DA:3076,0
DA:3077,0
DA:3085,12
DA:3086,0
DA:3089,0
DA:3090,0
DA:3098,12
DA:3099,0
DA:3100,0
DA:3101,0
DA:3109,12
DA:3110,0
DA:3113,0
DA:3114,0
DA:3122,12
DA:3123,0
DA:3126,0
DA:3127,0
DA:3135,12
DA:3136,0
DA:3139,0
DA:3140,0
DA:3148,12
DA:3149,0
DA:3150,0
DA:3151,0
DA:3161,12
DA:3162,0
DA:3165,0
DA:3166,0
DA:3174,12
DA:3175,0
DA:3176,0
DA:3177,0
DA:3185,12
DA:3186,0
DA:3187,0
DA:3188,0
DA:3196,12
DA:3197,0
DA:3200,0
DA:3201,0
DA:3209,12
DA:3210,0
DA:3213,0
DA:3214,0
DA:3222,12
DA:3223,0
DA:3224,0
DA:3225,0
DA:3233,12
DA:3234,0
DA:3235,0
DA:3236,0
DA:3244,12
DA:3245,0
DA:3246,0
DA:3247,0
DA:3255,12
DA:3258,0
DA:3261,0
DA:3262,0
DA:3270,12
DA:3271,0
DA:3274,0
DA:3275,0
DA:3283,12
DA:3284,0
DA:3285,0
DA:3286,0
DA:3294,12
DA:3295,0
DA:3298,0
DA:3299,0
DA:3307,12
DA:3308,0
DA:3309,0
DA:3310,0
DA:3318,12
DA:3319,0
DA:3322,0
DA:3323,0
DA:3331,12
DA:3332,0
DA:3333,0
DA:3334,0
DA:3342,12
DA:3343,0
DA:3346,0
DA:3347,0
DA:3355,12
DA:3356,0
DA:3357,0
DA:3358,0
DA:3366,12
DA:3367,0
DA:3370,0
DA:3371,0
DA:3379,12
DA:3380,0
DA:3383,0
DA:3384,0
DA:3392,12
DA:3393,0
DA:3394,0
DA:3395,0
DA:3403,12
DA:3404,0
DA:3407,0
DA:3408,0
DA:3416,12
DA:3417,0
DA:3418,0
DA:3419,0
DA:3427,12
DA:3430,0
DA:3433,0
DA:3434,0
DA:3442,12
DA:3443,0
DA:3446,0
DA:3447,0
DA:3455,12
DA:3456,0
DA:3459,0
DA:3460,0
DA:3468,12
DA:3469,0
DA:3472,0
DA:3473,0
DA:3481,12
DA:3482,0
DA:3485,0
DA:3486,0
DA:3494,12
DA:3495,0
DA:3498,0
DA:3499,0
DA:3507,12
DA:3508,0
DA:3511,0
DA:3512,0
DA:3520,12
DA:3521,0
DA:3524,0
DA:3525,0
DA:3533,12
DA:3534,0
DA:3537,0
DA:3538,0
DA:3546,12
DA:3547,0
DA:3548,0
DA:3549,0
DA:3557,12
DA:3558,0
DA:3561,0
DA:3562,0
DA:3570,12
DA:3571,0
DA:3574,0
DA:3575,0
DA:3583,12
DA:3584,0
DA:3587,0
DA:3588,0
DA:3597,12
DA:3598,0
DA:3602,0
DA:3603,0
DA:3612,12
DA:3613,0
DA:3616,0
DA:3617,0
DA:3625,12
DA:3626,0
DA:3627,0
DA:3628,0
DA:3636,12
DA:3637,0
DA:3638,0
DA:3639,0
DA:3647,12
DA:3648,0
DA:3649,0
DA:3650,0
DA:3658,12
DA:3661,0
DA:3664,0
DA:3665,0
DA:3673,12
DA:3674,0
DA:3677,0
DA:3678,0
DA:3686,12
DA:3687,0
DA:3690,0
DA:3691,0
DA:3700,12
DA:3701,0
DA:3705,0
DA:3706,0
DA:3714,12
DA:3715,0
DA:3718,0
DA:3719,0
DA:3727,12
DA:3728,0
DA:3729,0
DA:3730,0
DA:3738,12
DA:3739,0
DA:3742,0
DA:3743,0
DA:3751,12
DA:3752,0
DA:3755,0
DA:3756,0
DA:3764,12
DA:3765,0
DA:3768,0
DA:3769,0
DA:3777,12
DA:3778,0
DA:3779,0
DA:3780,0
DA:3788,12
DA:3789,0
DA:3790,0
DA:3791,0
DA:3799,12
DA:3800,0
DA:3803,0
DA:3804,0
DA:3812,12
DA:3813,0
DA:3816,0
DA:3817,0
DA:3825,12
DA:3826,0
DA:3827,0
DA:3828,0
DA:3836,12
DA:3837,0
DA:3838,0
DA:3839,0
DA:3847,12
DA:3848,0
DA:3849,0
DA:3850,0
DA:3858,12
DA:3859,0
DA:3862,0
DA:3863,0
DA:3871,12
DA:3872,0
DA:3875,0
DA:3876,0
DA:3884,12
DA:3885,0
DA:3888,0
DA:3889,0
DA:3897,12
DA:3900,0
DA:3903,0
DA:3904,0
DA:3912,12
DA:3913,0
DA:3914,0
DA:3915,0
DA:3923,12
DA:3926,0
DA:3929,0
DA:3930,0
DA:3938,12
DA:3939,0
DA:3942,0
DA:3943,0
DA:3951,12
DA:3952,0
DA:3955,0
DA:3956,0
DA:3964,12
DA:3965,0
DA:3966,0
DA:3967,0
DA:3975,12
DA:3976,0
DA:3977,0
DA:3978,0
DA:3986,12
DA:3987,0
DA:3990,0
DA:3991,0
DA:3999,12
DA:4000,0
DA:4003,0
DA:4004,0
DA:4012,12
DA:4013,0
DA:4016,0
DA:4017,0
LF:1101
LH:312
BRF:0
BRH:0
end_of_record
TN:
SF:src/runOSQuery.ts
FN:4,(anonymous_6)
FN:16,runOsquery
FN:17,(anonymous_8)
FN:27,(anonymous_9)
FNF:4
FNH:3
FNDA:1,(anonymous_6)
FNDA:2,runOsquery
FNDA:2,(anonymous_8)
FNDA:0,(anonymous_9)
DA:1,1
DA:2,1
DA:4,1
DA:5,1
DA:6,1
DA:7,1
DA:16,1
DA:17,2
DA:18,2
DA:20,2
DA:21,1
DA:22,1
DA:25,1
DA:28,0
DA:29,0
DA:30,0
DA:31,0
DA:33,0
LF:18
LH:13
BRDA:4,0,0,1
BRDA:4,0,1,1
BRDA:20,1,0,1
BRDA:28,2,0,0
BRDA:28,2,1,0
BRDA:30,3,0,0
BRDA:30,3,1,0
BRF:7
BRH:3
end_of_record
